26-Jun-2021 12:20:51.379 INFO [main] org.apache.openejb.persistence.PersistenceBootstrap.getDefaultProvider Default JPA Provider changed to org.eclipse.persistence.jpa.PersistenceProvider specified by jar:file:/C:/Users/karen.reyes/Documents/Diplomado/Modulo%202/apache-tomee-7.1.4-plume/apache-tomee-plume-7.1.4/lib/openejb-core-eclipselink-7.1.4.jar!/META-INF/org.apache.openejb.persistence.PersistenceBootstrap.provider
26-Jun-2021 12:20:51.830 INFO [main] jdk.internal.reflect.NativeMethodAccessorImpl.invoke Server version name:   Apache Tomcat (TomEE)/8.5.57 (7.1.4)
26-Jun-2021 12:20:51.830 INFO [main] jdk.internal.reflect.NativeMethodAccessorImpl.invoke Server built:          Jun 30 2020 21:49:10 UTC
26-Jun-2021 12:20:51.830 INFO [main] jdk.internal.reflect.NativeMethodAccessorImpl.invoke Server version number: 8.5.57.0
26-Jun-2021 12:20:51.830 INFO [main] jdk.internal.reflect.NativeMethodAccessorImpl.invoke OS Name:               Windows 10
26-Jun-2021 12:20:51.830 INFO [main] jdk.internal.reflect.NativeMethodAccessorImpl.invoke OS Version:            10.0
26-Jun-2021 12:20:51.830 INFO [main] jdk.internal.reflect.NativeMethodAccessorImpl.invoke Architecture:          amd64
26-Jun-2021 12:20:51.830 INFO [main] jdk.internal.reflect.NativeMethodAccessorImpl.invoke Java Home:             C:\Program Files\Java\jdk-11.0.6
26-Jun-2021 12:20:51.830 INFO [main] jdk.internal.reflect.NativeMethodAccessorImpl.invoke JVM Version:           11.0.6+8-LTS
26-Jun-2021 12:20:51.830 INFO [main] jdk.internal.reflect.NativeMethodAccessorImpl.invoke JVM Vendor:            Oracle Corporation
26-Jun-2021 12:20:51.830 INFO [main] jdk.internal.reflect.NativeMethodAccessorImpl.invoke CATALINA_BASE:         C:\Users\karen.reyes\Documents\Diplomado\Modulo 2\apache-tomee-7.1.4-plume\apache-tomee-plume-7.1.4
26-Jun-2021 12:20:51.834 INFO [main] jdk.internal.reflect.NativeMethodAccessorImpl.invoke CATALINA_HOME:         C:\Users\karen.reyes\Documents\Diplomado\Modulo 2\apache-tomee-7.1.4-plume\apache-tomee-plume-7.1.4
26-Jun-2021 12:20:51.834 INFO [main] jdk.internal.reflect.NativeMethodAccessorImpl.invoke Command line argument: --add-opens=java.base/java.lang=ALL-UNNAMED
26-Jun-2021 12:20:51.834 INFO [main] jdk.internal.reflect.NativeMethodAccessorImpl.invoke Command line argument: --add-opens=java.base/java.io=ALL-UNNAMED
26-Jun-2021 12:20:51.834 INFO [main] jdk.internal.reflect.NativeMethodAccessorImpl.invoke Command line argument: --add-opens=java.rmi/sun.rmi.transport=ALL-UNNAMED
26-Jun-2021 12:20:51.834 INFO [main] jdk.internal.reflect.NativeMethodAccessorImpl.invoke Command line argument: -Djava.util.logging.config.file=C:\Users\karen.reyes\Documents\Diplomado\Modulo 2\apache-tomee-7.1.4-plume\apache-tomee-plume-7.1.4\conf\logging.properties
26-Jun-2021 12:20:51.834 INFO [main] jdk.internal.reflect.NativeMethodAccessorImpl.invoke Command line argument: -Djava.util.logging.manager=org.apache.juli.ClassLoaderLogManager
26-Jun-2021 12:20:51.834 INFO [main] jdk.internal.reflect.DelegatingMethodAccessorImpl.invoke Command line argument: -javaagent:C:\Users\karen.reyes\Documents\Diplomado\Modulo 2\apache-tomee-7.1.4-plume\apache-tomee-plume-7.1.4\lib\openejb-javaagent.jar
26-Jun-2021 12:20:51.834 INFO [main] jdk.internal.reflect.DelegatingMethodAccessorImpl.invoke Command line argument: -Djdk.tls.ephemeralDHKeySize=2048
26-Jun-2021 12:20:51.834 INFO [main] jdk.internal.reflect.DelegatingMethodAccessorImpl.invoke Command line argument: -Djava.protocol.handler.pkgs=org.apache.catalina.webresources
26-Jun-2021 12:20:51.834 INFO [main] jdk.internal.reflect.DelegatingMethodAccessorImpl.invoke Command line argument: -Dignore.endorsed.dirs=
26-Jun-2021 12:20:51.834 INFO [main] jdk.internal.reflect.DelegatingMethodAccessorImpl.invoke Command line argument: -Dcatalina.base=C:\Users\karen.reyes\Documents\Diplomado\Modulo 2\apache-tomee-7.1.4-plume\apache-tomee-plume-7.1.4
26-Jun-2021 12:20:51.834 INFO [main] jdk.internal.reflect.DelegatingMethodAccessorImpl.invoke Command line argument: -Dcatalina.home=C:\Users\karen.reyes\Documents\Diplomado\Modulo 2\apache-tomee-7.1.4-plume\apache-tomee-plume-7.1.4
26-Jun-2021 12:20:51.834 INFO [main] jdk.internal.reflect.DelegatingMethodAccessorImpl.invoke Command line argument: -Djava.io.tmpdir=C:\Users\karen.reyes\Documents\Diplomado\Modulo 2\apache-tomee-7.1.4-plume\apache-tomee-plume-7.1.4\temp
26-Jun-2021 12:20:51.834 INFO [main] jdk.internal.reflect.DelegatingMethodAccessorImpl.invoke The Apache Tomcat Native library which allows using OpenSSL was not found on the java.library.path: [C:\Program Files\Java\jdk-11.0.6\bin;C:\Windows\Sun\Java\bin;C:\Windows\system32;C:\Windows;C:\Program Files (x86)\Common Files\Oracle\Java\javapath;C:\Windows\system32;C:\Windows;C:\Windows\System32\Wbem;C:\Windows\System32\WindowsPowerShell\v1.0\;C:\Windows\System32\OpenSSH\;C:\Program Files (x86)\Microsoft SQL Server\150\DTS\Binn\;C:\Program Files\Azure Data Studio\bin;C:\Program Files\Microsoft SQL Server\Client SDK\ODBC\170\Tools\Binn\;C:\Program Files (x86)\Microsoft SQL Server\150\Tools\Binn\;C:\Program Files\Microsoft SQL Server\150\Tools\Binn\;C:\Program Files\Microsoft SQL Server\150\DTS\Binn\;C:\Strawberry\c\bin;C:\Strawberry\perl\site\bin;C:\Strawberry\perl\bin;C:\Program Files\Microsoft SQL Server\Client SDK\ODBC\110\Tools\Binn\;C:\Program Files (x86)\Microsoft SQL Server\120\Tools\Binn\;C:\Program Files\Microsoft SQL Server\120\Tools\Binn\;C:\Program Files\Microsoft SQL Server\120\DTS\Binn\;C:\Program Files\Microsoft SQL Server\Client SDK\ODBC\130\Tools\Binn\;C:\Program Files (x86)\Microsoft SQL Server\130\Tools\Binn\;C:\Program Files\Microsoft SQL Server\130\Tools\Binn\;C:\Program Files\Microsoft SQL Server\130\DTS\Binn\;C:\Program Files (x86)\Microsoft SQL Server\140\Tools\Binn\;C:\Program Files\Microsoft SQL Server\140\Tools\Binn\;C:\Program Files\Microsoft SQL Server\140\DTS\Binn\;C:\Program Files\PuTTY\;c:\Program Files (x86)\Microsoft SQL Server\90\Tools\binn\;C:\ant\bin;C:\Program Files\dotnet\;C:\Program Files\Git\cmd;C:\Users\karen.reyes\AppData\Local\Microsoft\WindowsApps;C:\Program Files\Azure Data Studio\bin;C:\Users\karen.reyes\AppData\Local\Programs\MiKTeX\miktex\bin\x64\;C:\Users\karen.reyes\.dotnet\tools;.]
26-Jun-2021 12:20:51.964 INFO [main] jdk.internal.reflect.DelegatingMethodAccessorImpl.invoke Initializing ProtocolHandler ["http-nio-8080"]
26-Jun-2021 12:20:52.345 INFO [main] jdk.internal.reflect.DelegatingMethodAccessorImpl.invoke Using a shared selector for servlet write/read
26-Jun-2021 12:20:52.605 INFO [main] org.apache.openejb.util.OptionsLog.info Using 'openejb.jdbc.datasource-creator=org.apache.tomee.jdbc.TomEEDataSourceCreator'
26-Jun-2021 12:20:52.686 INFO [main] org.apache.openejb.OpenEJB$Instance.<init> ********************************************************************************
26-Jun-2021 12:20:52.686 INFO [main] org.apache.openejb.OpenEJB$Instance.<init> OpenEJB http://tomee.apache.org/
26-Jun-2021 12:20:52.686 INFO [main] org.apache.openejb.OpenEJB$Instance.<init> Startup: Sat Jun 26 12:20:52 CDT 2021
26-Jun-2021 12:20:52.686 INFO [main] org.apache.openejb.OpenEJB$Instance.<init> Copyright 1999-2018 (C) Apache OpenEJB Project, All Rights Reserved.
26-Jun-2021 12:20:52.686 INFO [main] org.apache.openejb.OpenEJB$Instance.<init> Version: 7.1.4
26-Jun-2021 12:20:52.686 INFO [main] org.apache.openejb.OpenEJB$Instance.<init> Build date: 20200805
26-Jun-2021 12:20:52.686 INFO [main] org.apache.openejb.OpenEJB$Instance.<init> Build time: 04:01
26-Jun-2021 12:20:52.686 INFO [main] org.apache.openejb.OpenEJB$Instance.<init> ********************************************************************************
26-Jun-2021 12:20:52.686 INFO [main] org.apache.openejb.OpenEJB$Instance.<init> openejb.home = C:\Users\karen.reyes\Documents\Diplomado\Modulo 2\apache-tomee-7.1.4-plume\apache-tomee-plume-7.1.4
26-Jun-2021 12:20:52.686 INFO [main] org.apache.openejb.OpenEJB$Instance.<init> openejb.base = C:\Users\karen.reyes\Documents\Diplomado\Modulo 2\apache-tomee-7.1.4-plume\apache-tomee-plume-7.1.4
26-Jun-2021 12:20:52.686 INFO [main] org.apache.openejb.cdi.CdiBuilder.initializeOWB Created new singletonService org.apache.openejb.cdi.ThreadSingletonServiceImpl@18cebaa5
26-Jun-2021 12:20:52.686 INFO [main] org.apache.openejb.cdi.CdiBuilder.initializeOWB Succeeded in installing singleton service
26-Jun-2021 12:20:52.719 INFO [main] org.apache.openejb.config.ConfigurationFactory.init TomEE configuration file is 'C:\Users\karen.reyes\Documents\Diplomado\Modulo 2\apache-tomee-7.1.4-plume\apache-tomee-plume-7.1.4\conf\tomee.xml'
26-Jun-2021 12:20:52.755 INFO [main] org.apache.openejb.config.ConfigurationFactory.configureService Configuring Service(id=Tomcat Security Service, type=SecurityService, provider-id=Tomcat Security Service)
26-Jun-2021 12:20:52.755 INFO [main] org.apache.openejb.config.ConfigurationFactory.configureService Configuring Service(id=Default Transaction Manager, type=TransactionManager, provider-id=Default Transaction Manager)
26-Jun-2021 12:20:52.764 INFO [main] org.apache.openejb.util.OptionsLog.info Using 'openejb.deployments.classpath=false'
26-Jun-2021 12:20:52.764 INFO [main] org.apache.openejb.assembler.classic.Assembler.createRecipe Creating TransactionManager(id=Default Transaction Manager)
26-Jun-2021 12:20:52.815 INFO [main] org.apache.openejb.assembler.classic.Assembler.createRecipe Creating SecurityService(id=Tomcat Security Service)
26-Jun-2021 12:20:52.905 INFO [main] org.apache.openejb.server.ServiceManager.initServer Creating ServerService(id=cxf)
26-Jun-2021 12:20:53.086 INFO [main] org.apache.openejb.server.ServiceManager.initServer Creating ServerService(id=cxf-rs)
26-Jun-2021 12:20:53.144 INFO [main] org.apache.openejb.server.SimpleServiceManager.start   ** Bound Services **
26-Jun-2021 12:20:53.144 INFO [main] org.apache.openejb.server.SimpleServiceManager.printRow   NAME                 IP              PORT  
26-Jun-2021 12:20:53.144 INFO [main] org.apache.openejb.server.SimpleServiceManager.start -------
26-Jun-2021 12:20:53.144 INFO [main] org.apache.openejb.server.SimpleServiceManager.start Ready!
26-Jun-2021 12:20:53.144 INFO [main] jdk.internal.reflect.DelegatingMethodAccessorImpl.invoke Initialization processed in 1735 ms
26-Jun-2021 12:20:53.194 INFO [main] org.apache.tomee.catalina.OpenEJBNamingContextListener.bindResource Importing a Tomcat Resource with id 'UserDatabase' of type 'org.apache.catalina.UserDatabase'.
26-Jun-2021 12:20:53.194 INFO [main] org.apache.openejb.assembler.classic.Assembler.createRecipe Creating Resource(id=UserDatabase)
26-Jun-2021 12:20:53.205 INFO [main] jdk.internal.reflect.DelegatingMethodAccessorImpl.invoke Starting service [Catalina]
26-Jun-2021 12:20:53.205 INFO [main] jdk.internal.reflect.DelegatingMethodAccessorImpl.invoke Starting Servlet Engine: Apache Tomcat (TomEE)/8.5.57 (7.1.4)
26-Jun-2021 12:20:53.219 INFO [localhost-startStop-1] jdk.internal.reflect.DelegatingMethodAccessorImpl.invoke Deploying web application directory [C:\Users\karen.reyes\Documents\Diplomado\Modulo 2\apache-tomee-7.1.4-plume\apache-tomee-plume-7.1.4\webapps\docs]
26-Jun-2021 12:20:53.224 INFO [localhost-startStop-1] org.apache.tomee.catalina.TomcatWebAppBuilder.init ------------------------- localhost -> /docs
26-Jun-2021 12:20:53.445 INFO [localhost-startStop-1] org.apache.openejb.config.ConfigurationFactory.configureApplication Configuring enterprise application: C:\Users\karen.reyes\Documents\Diplomado\Modulo 2\apache-tomee-7.1.4-plume\apache-tomee-plume-7.1.4\webapps\docs
26-Jun-2021 12:20:53.495 INFO [localhost-startStop-1] org.apache.openejb.config.AppInfoBuilder.build Enterprise application "C:\Users\karen.reyes\Documents\Diplomado\Modulo 2\apache-tomee-7.1.4-plume\apache-tomee-plume-7.1.4\webapps\docs" loaded.
26-Jun-2021 12:20:53.499 INFO [localhost-startStop-1] org.apache.openejb.assembler.classic.Assembler.createApplication Assembling app: C:\Users\karen.reyes\Documents\Diplomado\Modulo 2\apache-tomee-7.1.4-plume\apache-tomee-plume-7.1.4\webapps\docs
26-Jun-2021 12:20:53.574 INFO [localhost-startStop-1] org.apache.openejb.assembler.classic.Assembler.createApplication Deployed Application(path=C:\Users\karen.reyes\Documents\Diplomado\Modulo 2\apache-tomee-7.1.4-plume\apache-tomee-plume-7.1.4\webapps\docs)
26-Jun-2021 12:20:53.749 INFO [localhost-startStop-1] org.apache.jasper.servlet.TldScanner.scanJars At least one JAR was scanned for TLDs yet contained no TLDs. Enable debug logging for this logger for a complete list of JARs that were scanned but no TLDs were found in them. Skipping unneeded JARs during scanning can improve startup time and JSP compilation time.
26-Jun-2021 12:20:54.146 WARNING [localhost-startStop-1] org.apache.catalina.util.SessionIdGeneratorBase.createSecureRandom Creation of SecureRandom instance for session ID generation using [SHA1PRNG] took [312] milliseconds.
26-Jun-2021 12:20:54.184 INFO [localhost-startStop-1] jdk.internal.reflect.DelegatingMethodAccessorImpl.invoke Deployment of web application directory [C:\Users\karen.reyes\Documents\Diplomado\Modulo 2\apache-tomee-7.1.4-plume\apache-tomee-plume-7.1.4\webapps\docs] has finished in [965] ms
26-Jun-2021 12:20:54.184 INFO [localhost-startStop-1] jdk.internal.reflect.DelegatingMethodAccessorImpl.invoke Deploying web application directory [C:\Users\karen.reyes\Documents\Diplomado\Modulo 2\apache-tomee-7.1.4-plume\apache-tomee-plume-7.1.4\webapps\host-manager]
26-Jun-2021 12:20:54.184 INFO [localhost-startStop-1] org.apache.tomee.catalina.TomcatWebAppBuilder.init ------------------------- localhost -> /host-manager
26-Jun-2021 12:20:54.267 INFO [localhost-startStop-1] org.apache.openejb.config.ConfigurationFactory.configureApplication Configuring enterprise application: C:\Users\karen.reyes\Documents\Diplomado\Modulo 2\apache-tomee-7.1.4-plume\apache-tomee-plume-7.1.4\webapps\host-manager
26-Jun-2021 12:20:54.279 INFO [localhost-startStop-1] org.apache.openejb.config.AppInfoBuilder.build Enterprise application "C:\Users\karen.reyes\Documents\Diplomado\Modulo 2\apache-tomee-7.1.4-plume\apache-tomee-plume-7.1.4\webapps\host-manager" loaded.
26-Jun-2021 12:20:54.279 INFO [localhost-startStop-1] org.apache.openejb.assembler.classic.Assembler.createApplication Assembling app: C:\Users\karen.reyes\Documents\Diplomado\Modulo 2\apache-tomee-7.1.4-plume\apache-tomee-plume-7.1.4\webapps\host-manager
26-Jun-2021 12:20:54.289 INFO [localhost-startStop-1] org.apache.tomee.catalina.TomcatWebAppBuilder.deployWebApps using context file C:\Users\karen.reyes\Documents\Diplomado\Modulo 2\apache-tomee-7.1.4-plume\apache-tomee-plume-7.1.4\webapps\host-manager\META-INF\context.xml
26-Jun-2021 12:20:54.289 INFO [localhost-startStop-1] org.apache.openejb.assembler.classic.Assembler.createApplication Deployed Application(path=C:\Users\karen.reyes\Documents\Diplomado\Modulo 2\apache-tomee-7.1.4-plume\apache-tomee-plume-7.1.4\webapps\host-manager)
26-Jun-2021 12:20:54.365 INFO [localhost-startStop-1] org.apache.jasper.servlet.TldScanner.scanJars At least one JAR was scanned for TLDs yet contained no TLDs. Enable debug logging for this logger for a complete list of JARs that were scanned but no TLDs were found in them. Skipping unneeded JARs during scanning can improve startup time and JSP compilation time.
26-Jun-2021 12:20:54.394 INFO [localhost-startStop-1] jdk.internal.reflect.DelegatingMethodAccessorImpl.invoke Deployment of web application directory [C:\Users\karen.reyes\Documents\Diplomado\Modulo 2\apache-tomee-7.1.4-plume\apache-tomee-plume-7.1.4\webapps\host-manager] has finished in [210] ms
26-Jun-2021 12:20:54.394 INFO [localhost-startStop-1] jdk.internal.reflect.DelegatingMethodAccessorImpl.invoke Deploying web application directory [C:\Users\karen.reyes\Documents\Diplomado\Modulo 2\apache-tomee-7.1.4-plume\apache-tomee-plume-7.1.4\webapps\manager]
26-Jun-2021 12:20:54.394 INFO [localhost-startStop-1] org.apache.tomee.catalina.TomcatWebAppBuilder.init ------------------------- localhost -> /manager
26-Jun-2021 12:20:54.447 INFO [localhost-startStop-1] org.apache.openejb.config.ConfigurationFactory.configureApplication Configuring enterprise application: C:\Users\karen.reyes\Documents\Diplomado\Modulo 2\apache-tomee-7.1.4-plume\apache-tomee-plume-7.1.4\webapps\manager
26-Jun-2021 12:20:54.456 INFO [localhost-startStop-1] org.apache.openejb.config.AppInfoBuilder.build Enterprise application "C:\Users\karen.reyes\Documents\Diplomado\Modulo 2\apache-tomee-7.1.4-plume\apache-tomee-plume-7.1.4\webapps\manager" loaded.
26-Jun-2021 12:20:54.464 INFO [localhost-startStop-1] org.apache.openejb.assembler.classic.Assembler.createApplication Assembling app: C:\Users\karen.reyes\Documents\Diplomado\Modulo 2\apache-tomee-7.1.4-plume\apache-tomee-plume-7.1.4\webapps\manager
26-Jun-2021 12:20:54.464 INFO [localhost-startStop-1] org.apache.tomee.catalina.TomcatWebAppBuilder.deployWebApps using context file C:\Users\karen.reyes\Documents\Diplomado\Modulo 2\apache-tomee-7.1.4-plume\apache-tomee-plume-7.1.4\webapps\manager\META-INF\context.xml
26-Jun-2021 12:20:54.473 INFO [localhost-startStop-1] org.apache.openejb.assembler.classic.Assembler.createApplication Deployed Application(path=C:\Users\karen.reyes\Documents\Diplomado\Modulo 2\apache-tomee-7.1.4-plume\apache-tomee-plume-7.1.4\webapps\manager)
26-Jun-2021 12:20:54.534 INFO [localhost-startStop-1] org.apache.jasper.servlet.TldScanner.scanJars At least one JAR was scanned for TLDs yet contained no TLDs. Enable debug logging for this logger for a complete list of JARs that were scanned but no TLDs were found in them. Skipping unneeded JARs during scanning can improve startup time and JSP compilation time.
26-Jun-2021 12:20:54.554 INFO [localhost-startStop-1] jdk.internal.reflect.DelegatingMethodAccessorImpl.invoke Deployment of web application directory [C:\Users\karen.reyes\Documents\Diplomado\Modulo 2\apache-tomee-7.1.4-plume\apache-tomee-plume-7.1.4\webapps\manager] has finished in [160] ms
26-Jun-2021 12:20:54.554 INFO [localhost-startStop-1] jdk.internal.reflect.DelegatingMethodAccessorImpl.invoke Deploying web application directory [C:\Users\karen.reyes\Documents\Diplomado\Modulo 2\apache-tomee-7.1.4-plume\apache-tomee-plume-7.1.4\webapps\ROOT]
26-Jun-2021 12:20:54.554 INFO [localhost-startStop-1] org.apache.tomee.catalina.TomcatWebAppBuilder.init ------------------------- localhost -> /
26-Jun-2021 12:20:54.614 INFO [localhost-startStop-1] org.apache.openejb.config.ConfigurationFactory.configureApplication Configuring enterprise application: C:\Users\karen.reyes\Documents\Diplomado\Modulo 2\apache-tomee-7.1.4-plume\apache-tomee-plume-7.1.4\webapps\ROOT
26-Jun-2021 12:20:54.621 INFO [localhost-startStop-1] org.apache.openejb.config.AppInfoBuilder.build Enterprise application "C:\Users\karen.reyes\Documents\Diplomado\Modulo 2\apache-tomee-7.1.4-plume\apache-tomee-plume-7.1.4\webapps\ROOT" loaded.
26-Jun-2021 12:20:54.621 INFO [localhost-startStop-1] org.apache.openejb.assembler.classic.Assembler.createApplication Assembling app: C:\Users\karen.reyes\Documents\Diplomado\Modulo 2\apache-tomee-7.1.4-plume\apache-tomee-plume-7.1.4\webapps\ROOT
26-Jun-2021 12:20:54.629 INFO [localhost-startStop-1] org.apache.openejb.assembler.classic.Assembler.createApplication Deployed Application(path=C:\Users\karen.reyes\Documents\Diplomado\Modulo 2\apache-tomee-7.1.4-plume\apache-tomee-plume-7.1.4\webapps\ROOT)
26-Jun-2021 12:20:54.684 INFO [localhost-startStop-1] org.apache.jasper.servlet.TldScanner.scanJars At least one JAR was scanned for TLDs yet contained no TLDs. Enable debug logging for this logger for a complete list of JARs that were scanned but no TLDs were found in them. Skipping unneeded JARs during scanning can improve startup time and JSP compilation time.
26-Jun-2021 12:20:54.709 INFO [localhost-startStop-1] jdk.internal.reflect.DelegatingMethodAccessorImpl.invoke Deployment of web application directory [C:\Users\karen.reyes\Documents\Diplomado\Modulo 2\apache-tomee-7.1.4-plume\apache-tomee-plume-7.1.4\webapps\ROOT] has finished in [155] ms
26-Jun-2021 12:20:54.723 INFO [main] jdk.internal.reflect.DelegatingMethodAccessorImpl.invoke Starting ProtocolHandler ["http-nio-8080"]
26-Jun-2021 12:20:54.745 INFO [main] jdk.internal.reflect.DelegatingMethodAccessorImpl.invoke Server startup in 1599 ms
