28-Jan-2022 11:46:06.396 INFO [main] org.apache.openejb.persistence.PersistenceBootstrap.getDefaultProvider Default JPA Provider changed to org.eclipse.persistence.jpa.PersistenceProvider specified by jar:file:/C:/Users/karen.reyes/Documents/Personal/Diplomado/Modulo%202/apache-tomee-plume-9.0.0-M7/lib/openejb-core-eclipselink-8.0.7.jar!/META-INF/org.apache.openejb.persistence.PersistenceBootstrap.provider
28-Jan-2022 11:46:06.636 INFO [main] sun.reflect.NativeMethodAccessorImpl.invoke Server version name:   Apache Tomcat (TomEE)/10.0.4 (9.0.0-M7)
28-Jan-2022 11:46:06.636 INFO [main] sun.reflect.NativeMethodAccessorImpl.invoke Server built:          Mar 5 2021 11:07:15 UTC
28-Jan-2022 11:46:06.636 INFO [main] sun.reflect.NativeMethodAccessorImpl.invoke Server version number: 10.0.4.0
28-Jan-2022 11:46:06.636 INFO [main] sun.reflect.NativeMethodAccessorImpl.invoke OS Name:               Windows 10
28-Jan-2022 11:46:06.636 INFO [main] sun.reflect.NativeMethodAccessorImpl.invoke OS Version:            10.0
28-Jan-2022 11:46:06.636 INFO [main] sun.reflect.NativeMethodAccessorImpl.invoke Architecture:          amd64
28-Jan-2022 11:46:06.636 INFO [main] sun.reflect.NativeMethodAccessorImpl.invoke Java Home:             C:\Program Files\Java\jdk1.8.0_291\jre
28-Jan-2022 11:46:06.636 INFO [main] sun.reflect.NativeMethodAccessorImpl.invoke JVM Version:           1.8.0_291-b10
28-Jan-2022 11:46:06.636 INFO [main] sun.reflect.NativeMethodAccessorImpl.invoke JVM Vendor:            Oracle Corporation
28-Jan-2022 11:46:06.636 INFO [main] sun.reflect.NativeMethodAccessorImpl.invoke CATALINA_BASE:         C:\Users\karen.reyes\Documents\Personal\Diplomado\Modulo 2\apache-tomee-plume-9.0.0-M7
28-Jan-2022 11:46:06.636 INFO [main] sun.reflect.NativeMethodAccessorImpl.invoke CATALINA_HOME:         C:\Users\karen.reyes\Documents\Personal\Diplomado\Modulo 2\apache-tomee-plume-9.0.0-M7
28-Jan-2022 11:46:06.638 INFO [main] sun.reflect.NativeMethodAccessorImpl.invoke Command line argument: -Djava.util.logging.config.file=C:\Users\karen.reyes\Documents\Personal\Diplomado\Modulo 2\apache-tomee-plume-9.0.0-M7\conf\logging.properties
28-Jan-2022 11:46:06.638 INFO [main] sun.reflect.NativeMethodAccessorImpl.invoke Command line argument: -Djava.util.logging.manager=org.apache.juli.ClassLoaderLogManager
28-Jan-2022 11:46:06.638 INFO [main] sun.reflect.NativeMethodAccessorImpl.invoke Command line argument: -javaagent:C:\Users\karen.reyes\Documents\Personal\Diplomado\Modulo 2\apache-tomee-plume-9.0.0-M7\lib\openejb-javaagent.jar
28-Jan-2022 11:46:06.638 INFO [main] sun.reflect.NativeMethodAccessorImpl.invoke Command line argument: -Djdk.tls.ephemeralDHKeySize=2048
28-Jan-2022 11:46:06.638 INFO [main] sun.reflect.NativeMethodAccessorImpl.invoke Command line argument: -Djava.protocol.handler.pkgs=org.apache.catalina.webresources
28-Jan-2022 11:46:06.638 INFO [main] sun.reflect.DelegatingMethodAccessorImpl.invoke Command line argument: -Dignore.endorsed.dirs=
28-Jan-2022 11:46:06.638 INFO [main] sun.reflect.DelegatingMethodAccessorImpl.invoke Command line argument: -Dcatalina.base=C:\Users\karen.reyes\Documents\Personal\Diplomado\Modulo 2\apache-tomee-plume-9.0.0-M7
28-Jan-2022 11:46:06.638 INFO [main] sun.reflect.DelegatingMethodAccessorImpl.invoke Command line argument: -Dcatalina.home=C:\Users\karen.reyes\Documents\Personal\Diplomado\Modulo 2\apache-tomee-plume-9.0.0-M7
28-Jan-2022 11:46:06.638 INFO [main] sun.reflect.DelegatingMethodAccessorImpl.invoke Command line argument: -Djava.io.tmpdir=C:\Users\karen.reyes\Documents\Personal\Diplomado\Modulo 2\apache-tomee-plume-9.0.0-M7\temp
28-Jan-2022 11:46:06.648 INFO [main] sun.reflect.DelegatingMethodAccessorImpl.invoke The Apache Tomcat Native library which allows using OpenSSL was not found on the java.library.path: [C:\Program Files\Java\jdk1.8.0_291\bin;C:\Windows\Sun\Java\bin;C:\Windows\system32;C:\Windows;C:\Program Files\Common Files\Oracle\Java\javapath;C:\Program Files (x86)\Common Files\Oracle\Java\javapath;C:\Windows\system32;C:\Windows;C:\Windows\System32\Wbem;C:\Windows\System32\WindowsPowerShell\v1.0\;C:\Windows\System32\OpenSSH\;C:\Program Files (x86)\Microsoft SQL Server\150\DTS\Binn\;C:\Program Files\Azure Data Studio\bin;C:\Program Files\Microsoft SQL Server\Client SDK\ODBC\170\Tools\Binn\;C:\Program Files (x86)\Microsoft SQL Server\150\Tools\Binn\;C:\Program Files\Microsoft SQL Server\150\Tools\Binn\;C:\Program Files\Microsoft SQL Server\150\DTS\Binn\;C:\Strawberry\c\bin;C:\Strawberry\perl\site\bin;C:\Strawberry\perl\bin;C:\Program Files\Microsoft SQL Server\Client SDK\ODBC\110\Tools\Binn\;C:\Program Files (x86)\Microsoft SQL Server\120\Tools\Binn\;C:\Program Files\Microsoft SQL Server\120\Tools\Binn\;C:\Program Files\Microsoft SQL Server\120\DTS\Binn\;C:\Program Files\Microsoft SQL Server\Client SDK\ODBC\130\Tools\Binn\;C:\Program Files (x86)\Microsoft SQL Server\130\Tools\Binn\;C:\Program Files\Microsoft SQL Server\130\Tools\Binn\;C:\Program Files\Microsoft SQL Server\130\DTS\Binn\;C:\Program Files (x86)\Microsoft SQL Server\140\Tools\Binn\;C:\Program Files\Microsoft SQL Server\140\Tools\Binn\;C:\Program Files\Microsoft SQL Server\140\DTS\Binn\;C:\Program Files\PuTTY\;c:\Program Files (x86)\Microsoft SQL Server\90\Tools\binn\;C:\ant\bin;C:\Program Files\dotnet\;C:\Program Files\Git\cmd;C:\LINGO64_19\;C:\Program Files\Java\jdk-1.8.0_291;C:\Program Files\nodejs\;C:\Program Files (x86)\BaseX\bin;C:\Program Files (x86)\dotnet\;C:\Users\karen.reyes\AppData\Local\Microsoft\WindowsApps;C:\Program Files\Azure Data Studio\bin;C:\Users\karen.reyes\AppData\Local\Programs\MiKTeX\miktex\bin\x64\;C:\Users\karen.reyes\.dotnet\tools;C:\Program Files\Java\jdk-1.8.0_291;;C:\Users\karen.reyes\AppData\Local\Programs\Microsoft VS Code\bin;C:\Users\karen.reyes\AppData\Roaming\npm;.]
28-Jan-2022 11:46:07.021 INFO [main] sun.reflect.DelegatingMethodAccessorImpl.invoke Initializing ProtocolHandler ["http-nio-8080"]
28-Jan-2022 11:46:07.214 INFO [main] org.apache.openejb.util.OptionsLog.info Using 'openejb.jdbc.datasource-creator=org.apache.tomee.jdbc.TomEEDataSourceCreator'
28-Jan-2022 11:46:07.287 INFO [main] org.apache.openejb.OpenEJB$Instance.<init> ********************************************************************************
28-Jan-2022 11:46:07.287 INFO [main] org.apache.openejb.OpenEJB$Instance.<init> OpenEJB http://tomee.apache.org/
28-Jan-2022 11:46:07.287 INFO [main] org.apache.openejb.OpenEJB$Instance.<init> Startup: Fri Jan 28 11:46:07 CST 2022
28-Jan-2022 11:46:07.287 INFO [main] org.apache.openejb.OpenEJB$Instance.<init> Copyright 1999-2021 (C) Apache TomEE Project, All Rights Reserved.
28-Jan-2022 11:46:07.287 INFO [main] org.apache.openejb.OpenEJB$Instance.<init> Version: 9.0.0-M7
28-Jan-2022 11:46:07.287 INFO [main] org.apache.openejb.OpenEJB$Instance.<init> Build date: 20210503
28-Jan-2022 11:46:07.287 INFO [main] org.apache.openejb.OpenEJB$Instance.<init> Build time: 02:39
28-Jan-2022 11:46:07.287 INFO [main] org.apache.openejb.OpenEJB$Instance.<init> ********************************************************************************
28-Jan-2022 11:46:07.287 INFO [main] org.apache.openejb.OpenEJB$Instance.<init> openejb.home = C:\Users\karen.reyes\Documents\Personal\Diplomado\Modulo 2\apache-tomee-plume-9.0.0-M7
28-Jan-2022 11:46:07.287 INFO [main] org.apache.openejb.OpenEJB$Instance.<init> openejb.base = C:\Users\karen.reyes\Documents\Personal\Diplomado\Modulo 2\apache-tomee-plume-9.0.0-M7
28-Jan-2022 11:46:07.289 INFO [main] org.apache.openejb.cdi.CdiBuilder.initializeOWB Created new singletonService org.apache.openejb.cdi.ThreadSingletonServiceImpl@67d48005
28-Jan-2022 11:46:07.291 INFO [main] org.apache.openejb.cdi.CdiBuilder.initializeOWB Succeeded in installing singleton service
28-Jan-2022 11:46:07.315 WARNING [main] org.apache.openejb.assembler.classic.Assembler.initBValFiltering Can't setup BVal filtering, this can impact negatively performances: org/apache/bval/cdi/BValExtension$AnnotatedTypeFilter
28-Jan-2022 11:46:07.317 INFO [main] org.apache.openejb.config.ConfigurationFactory.init TomEE configuration file is 'C:\Users\karen.reyes\Documents\Personal\Diplomado\Modulo 2\apache-tomee-plume-9.0.0-M7\conf\tomee.xml'
28-Jan-2022 11:46:07.357 INFO [main] org.apache.openejb.config.ConfigurationFactory.configureService Configuring Service(id=Tomcat Security Service, type=SecurityService, provider-id=Tomcat Security Service)
28-Jan-2022 11:46:07.358 INFO [main] org.apache.openejb.config.ConfigurationFactory.configureService Configuring Service(id=Default Transaction Manager, type=TransactionManager, provider-id=Default Transaction Manager)
28-Jan-2022 11:46:07.361 INFO [main] org.apache.openejb.util.OptionsLog.info Using 'openejb.deployments.classpath=false'
28-Jan-2022 11:46:07.362 INFO [main] org.apache.openejb.assembler.classic.Assembler.createRecipe Creating TransactionManager(id=Default Transaction Manager)
28-Jan-2022 11:46:07.445 INFO [main] org.apache.openejb.assembler.classic.Assembler.createRecipe Creating SecurityService(id=Tomcat Security Service)
28-Jan-2022 11:46:07.502 INFO [main] org.apache.openejb.server.ServiceManager.initServer Creating ServerService(id=cxf)
28-Jan-2022 11:46:07.615 INFO [main] org.apache.openejb.server.ServiceManager.initServer Creating ServerService(id=cxf-rs)
28-Jan-2022 11:46:07.637 INFO [main] org.apache.openejb.server.SimpleServiceManager.start   ** Bound Services **
28-Jan-2022 11:46:07.638 INFO [main] org.apache.openejb.server.SimpleServiceManager.printRow   NAME                 IP              PORT  
28-Jan-2022 11:46:07.638 INFO [main] org.apache.openejb.server.SimpleServiceManager.start -------
28-Jan-2022 11:46:07.638 INFO [main] org.apache.openejb.server.SimpleServiceManager.start Ready!
28-Jan-2022 11:46:07.638 INFO [main] sun.reflect.DelegatingMethodAccessorImpl.invoke Server initialization in [1192] milliseconds
28-Jan-2022 11:46:07.661 INFO [main] org.apache.tomee.catalina.OpenEJBNamingContextListener.bindResource Importing a Tomcat Resource with id 'UserDatabase' of type 'org.apache.catalina.UserDatabase'.
28-Jan-2022 11:46:07.661 INFO [main] org.apache.openejb.assembler.classic.Assembler.createRecipe Creating Resource(id=UserDatabase)
28-Jan-2022 11:46:07.668 INFO [main] sun.reflect.DelegatingMethodAccessorImpl.invoke Starting service [Catalina]
28-Jan-2022 11:46:07.668 INFO [main] sun.reflect.DelegatingMethodAccessorImpl.invoke Starting Servlet engine: [Apache Tomcat (TomEE)/10.0.4 (9.0.0-M7)]
28-Jan-2022 11:46:07.678 INFO [main] sun.reflect.DelegatingMethodAccessorImpl.invoke Deploying deployment descriptor [C:\Users\karen.reyes\Documents\Personal\Diplomado\Modulo 2\apache-tomee-plume-9.0.0-M7\conf\Catalina\localhost\CRUD-MVC-JAVA.xml]
28-Jan-2022 11:46:07.689 WARNING [main] sun.reflect.NativeMethodAccessorImpl.invoke The path attribute with value [/CRUD-MVC-JAVA] in deployment descriptor [C:\Users\karen.reyes\Documents\Personal\Diplomado\Modulo 2\apache-tomee-plume-9.0.0-M7\conf\Catalina\localhost\CRUD-MVC-JAVA.xml] has been ignored
28-Jan-2022 11:46:07.697 INFO [main] org.apache.tomee.catalina.TomcatWebAppBuilder.init ------------------------- localhost -> /CRUD-MVC-JAVA
28-Jan-2022 11:46:07.935 INFO [main] org.apache.openejb.config.ConfigurationFactory.configureApplication Configuring enterprise application: C:\Users\karen.reyes\Documents\Personal\Diplomado\Modulo 2\apache-tomee-plume-9.0.0-M7\temp\0-CRUD-MVC-JAVA
28-Jan-2022 11:46:08.012 INFO [main] org.apache.openejb.config.ConfigurationFactory.configureService Configuring Service(id=Default Managed Container, type=Container, provider-id=Default Managed Container)
28-Jan-2022 11:46:08.012 INFO [main] org.apache.openejb.config.AutoConfig.createContainer Auto-creating a container for bean CRUD-MVC-JAVA.Comp392904516: Container(type=MANAGED, id=Default Managed Container)
28-Jan-2022 11:46:08.012 INFO [main] org.apache.openejb.assembler.classic.Assembler.createRecipe Creating Container(id=Default Managed Container)
28-Jan-2022 11:46:08.020 INFO [main] org.apache.openejb.core.managed.SimplePassivater.init Using directory C:\Users\karen.reyes\Documents\Personal\Diplomado\Modulo 2\apache-tomee-plume-9.0.0-M7\temp for stateful session passivation
28-Jan-2022 11:46:08.045 INFO [main] org.apache.openejb.config.AppInfoBuilder.build Enterprise application "C:\Users\karen.reyes\Documents\Personal\Diplomado\Modulo 2\apache-tomee-plume-9.0.0-M7\temp\0-CRUD-MVC-JAVA" loaded.
28-Jan-2022 11:46:08.705 INFO [main] org.apache.openejb.assembler.classic.Assembler.createApplication Assembling app: C:\Users\karen.reyes\Documents\Personal\Diplomado\Modulo 2\apache-tomee-plume-9.0.0-M7\temp\0-CRUD-MVC-JAVA
28-Jan-2022 11:46:08.790 INFO [main] org.hibernate.validator.internal.util.Version.<clinit> HV000001: Hibernate Validator 7.0.0.Final
28-Jan-2022 11:46:09.005 INFO [main] org.apache.tomee.catalina.TomcatWebAppBuilder.deployWebApps using context file C:\Users\karen.reyes\Documents\Personal\Diplomado\Modulo 2\apache-tomee-plume-9.0.0-M7\temp\0-CRUD-MVC-JAVA\META-INF\context.xml
28-Jan-2022 11:46:09.006 INFO [main] org.apache.openejb.assembler.classic.Assembler.createApplication Deployed Application(path=C:\Users\karen.reyes\Documents\Personal\Diplomado\Modulo 2\apache-tomee-plume-9.0.0-M7\temp\0-CRUD-MVC-JAVA)
28-Jan-2022 11:46:09.239 INFO [main] org.apache.jasper.servlet.TldScanner.scanJars At least one JAR was scanned for TLDs yet contained no TLDs. Enable debug logging for this logger for a complete list of JARs that were scanned but no TLDs were found in them. Skipping unneeded JARs during scanning can improve startup time and JSP compilation time.
28-Jan-2022 11:46:09.313 INFO [main] sun.reflect.DelegatingMethodAccessorImpl.invoke Deployment of deployment descriptor [C:\Users\karen.reyes\Documents\Personal\Diplomado\Modulo 2\apache-tomee-plume-9.0.0-M7\conf\Catalina\localhost\CRUD-MVC-JAVA.xml] has finished in [1,634] ms
28-Jan-2022 11:46:09.313 INFO [main] sun.reflect.DelegatingMethodAccessorImpl.invoke Deploying deployment descriptor [C:\Users\karen.reyes\Documents\Personal\Diplomado\Modulo 2\apache-tomee-plume-9.0.0-M7\conf\Catalina\localhost\CRUDProducto.xml]
28-Jan-2022 11:46:09.318 WARNING [main] sun.reflect.NativeMethodAccessorImpl.invoke The path attribute with value [/CRUDProducto] in deployment descriptor [C:\Users\karen.reyes\Documents\Personal\Diplomado\Modulo 2\apache-tomee-plume-9.0.0-M7\conf\Catalina\localhost\CRUDProducto.xml] has been ignored
28-Jan-2022 11:46:09.319 INFO [main] org.apache.tomee.catalina.TomcatWebAppBuilder.init ------------------------- localhost -> /CRUDProducto
28-Jan-2022 11:46:09.572 INFO [main] org.apache.openejb.config.ConfigurationFactory.configureApplication Configuring enterprise application: C:\Users\karen.reyes\Documents\Personal\Diplomado\Modulo 2\apache-tomee-plume-9.0.0-M7\temp\1-CRUDProducto
28-Jan-2022 11:46:09.591 INFO [main] org.apache.openejb.config.AppInfoBuilder.build Enterprise application "C:\Users\karen.reyes\Documents\Personal\Diplomado\Modulo 2\apache-tomee-plume-9.0.0-M7\temp\1-CRUDProducto" loaded.
28-Jan-2022 11:46:09.592 INFO [main] org.apache.openejb.assembler.classic.Assembler.createApplication Assembling app: C:\Users\karen.reyes\Documents\Personal\Diplomado\Modulo 2\apache-tomee-plume-9.0.0-M7\temp\1-CRUDProducto
28-Jan-2022 11:46:09.604 INFO [main] org.apache.tomee.catalina.TomcatWebAppBuilder.deployWebApps using context file C:\Users\karen.reyes\Documents\Personal\Diplomado\Modulo 2\apache-tomee-plume-9.0.0-M7\temp\1-CRUDProducto\META-INF\context.xml
28-Jan-2022 11:46:09.604 INFO [main] org.apache.openejb.assembler.classic.Assembler.createApplication Deployed Application(path=C:\Users\karen.reyes\Documents\Personal\Diplomado\Modulo 2\apache-tomee-plume-9.0.0-M7\temp\1-CRUDProducto)
28-Jan-2022 11:46:09.680 INFO [main] org.apache.jasper.servlet.TldScanner.scanJars At least one JAR was scanned for TLDs yet contained no TLDs. Enable debug logging for this logger for a complete list of JARs that were scanned but no TLDs were found in them. Skipping unneeded JARs during scanning can improve startup time and JSP compilation time.
28-Jan-2022 11:46:09.696 INFO [main] sun.reflect.DelegatingMethodAccessorImpl.invoke Deployment of deployment descriptor [C:\Users\karen.reyes\Documents\Personal\Diplomado\Modulo 2\apache-tomee-plume-9.0.0-M7\conf\Catalina\localhost\CRUDProducto.xml] has finished in [383] ms
28-Jan-2022 11:46:09.696 INFO [main] sun.reflect.DelegatingMethodAccessorImpl.invoke Deploying deployment descriptor [C:\Users\karen.reyes\Documents\Personal\Diplomado\Modulo 2\apache-tomee-plume-9.0.0-M7\conf\Catalina\localhost\CRUDProductosG1.xml]
28-Jan-2022 11:46:09.701 WARNING [main] sun.reflect.NativeMethodAccessorImpl.invoke The path attribute with value [/CRUDProductosG1] in deployment descriptor [C:\Users\karen.reyes\Documents\Personal\Diplomado\Modulo 2\apache-tomee-plume-9.0.0-M7\conf\Catalina\localhost\CRUDProductosG1.xml] has been ignored
28-Jan-2022 11:46:09.702 INFO [main] org.apache.tomee.catalina.TomcatWebAppBuilder.init ------------------------- localhost -> /CRUDProductosG1
28-Jan-2022 11:46:09.779 INFO [main] org.apache.openejb.config.ConfigurationFactory.configureApplication Configuring enterprise application: C:\Users\karen.reyes\Documents\Personal\Diplomado\Modulo 2\apache-tomee-plume-9.0.0-M7\temp\2-CRUDProductosG1
28-Jan-2022 11:46:09.790 INFO [main] org.apache.openejb.config.AppInfoBuilder.build Enterprise application "C:\Users\karen.reyes\Documents\Personal\Diplomado\Modulo 2\apache-tomee-plume-9.0.0-M7\temp\2-CRUDProductosG1" loaded.
28-Jan-2022 11:46:09.790 INFO [main] org.apache.openejb.assembler.classic.Assembler.createApplication Assembling app: C:\Users\karen.reyes\Documents\Personal\Diplomado\Modulo 2\apache-tomee-plume-9.0.0-M7\temp\2-CRUDProductosG1
28-Jan-2022 11:46:09.803 INFO [main] org.apache.tomee.catalina.TomcatWebAppBuilder.deployWebApps using context file C:\Users\karen.reyes\Documents\Personal\Diplomado\Modulo 2\apache-tomee-plume-9.0.0-M7\temp\2-CRUDProductosG1\META-INF\context.xml
28-Jan-2022 11:46:09.803 INFO [main] org.apache.openejb.assembler.classic.Assembler.createApplication Deployed Application(path=C:\Users\karen.reyes\Documents\Personal\Diplomado\Modulo 2\apache-tomee-plume-9.0.0-M7\temp\2-CRUDProductosG1)
28-Jan-2022 11:46:09.879 INFO [main] org.apache.jasper.servlet.TldScanner.scanJars At least one JAR was scanned for TLDs yet contained no TLDs. Enable debug logging for this logger for a complete list of JARs that were scanned but no TLDs were found in them. Skipping unneeded JARs during scanning can improve startup time and JSP compilation time.
28-Jan-2022 11:46:09.889 INFO [main] sun.reflect.DelegatingMethodAccessorImpl.invoke Deployment of deployment descriptor [C:\Users\karen.reyes\Documents\Personal\Diplomado\Modulo 2\apache-tomee-plume-9.0.0-M7\conf\Catalina\localhost\CRUDProductosG1.xml] has finished in [193] ms
28-Jan-2022 11:46:09.890 INFO [main] sun.reflect.DelegatingMethodAccessorImpl.invoke Deploying deployment descriptor [C:\Users\karen.reyes\Documents\Personal\Diplomado\Modulo 2\apache-tomee-plume-9.0.0-M7\conf\Catalina\localhost\CRUDUsuarios.xml]
28-Jan-2022 11:46:09.896 WARNING [main] sun.reflect.NativeMethodAccessorImpl.invoke The path attribute with value [/CRUDUsuarios] in deployment descriptor [C:\Users\karen.reyes\Documents\Personal\Diplomado\Modulo 2\apache-tomee-plume-9.0.0-M7\conf\Catalina\localhost\CRUDUsuarios.xml] has been ignored
28-Jan-2022 11:46:09.897 INFO [main] org.apache.tomee.catalina.TomcatWebAppBuilder.init ------------------------- localhost -> /CRUDUsuarios
28-Jan-2022 11:46:10.003 INFO [main] org.apache.openejb.config.ConfigurationFactory.configureApplication Configuring enterprise application: C:\Users\karen.reyes\Documents\Personal\Diplomado\Modulo 2\apache-tomee-plume-9.0.0-M7\temp\3-CRUDUsuarios
28-Jan-2022 11:46:10.024 INFO [main] org.apache.openejb.config.AppInfoBuilder.build Enterprise application "C:\Users\karen.reyes\Documents\Personal\Diplomado\Modulo 2\apache-tomee-plume-9.0.0-M7\temp\3-CRUDUsuarios" loaded.
28-Jan-2022 11:46:10.024 INFO [main] org.apache.openejb.assembler.classic.Assembler.createApplication Assembling app: C:\Users\karen.reyes\Documents\Personal\Diplomado\Modulo 2\apache-tomee-plume-9.0.0-M7\temp\3-CRUDUsuarios
28-Jan-2022 11:46:10.037 INFO [main] org.apache.tomee.catalina.TomcatWebAppBuilder.deployWebApps using context file C:\Users\karen.reyes\Documents\Personal\Diplomado\Modulo 2\apache-tomee-plume-9.0.0-M7\temp\3-CRUDUsuarios\META-INF\context.xml
28-Jan-2022 11:46:10.037 INFO [main] org.apache.openejb.assembler.classic.Assembler.createApplication Deployed Application(path=C:\Users\karen.reyes\Documents\Personal\Diplomado\Modulo 2\apache-tomee-plume-9.0.0-M7\temp\3-CRUDUsuarios)
28-Jan-2022 11:46:10.105 INFO [main] org.apache.jasper.servlet.TldScanner.scanJars At least one JAR was scanned for TLDs yet contained no TLDs. Enable debug logging for this logger for a complete list of JARs that were scanned but no TLDs were found in them. Skipping unneeded JARs during scanning can improve startup time and JSP compilation time.
28-Jan-2022 11:46:10.122 INFO [main] sun.reflect.DelegatingMethodAccessorImpl.invoke Deployment of deployment descriptor [C:\Users\karen.reyes\Documents\Personal\Diplomado\Modulo 2\apache-tomee-plume-9.0.0-M7\conf\Catalina\localhost\CRUDUsuarios.xml] has finished in [233] ms
28-Jan-2022 11:46:10.122 INFO [main] sun.reflect.DelegatingMethodAccessorImpl.invoke Deploying deployment descriptor [C:\Users\karen.reyes\Documents\Personal\Diplomado\Modulo 2\apache-tomee-plume-9.0.0-M7\conf\Catalina\localhost\Estetica.xml]
28-Jan-2022 11:46:10.127 WARNING [main] sun.reflect.NativeMethodAccessorImpl.invoke The path attribute with value [/Estetica] in deployment descriptor [C:\Users\karen.reyes\Documents\Personal\Diplomado\Modulo 2\apache-tomee-plume-9.0.0-M7\conf\Catalina\localhost\Estetica.xml] has been ignored
28-Jan-2022 11:46:10.128 INFO [main] org.apache.tomee.catalina.TomcatWebAppBuilder.init ------------------------- localhost -> /Estetica
28-Jan-2022 11:46:10.284 INFO [main] org.apache.openejb.config.ConfigurationFactory.configureApplication Configuring enterprise application: C:\Users\karen.reyes\Documents\Personal\Diplomado\Modulo 2\apache-tomee-plume-9.0.0-M7\temp\4-Estetica
28-Jan-2022 11:46:10.300 INFO [main] org.apache.openejb.config.AppInfoBuilder.build Enterprise application "C:\Users\karen.reyes\Documents\Personal\Diplomado\Modulo 2\apache-tomee-plume-9.0.0-M7\temp\4-Estetica" loaded.
28-Jan-2022 11:46:10.300 INFO [main] org.apache.openejb.assembler.classic.Assembler.createApplication Assembling app: C:\Users\karen.reyes\Documents\Personal\Diplomado\Modulo 2\apache-tomee-plume-9.0.0-M7\temp\4-Estetica
28-Jan-2022 11:46:10.314 INFO [main] org.apache.tomee.catalina.TomcatWebAppBuilder.deployWebApps using context file C:\Users\karen.reyes\Documents\Personal\Diplomado\Modulo 2\apache-tomee-plume-9.0.0-M7\temp\4-Estetica\META-INF\context.xml
28-Jan-2022 11:46:10.315 INFO [main] org.apache.openejb.assembler.classic.Assembler.createApplication Deployed Application(path=C:\Users\karen.reyes\Documents\Personal\Diplomado\Modulo 2\apache-tomee-plume-9.0.0-M7\temp\4-Estetica)
28-Jan-2022 11:46:10.383 INFO [main] org.apache.jasper.servlet.TldScanner.scanJars At least one JAR was scanned for TLDs yet contained no TLDs. Enable debug logging for this logger for a complete list of JARs that were scanned but no TLDs were found in them. Skipping unneeded JARs during scanning can improve startup time and JSP compilation time.
28-Jan-2022 11:46:10.402 INFO [main] sun.reflect.DelegatingMethodAccessorImpl.invoke Deployment of deployment descriptor [C:\Users\karen.reyes\Documents\Personal\Diplomado\Modulo 2\apache-tomee-plume-9.0.0-M7\conf\Catalina\localhost\Estetica.xml] has finished in [280] ms
28-Jan-2022 11:46:10.402 INFO [main] sun.reflect.DelegatingMethodAccessorImpl.invoke Deploying deployment descriptor [C:\Users\karen.reyes\Documents\Personal\Diplomado\Modulo 2\apache-tomee-plume-9.0.0-M7\conf\Catalina\localhost\LoginSPP.xml]
28-Jan-2022 11:46:10.407 WARNING [main] sun.reflect.NativeMethodAccessorImpl.invoke The path attribute with value [/LoginSPP] in deployment descriptor [C:\Users\karen.reyes\Documents\Personal\Diplomado\Modulo 2\apache-tomee-plume-9.0.0-M7\conf\Catalina\localhost\LoginSPP.xml] has been ignored
28-Jan-2022 11:46:10.408 INFO [main] org.apache.tomee.catalina.TomcatWebAppBuilder.init ------------------------- localhost -> /LoginSPP
28-Jan-2022 11:46:10.509 INFO [main] org.apache.openejb.config.ConfigurationFactory.configureApplication Configuring enterprise application: C:\Users\karen.reyes\Documents\Personal\Diplomado\Modulo 2\apache-tomee-plume-9.0.0-M7\temp\5-LoginSPP
28-Jan-2022 11:46:10.527 INFO [main] org.apache.openejb.config.AppInfoBuilder.build Enterprise application "C:\Users\karen.reyes\Documents\Personal\Diplomado\Modulo 2\apache-tomee-plume-9.0.0-M7\temp\5-LoginSPP" loaded.
28-Jan-2022 11:46:10.527 INFO [main] org.apache.openejb.assembler.classic.Assembler.createApplication Assembling app: C:\Users\karen.reyes\Documents\Personal\Diplomado\Modulo 2\apache-tomee-plume-9.0.0-M7\temp\5-LoginSPP
28-Jan-2022 11:46:10.540 INFO [main] org.apache.tomee.catalina.TomcatWebAppBuilder.deployWebApps using context file C:\Users\karen.reyes\Documents\Personal\Diplomado\Modulo 2\apache-tomee-plume-9.0.0-M7\temp\5-LoginSPP\META-INF\context.xml
28-Jan-2022 11:46:10.540 INFO [main] org.apache.openejb.assembler.classic.Assembler.createApplication Deployed Application(path=C:\Users\karen.reyes\Documents\Personal\Diplomado\Modulo 2\apache-tomee-plume-9.0.0-M7\temp\5-LoginSPP)
28-Jan-2022 11:46:10.599 INFO [main] org.apache.jasper.servlet.TldScanner.scanJars At least one JAR was scanned for TLDs yet contained no TLDs. Enable debug logging for this logger for a complete list of JARs that were scanned but no TLDs were found in them. Skipping unneeded JARs during scanning can improve startup time and JSP compilation time.
28-Jan-2022 11:46:10.615 INFO [main] sun.reflect.DelegatingMethodAccessorImpl.invoke Deployment of deployment descriptor [C:\Users\karen.reyes\Documents\Personal\Diplomado\Modulo 2\apache-tomee-plume-9.0.0-M7\conf\Catalina\localhost\LoginSPP.xml] has finished in [213] ms
28-Jan-2022 11:46:10.615 INFO [main] sun.reflect.DelegatingMethodAccessorImpl.invoke Deploying deployment descriptor [C:\Users\karen.reyes\Documents\Personal\Diplomado\Modulo 2\apache-tomee-plume-9.0.0-M7\conf\Catalina\localhost\MVCArchivoG1.xml]
28-Jan-2022 11:46:10.619 WARNING [main] sun.reflect.NativeMethodAccessorImpl.invoke The path attribute with value [/MVCArchivoG1] in deployment descriptor [C:\Users\karen.reyes\Documents\Personal\Diplomado\Modulo 2\apache-tomee-plume-9.0.0-M7\conf\Catalina\localhost\MVCArchivoG1.xml] has been ignored
28-Jan-2022 11:46:10.621 INFO [main] org.apache.tomee.catalina.TomcatWebAppBuilder.init ------------------------- localhost -> /MVCArchivoG1
28-Jan-2022 11:46:10.699 INFO [main] org.apache.openejb.config.ConfigurationFactory.configureApplication Configuring enterprise application: C:\Users\karen.reyes\Documents\Personal\Diplomado\Modulo 2\apache-tomee-plume-9.0.0-M7\temp\6-MVCArchivoG1
28-Jan-2022 11:46:10.717 INFO [main] org.apache.openejb.config.AppInfoBuilder.build Enterprise application "C:\Users\karen.reyes\Documents\Personal\Diplomado\Modulo 2\apache-tomee-plume-9.0.0-M7\temp\6-MVCArchivoG1" loaded.
28-Jan-2022 11:46:10.717 INFO [main] org.apache.openejb.assembler.classic.Assembler.createApplication Assembling app: C:\Users\karen.reyes\Documents\Personal\Diplomado\Modulo 2\apache-tomee-plume-9.0.0-M7\temp\6-MVCArchivoG1
28-Jan-2022 11:46:10.728 INFO [main] org.apache.tomee.catalina.TomcatWebAppBuilder.deployWebApps using context file C:\Users\karen.reyes\Documents\Personal\Diplomado\Modulo 2\apache-tomee-plume-9.0.0-M7\temp\6-MVCArchivoG1\META-INF\context.xml
28-Jan-2022 11:46:10.729 INFO [main] org.apache.openejb.assembler.classic.Assembler.createApplication Deployed Application(path=C:\Users\karen.reyes\Documents\Personal\Diplomado\Modulo 2\apache-tomee-plume-9.0.0-M7\temp\6-MVCArchivoG1)
28-Jan-2022 11:46:10.800 INFO [main] org.apache.jasper.servlet.TldScanner.scanJars At least one JAR was scanned for TLDs yet contained no TLDs. Enable debug logging for this logger for a complete list of JARs that were scanned but no TLDs were found in them. Skipping unneeded JARs during scanning can improve startup time and JSP compilation time.
28-Jan-2022 11:46:10.815 INFO [main] sun.reflect.DelegatingMethodAccessorImpl.invoke Deployment of deployment descriptor [C:\Users\karen.reyes\Documents\Personal\Diplomado\Modulo 2\apache-tomee-plume-9.0.0-M7\conf\Catalina\localhost\MVCArchivoG1.xml] has finished in [200] ms
28-Jan-2022 11:46:10.815 INFO [main] sun.reflect.DelegatingMethodAccessorImpl.invoke Deploying deployment descriptor [C:\Users\karen.reyes\Documents\Personal\Diplomado\Modulo 2\apache-tomee-plume-9.0.0-M7\conf\Catalina\localhost\Practica3.xml]
28-Jan-2022 11:46:10.820 WARNING [main] sun.reflect.NativeMethodAccessorImpl.invoke The path attribute with value [/Practica3] in deployment descriptor [C:\Users\karen.reyes\Documents\Personal\Diplomado\Modulo 2\apache-tomee-plume-9.0.0-M7\conf\Catalina\localhost\Practica3.xml] has been ignored
28-Jan-2022 11:46:10.821 INFO [main] org.apache.tomee.catalina.TomcatWebAppBuilder.init ------------------------- localhost -> /Practica3
28-Jan-2022 11:46:10.901 INFO [main] org.apache.openejb.config.ConfigurationFactory.configureApplication Configuring enterprise application: C:\Users\karen.reyes\Documents\Personal\Diplomado\Modulo 2\apache-tomee-plume-9.0.0-M7\temp\7-Practica3
28-Jan-2022 11:46:10.914 INFO [main] org.apache.openejb.config.AppInfoBuilder.build Enterprise application "C:\Users\karen.reyes\Documents\Personal\Diplomado\Modulo 2\apache-tomee-plume-9.0.0-M7\temp\7-Practica3" loaded.
28-Jan-2022 11:46:10.915 INFO [main] org.apache.openejb.assembler.classic.Assembler.createApplication Assembling app: C:\Users\karen.reyes\Documents\Personal\Diplomado\Modulo 2\apache-tomee-plume-9.0.0-M7\temp\7-Practica3
28-Jan-2022 11:46:10.926 INFO [main] org.apache.tomee.catalina.TomcatWebAppBuilder.deployWebApps using context file C:\Users\karen.reyes\Documents\Personal\Diplomado\Modulo 2\apache-tomee-plume-9.0.0-M7\temp\7-Practica3\META-INF\context.xml
28-Jan-2022 11:46:10.926 INFO [main] org.apache.openejb.assembler.classic.Assembler.createApplication Deployed Application(path=C:\Users\karen.reyes\Documents\Personal\Diplomado\Modulo 2\apache-tomee-plume-9.0.0-M7\temp\7-Practica3)
28-Jan-2022 11:46:10.990 INFO [main] org.apache.jasper.servlet.TldScanner.scanJars At least one JAR was scanned for TLDs yet contained no TLDs. Enable debug logging for this logger for a complete list of JARs that were scanned but no TLDs were found in them. Skipping unneeded JARs during scanning can improve startup time and JSP compilation time.
28-Jan-2022 11:46:11.004 INFO [main] sun.reflect.DelegatingMethodAccessorImpl.invoke Deployment of deployment descriptor [C:\Users\karen.reyes\Documents\Personal\Diplomado\Modulo 2\apache-tomee-plume-9.0.0-M7\conf\Catalina\localhost\Practica3.xml] has finished in [189] ms
28-Jan-2022 11:46:11.004 INFO [main] sun.reflect.DelegatingMethodAccessorImpl.invoke Deploying deployment descriptor [C:\Users\karen.reyes\Documents\Personal\Diplomado\Modulo 2\apache-tomee-plume-9.0.0-M7\conf\Catalina\localhost\ProyectoLogin.xml]
28-Jan-2022 11:46:11.008 WARNING [main] sun.reflect.NativeMethodAccessorImpl.invoke The path attribute with value [/ProyectoLogin] in deployment descriptor [C:\Users\karen.reyes\Documents\Personal\Diplomado\Modulo 2\apache-tomee-plume-9.0.0-M7\conf\Catalina\localhost\ProyectoLogin.xml] has been ignored
28-Jan-2022 11:46:11.009 INFO [main] org.apache.tomee.catalina.TomcatWebAppBuilder.init ------------------------- localhost -> /ProyectoLogin
28-Jan-2022 11:46:11.108 INFO [main] org.apache.openejb.config.ConfigurationFactory.configureApplication Configuring enterprise application: C:\Users\karen.reyes\Documents\Personal\Diplomado\Modulo 2\apache-tomee-plume-9.0.0-M7\temp\8-ProyectoLogin
28-Jan-2022 11:46:11.123 INFO [main] org.apache.openejb.config.AppInfoBuilder.build Enterprise application "C:\Users\karen.reyes\Documents\Personal\Diplomado\Modulo 2\apache-tomee-plume-9.0.0-M7\temp\8-ProyectoLogin" loaded.
28-Jan-2022 11:46:11.123 INFO [main] org.apache.openejb.assembler.classic.Assembler.createApplication Assembling app: C:\Users\karen.reyes\Documents\Personal\Diplomado\Modulo 2\apache-tomee-plume-9.0.0-M7\temp\8-ProyectoLogin
28-Jan-2022 11:46:11.143 INFO [main] org.apache.tomee.catalina.TomcatWebAppBuilder.deployWebApps using context file C:\Users\karen.reyes\Documents\Personal\Diplomado\Modulo 2\apache-tomee-plume-9.0.0-M7\temp\8-ProyectoLogin\META-INF\context.xml
28-Jan-2022 11:46:11.144 INFO [main] org.apache.openejb.assembler.classic.Assembler.createApplication Deployed Application(path=C:\Users\karen.reyes\Documents\Personal\Diplomado\Modulo 2\apache-tomee-plume-9.0.0-M7\temp\8-ProyectoLogin)
28-Jan-2022 11:46:11.228 INFO [main] org.apache.jasper.servlet.TldScanner.scanJars At least one JAR was scanned for TLDs yet contained no TLDs. Enable debug logging for this logger for a complete list of JARs that were scanned but no TLDs were found in them. Skipping unneeded JARs during scanning can improve startup time and JSP compilation time.
28-Jan-2022 11:46:11.244 INFO [main] sun.reflect.DelegatingMethodAccessorImpl.invoke Deployment of deployment descriptor [C:\Users\karen.reyes\Documents\Personal\Diplomado\Modulo 2\apache-tomee-plume-9.0.0-M7\conf\Catalina\localhost\ProyectoLogin.xml] has finished in [240] ms
28-Jan-2022 11:46:11.244 INFO [main] sun.reflect.DelegatingMethodAccessorImpl.invoke Deploying deployment descriptor [C:\Users\karen.reyes\Documents\Personal\Diplomado\Modulo 2\apache-tomee-plume-9.0.0-M7\conf\Catalina\localhost\RegistroProductos.xml]
28-Jan-2022 11:46:11.249 WARNING [main] sun.reflect.NativeMethodAccessorImpl.invoke The path attribute with value [/RegistroProductos] in deployment descriptor [C:\Users\karen.reyes\Documents\Personal\Diplomado\Modulo 2\apache-tomee-plume-9.0.0-M7\conf\Catalina\localhost\RegistroProductos.xml] has been ignored
28-Jan-2022 11:46:11.250 INFO [main] org.apache.tomee.catalina.TomcatWebAppBuilder.init ------------------------- localhost -> /RegistroProductos
28-Jan-2022 11:46:11.323 INFO [main] org.apache.openejb.config.ConfigurationFactory.configureApplication Configuring enterprise application: C:\Users\karen.reyes\Documents\Personal\Diplomado\Modulo 2\apache-tomee-plume-9.0.0-M7\temp\9-RegistroProductos
28-Jan-2022 11:46:11.335 INFO [main] org.apache.openejb.config.AppInfoBuilder.build Enterprise application "C:\Users\karen.reyes\Documents\Personal\Diplomado\Modulo 2\apache-tomee-plume-9.0.0-M7\temp\9-RegistroProductos" loaded.
28-Jan-2022 11:46:11.335 INFO [main] org.apache.openejb.assembler.classic.Assembler.createApplication Assembling app: C:\Users\karen.reyes\Documents\Personal\Diplomado\Modulo 2\apache-tomee-plume-9.0.0-M7\temp\9-RegistroProductos
28-Jan-2022 11:46:11.347 INFO [main] org.apache.tomee.catalina.TomcatWebAppBuilder.deployWebApps using context file C:\Users\karen.reyes\Documents\Personal\Diplomado\Modulo 2\apache-tomee-plume-9.0.0-M7\temp\9-RegistroProductos\META-INF\context.xml
28-Jan-2022 11:46:11.347 INFO [main] org.apache.openejb.assembler.classic.Assembler.createApplication Deployed Application(path=C:\Users\karen.reyes\Documents\Personal\Diplomado\Modulo 2\apache-tomee-plume-9.0.0-M7\temp\9-RegistroProductos)
28-Jan-2022 11:46:11.402 INFO [main] org.apache.jasper.servlet.TldScanner.scanJars At least one JAR was scanned for TLDs yet contained no TLDs. Enable debug logging for this logger for a complete list of JARs that were scanned but no TLDs were found in them. Skipping unneeded JARs during scanning can improve startup time and JSP compilation time.
28-Jan-2022 11:46:11.414 INFO [main] sun.reflect.DelegatingMethodAccessorImpl.invoke Deployment of deployment descriptor [C:\Users\karen.reyes\Documents\Personal\Diplomado\Modulo 2\apache-tomee-plume-9.0.0-M7\conf\Catalina\localhost\RegistroProductos.xml] has finished in [170] ms
28-Jan-2022 11:46:11.414 INFO [main] sun.reflect.DelegatingMethodAccessorImpl.invoke Deploying deployment descriptor [C:\Users\karen.reyes\Documents\Personal\Diplomado\Modulo 2\apache-tomee-plume-9.0.0-M7\conf\Catalina\localhost\Servlet1M7.xml]
28-Jan-2022 11:46:11.418 WARNING [main] sun.reflect.NativeMethodAccessorImpl.invoke The path attribute with value [/Servlet1M7] in deployment descriptor [C:\Users\karen.reyes\Documents\Personal\Diplomado\Modulo 2\apache-tomee-plume-9.0.0-M7\conf\Catalina\localhost\Servlet1M7.xml] has been ignored
28-Jan-2022 11:46:11.466 INFO [main] org.apache.tomee.catalina.TomcatWebAppBuilder.init ------------------------- localhost -> /Servlet1M7
28-Jan-2022 11:46:11.513 INFO [main] org.apache.openejb.config.ConfigurationFactory.configureApplication Configuring enterprise application: C:\Users\karen.reyes\Documents\Personal\Diplomado\Modulo 2\apache-tomee-plume-9.0.0-M7\temp\10-Servlet1M7
28-Jan-2022 11:46:11.529 INFO [main] org.apache.openejb.config.AppInfoBuilder.build Enterprise application "C:\Users\karen.reyes\Documents\Personal\Diplomado\Modulo 2\apache-tomee-plume-9.0.0-M7\temp\10-Servlet1M7" loaded.
28-Jan-2022 11:46:11.530 INFO [main] org.apache.openejb.assembler.classic.Assembler.createApplication Assembling app: C:\Users\karen.reyes\Documents\Personal\Diplomado\Modulo 2\apache-tomee-plume-9.0.0-M7\temp\10-Servlet1M7
28-Jan-2022 11:46:11.539 INFO [main] org.apache.tomee.catalina.TomcatWebAppBuilder.deployWebApps using context file C:\Users\karen.reyes\Documents\Personal\Diplomado\Modulo 2\apache-tomee-plume-9.0.0-M7\temp\10-Servlet1M7\META-INF\context.xml
28-Jan-2022 11:46:11.539 INFO [main] org.apache.openejb.assembler.classic.Assembler.createApplication Deployed Application(path=C:\Users\karen.reyes\Documents\Personal\Diplomado\Modulo 2\apache-tomee-plume-9.0.0-M7\temp\10-Servlet1M7)
28-Jan-2022 11:46:11.595 INFO [main] org.apache.jasper.servlet.TldScanner.scanJars At least one JAR was scanned for TLDs yet contained no TLDs. Enable debug logging for this logger for a complete list of JARs that were scanned but no TLDs were found in them. Skipping unneeded JARs during scanning can improve startup time and JSP compilation time.
28-Jan-2022 11:46:11.605 INFO [main] sun.reflect.DelegatingMethodAccessorImpl.invoke Deployment of deployment descriptor [C:\Users\karen.reyes\Documents\Personal\Diplomado\Modulo 2\apache-tomee-plume-9.0.0-M7\conf\Catalina\localhost\Servlet1M7.xml] has finished in [191] ms
28-Jan-2022 11:46:11.606 INFO [main] sun.reflect.DelegatingMethodAccessorImpl.invoke Deploying web application directory [C:\Users\karen.reyes\Documents\Personal\Diplomado\Modulo 2\apache-tomee-plume-9.0.0-M7\webapps\docs]
28-Jan-2022 11:46:11.606 INFO [main] org.apache.tomee.catalina.TomcatWebAppBuilder.init ------------------------- localhost -> /docs
28-Jan-2022 11:46:12.753 INFO [main] org.apache.openejb.config.ConfigurationFactory.configureApplication Configuring enterprise application: C:\Users\karen.reyes\Documents\Personal\Diplomado\Modulo 2\apache-tomee-plume-9.0.0-M7\temp\11-docs
28-Jan-2022 11:46:12.755 INFO [main] org.apache.openejb.config.AppInfoBuilder.build Enterprise application "C:\Users\karen.reyes\Documents\Personal\Diplomado\Modulo 2\apache-tomee-plume-9.0.0-M7\temp\11-docs" loaded.
28-Jan-2022 11:46:12.755 INFO [main] org.apache.openejb.assembler.classic.Assembler.createApplication Assembling app: C:\Users\karen.reyes\Documents\Personal\Diplomado\Modulo 2\apache-tomee-plume-9.0.0-M7\temp\11-docs
28-Jan-2022 11:46:12.767 INFO [main] org.apache.openejb.assembler.classic.Assembler.createApplication Deployed Application(path=C:\Users\karen.reyes\Documents\Personal\Diplomado\Modulo 2\apache-tomee-plume-9.0.0-M7\temp\11-docs)
28-Jan-2022 11:46:12.821 INFO [main] org.apache.jasper.servlet.TldScanner.scanJars At least one JAR was scanned for TLDs yet contained no TLDs. Enable debug logging for this logger for a complete list of JARs that were scanned but no TLDs were found in them. Skipping unneeded JARs during scanning can improve startup time and JSP compilation time.
28-Jan-2022 11:46:12.836 INFO [main] sun.reflect.DelegatingMethodAccessorImpl.invoke Deployment of web application directory [C:\Users\karen.reyes\Documents\Personal\Diplomado\Modulo 2\apache-tomee-plume-9.0.0-M7\webapps\docs] has finished in [1,230] ms
28-Jan-2022 11:46:12.837 INFO [main] sun.reflect.DelegatingMethodAccessorImpl.invoke Deploying web application directory [C:\Users\karen.reyes\Documents\Personal\Diplomado\Modulo 2\apache-tomee-plume-9.0.0-M7\webapps\host-manager]
28-Jan-2022 11:46:12.845 INFO [main] org.apache.tomee.catalina.TomcatWebAppBuilder.init ------------------------- localhost -> /host-manager
28-Jan-2022 11:46:12.876 INFO [main] org.apache.openejb.config.ConfigurationFactory.configureApplication Configuring enterprise application: C:\Users\karen.reyes\Documents\Personal\Diplomado\Modulo 2\apache-tomee-plume-9.0.0-M7\webapps\host-manager
28-Jan-2022 11:46:12.883 INFO [main] org.apache.openejb.config.AppInfoBuilder.build Enterprise application "C:\Users\karen.reyes\Documents\Personal\Diplomado\Modulo 2\apache-tomee-plume-9.0.0-M7\webapps\host-manager" loaded.
28-Jan-2022 11:46:12.884 INFO [main] org.apache.openejb.assembler.classic.Assembler.createApplication Assembling app: C:\Users\karen.reyes\Documents\Personal\Diplomado\Modulo 2\apache-tomee-plume-9.0.0-M7\webapps\host-manager
28-Jan-2022 11:46:12.896 INFO [main] org.apache.tomee.catalina.TomcatWebAppBuilder.deployWebApps using context file C:\Users\karen.reyes\Documents\Personal\Diplomado\Modulo 2\apache-tomee-plume-9.0.0-M7\webapps\host-manager\META-INF\context.xml
28-Jan-2022 11:46:12.896 INFO [main] org.apache.openejb.assembler.classic.Assembler.createApplication Deployed Application(path=C:\Users\karen.reyes\Documents\Personal\Diplomado\Modulo 2\apache-tomee-plume-9.0.0-M7\webapps\host-manager)
28-Jan-2022 11:46:12.951 INFO [main] org.apache.jasper.servlet.TldScanner.scanJars At least one JAR was scanned for TLDs yet contained no TLDs. Enable debug logging for this logger for a complete list of JARs that were scanned but no TLDs were found in them. Skipping unneeded JARs during scanning can improve startup time and JSP compilation time.
28-Jan-2022 11:46:12.966 INFO [main] sun.reflect.DelegatingMethodAccessorImpl.invoke Deployment of web application directory [C:\Users\karen.reyes\Documents\Personal\Diplomado\Modulo 2\apache-tomee-plume-9.0.0-M7\webapps\host-manager] has finished in [130] ms
28-Jan-2022 11:46:12.966 INFO [main] sun.reflect.DelegatingMethodAccessorImpl.invoke Deploying web application directory [C:\Users\karen.reyes\Documents\Personal\Diplomado\Modulo 2\apache-tomee-plume-9.0.0-M7\webapps\manager]
28-Jan-2022 11:46:12.972 INFO [main] org.apache.tomee.catalina.TomcatWebAppBuilder.init ------------------------- localhost -> /manager
28-Jan-2022 11:46:12.995 INFO [main] org.apache.openejb.config.ConfigurationFactory.configureApplication Configuring enterprise application: C:\Users\karen.reyes\Documents\Personal\Diplomado\Modulo 2\apache-tomee-plume-9.0.0-M7\webapps\manager
28-Jan-2022 11:46:13.000 INFO [main] org.apache.openejb.config.AppInfoBuilder.build Enterprise application "C:\Users\karen.reyes\Documents\Personal\Diplomado\Modulo 2\apache-tomee-plume-9.0.0-M7\webapps\manager" loaded.
28-Jan-2022 11:46:13.000 INFO [main] org.apache.openejb.assembler.classic.Assembler.createApplication Assembling app: C:\Users\karen.reyes\Documents\Personal\Diplomado\Modulo 2\apache-tomee-plume-9.0.0-M7\webapps\manager
28-Jan-2022 11:46:13.006 INFO [main] org.apache.tomee.catalina.TomcatWebAppBuilder.deployWebApps using context file C:\Users\karen.reyes\Documents\Personal\Diplomado\Modulo 2\apache-tomee-plume-9.0.0-M7\webapps\manager\META-INF\context.xml
28-Jan-2022 11:46:13.006 INFO [main] org.apache.openejb.assembler.classic.Assembler.createApplication Deployed Application(path=C:\Users\karen.reyes\Documents\Personal\Diplomado\Modulo 2\apache-tomee-plume-9.0.0-M7\webapps\manager)
28-Jan-2022 11:46:13.049 INFO [main] org.apache.jasper.servlet.TldScanner.scanJars At least one JAR was scanned for TLDs yet contained no TLDs. Enable debug logging for this logger for a complete list of JARs that were scanned but no TLDs were found in them. Skipping unneeded JARs during scanning can improve startup time and JSP compilation time.
28-Jan-2022 11:46:13.061 INFO [main] sun.reflect.DelegatingMethodAccessorImpl.invoke Deployment of web application directory [C:\Users\karen.reyes\Documents\Personal\Diplomado\Modulo 2\apache-tomee-plume-9.0.0-M7\webapps\manager] has finished in [94] ms
28-Jan-2022 11:46:13.061 INFO [main] sun.reflect.DelegatingMethodAccessorImpl.invoke Deploying web application directory [C:\Users\karen.reyes\Documents\Personal\Diplomado\Modulo 2\apache-tomee-plume-9.0.0-M7\webapps\ROOT]
28-Jan-2022 11:46:13.061 INFO [main] org.apache.tomee.catalina.TomcatWebAppBuilder.init ------------------------- localhost -> /
28-Jan-2022 11:46:13.129 INFO [main] org.apache.openejb.config.ConfigurationFactory.configureApplication Configuring enterprise application: C:\Users\karen.reyes\Documents\Personal\Diplomado\Modulo 2\apache-tomee-plume-9.0.0-M7\temp\12-ROOT
28-Jan-2022 11:46:13.132 INFO [main] org.apache.openejb.config.AppInfoBuilder.build Enterprise application "C:\Users\karen.reyes\Documents\Personal\Diplomado\Modulo 2\apache-tomee-plume-9.0.0-M7\temp\12-ROOT" loaded.
28-Jan-2022 11:46:13.133 INFO [main] org.apache.openejb.assembler.classic.Assembler.createApplication Assembling app: C:\Users\karen.reyes\Documents\Personal\Diplomado\Modulo 2\apache-tomee-plume-9.0.0-M7\temp\12-ROOT
28-Jan-2022 11:46:13.139 INFO [main] org.apache.openejb.assembler.classic.Assembler.createApplication Deployed Application(path=C:\Users\karen.reyes\Documents\Personal\Diplomado\Modulo 2\apache-tomee-plume-9.0.0-M7\temp\12-ROOT)
28-Jan-2022 11:46:13.181 INFO [main] org.apache.jasper.servlet.TldScanner.scanJars At least one JAR was scanned for TLDs yet contained no TLDs. Enable debug logging for this logger for a complete list of JARs that were scanned but no TLDs were found in them. Skipping unneeded JARs during scanning can improve startup time and JSP compilation time.
28-Jan-2022 11:46:13.192 INFO [main] sun.reflect.DelegatingMethodAccessorImpl.invoke Deployment of web application directory [C:\Users\karen.reyes\Documents\Personal\Diplomado\Modulo 2\apache-tomee-plume-9.0.0-M7\webapps\ROOT] has finished in [130] ms
28-Jan-2022 11:46:13.196 INFO [main] sun.reflect.DelegatingMethodAccessorImpl.invoke Starting ProtocolHandler ["http-nio-8080"]
28-Jan-2022 11:46:13.249 INFO [main] sun.reflect.DelegatingMethodAccessorImpl.invoke Server startup in [5611] milliseconds
28-Jan-2022 12:14:08.788 INFO [main] org.apache.openejb.persistence.PersistenceBootstrap.getDefaultProvider Default JPA Provider changed to org.eclipse.persistence.jpa.PersistenceProvider specified by jar:file:/C:/Users/karen.reyes/Documents/Personal/Diplomado/Modulo%202/apache-tomee-plume-9.0.0-M7/lib/openejb-core-eclipselink-8.0.7.jar!/META-INF/org.apache.openejb.persistence.PersistenceBootstrap.provider
28-Jan-2022 12:14:08.901 INFO [main] sun.reflect.DelegatingMethodAccessorImpl.invoke A valid shutdown command was received via the shutdown port. Stopping the Server instance.
28-Jan-2022 12:14:08.901 INFO [main] sun.reflect.DelegatingMethodAccessorImpl.invoke Pausing ProtocolHandler ["http-nio-8080"]
28-Jan-2022 12:14:09.407 INFO [main] sun.reflect.DelegatingMethodAccessorImpl.invoke Stopping service [Catalina]
28-Jan-2022 12:14:09.413 WARNING [main] com.sun.faces.config.ConfigureListener.contextDestroyed Unexpected state during contextDestroyed: no ConfigManager instance in current ServletContext but one is expected to exist.
28-Jan-2022 12:14:09.434 INFO [main] org.apache.openejb.assembler.classic.Assembler.destroyApplication Undeploying app: C:\Users\karen.reyes\Documents\Personal\Diplomado\Modulo 2\apache-tomee-plume-9.0.0-M7\temp\0-CRUD-MVC-JAVA
28-Jan-2022 12:14:09.553 INFO [main] org.apache.openejb.assembler.classic.Assembler.destroyApplication Undeploying app: C:\Users\karen.reyes\Documents\Personal\Diplomado\Modulo 2\apache-tomee-plume-9.0.0-M7\temp\1-CRUDProducto
28-Jan-2022 12:14:09.644 INFO [main] org.apache.openejb.assembler.classic.Assembler.destroyApplication Undeploying app: C:\Users\karen.reyes\Documents\Personal\Diplomado\Modulo 2\apache-tomee-plume-9.0.0-M7\temp\2-CRUDProductosG1
28-Jan-2022 12:14:09.737 INFO [main] org.apache.openejb.assembler.classic.Assembler.destroyApplication Undeploying app: C:\Users\karen.reyes\Documents\Personal\Diplomado\Modulo 2\apache-tomee-plume-9.0.0-M7\temp\3-CRUDUsuarios
28-Jan-2022 12:14:09.807 INFO [main] org.apache.openejb.assembler.classic.Assembler.destroyApplication Undeploying app: C:\Users\karen.reyes\Documents\Personal\Diplomado\Modulo 2\apache-tomee-plume-9.0.0-M7\temp\4-Estetica
28-Jan-2022 12:14:09.876 INFO [main] org.apache.openejb.assembler.classic.Assembler.destroyApplication Undeploying app: C:\Users\karen.reyes\Documents\Personal\Diplomado\Modulo 2\apache-tomee-plume-9.0.0-M7\temp\5-LoginSPP
28-Jan-2022 12:14:09.951 INFO [main] org.apache.openejb.assembler.classic.Assembler.destroyApplication Undeploying app: C:\Users\karen.reyes\Documents\Personal\Diplomado\Modulo 2\apache-tomee-plume-9.0.0-M7\temp\6-MVCArchivoG1
28-Jan-2022 12:14:10.017 INFO [main] org.apache.openejb.assembler.classic.Assembler.destroyApplication Undeploying app: C:\Users\karen.reyes\Documents\Personal\Diplomado\Modulo 2\apache-tomee-plume-9.0.0-M7\temp\7-Practica3
28-Jan-2022 12:14:10.084 INFO [main] org.apache.openejb.assembler.classic.Assembler.destroyApplication Undeploying app: C:\Users\karen.reyes\Documents\Personal\Diplomado\Modulo 2\apache-tomee-plume-9.0.0-M7\temp\8-ProyectoLogin
28-Jan-2022 12:14:10.155 INFO [main] org.apache.openejb.assembler.classic.Assembler.destroyApplication Undeploying app: C:\Users\karen.reyes\Documents\Personal\Diplomado\Modulo 2\apache-tomee-plume-9.0.0-M7\temp\9-RegistroProductos
28-Jan-2022 12:14:10.215 INFO [main] org.apache.openejb.assembler.classic.Assembler.destroyApplication Undeploying app: C:\Users\karen.reyes\Documents\Personal\Diplomado\Modulo 2\apache-tomee-plume-9.0.0-M7\temp\10-Servlet1M7
28-Jan-2022 12:14:10.310 INFO [main] org.apache.openejb.assembler.classic.Assembler.destroyApplication Undeploying app: C:\Users\karen.reyes\Documents\Personal\Diplomado\Modulo 2\apache-tomee-plume-9.0.0-M7\temp\11-docs
28-Jan-2022 12:14:10.365 INFO [main] org.apache.openejb.assembler.classic.Assembler.destroyApplication Undeploying app: C:\Users\karen.reyes\Documents\Personal\Diplomado\Modulo 2\apache-tomee-plume-9.0.0-M7\webapps\host-manager
28-Jan-2022 12:14:10.428 INFO [main] org.apache.openejb.assembler.classic.Assembler.destroyApplication Undeploying app: C:\Users\karen.reyes\Documents\Personal\Diplomado\Modulo 2\apache-tomee-plume-9.0.0-M7\webapps\manager
28-Jan-2022 12:14:10.477 INFO [main] org.apache.openejb.assembler.classic.Assembler.destroyApplication Undeploying app: C:\Users\karen.reyes\Documents\Personal\Diplomado\Modulo 2\apache-tomee-plume-9.0.0-M7\temp\12-ROOT
28-Jan-2022 12:14:10.533 INFO [main] sun.reflect.DelegatingMethodAccessorImpl.invoke Stopping ProtocolHandler ["http-nio-8080"]
28-Jan-2022 12:14:10.596 INFO [main] org.apache.openejb.server.SimpleServiceManager.stop Stopping server services
28-Jan-2022 12:14:10.609 INFO [main] sun.reflect.DelegatingMethodAccessorImpl.invoke Destroying ProtocolHandler ["http-nio-8080"]
