01-Nov-2021 01:13:47.009 INFO [http-nio-8080-exec-40] org.apache.catalina.core.StandardContext.reload Reloading Context with name [/RegistroProductos] has started
01-Nov-2021 01:13:47.017 WARNING [http-nio-8080-exec-40] com.sun.faces.config.ConfigureListener.contextDestroyed Unexpected state during contextDestroyed: no ConfigManager instance in current ServletContext but one is expected to exist.
01-Nov-2021 01:13:47.026 INFO [http-nio-8080-exec-40] org.apache.openejb.assembler.classic.Assembler.destroyApplication Undeploying app: C:\Users\karen.reyes\Documents\Personal\Diplomado\Modulo 2\apache-tomee-plume-9.0.0-M7\temp\17-RegistroProductos
01-Nov-2021 01:13:47.181 SEVERE [http-nio-8080-exec-40] sun.reflect.NativeMethodAccessorImpl.invoke naming.namingContextCreationFailed
01-Nov-2021 01:13:47.209 INFO [http-nio-8080-exec-40] org.apache.openejb.config.ConfigurationFactory.configureApplication Configuring enterprise application: C:\Users\karen.reyes\Documents\Personal\Diplomado\Modulo 2\apache-tomee-plume-9.0.0-M7\temp\18-RegistroProductos
01-Nov-2021 01:13:47.234 INFO [http-nio-8080-exec-40] org.apache.openejb.config.AppInfoBuilder.build Enterprise application "C:\Users\karen.reyes\Documents\Personal\Diplomado\Modulo 2\apache-tomee-plume-9.0.0-M7\temp\18-RegistroProductos" loaded.
01-Nov-2021 01:13:47.234 INFO [http-nio-8080-exec-40] org.apache.openejb.assembler.classic.Assembler.createApplication Assembling app: C:\Users\karen.reyes\Documents\Personal\Diplomado\Modulo 2\apache-tomee-plume-9.0.0-M7\temp\18-RegistroProductos
01-Nov-2021 01:13:47.259 INFO [http-nio-8080-exec-40] org.apache.tomee.catalina.TomcatWebAppBuilder.deployWebApps using context file C:\Users\karen.reyes\Documents\Personal\Diplomado\Modulo 2\apache-tomee-plume-9.0.0-M7\temp\18-RegistroProductos\META-INF\context.xml
01-Nov-2021 01:13:47.259 INFO [http-nio-8080-exec-40] org.apache.openejb.assembler.classic.Assembler.createApplication Deployed Application(path=C:\Users\karen.reyes\Documents\Personal\Diplomado\Modulo 2\apache-tomee-plume-9.0.0-M7\temp\18-RegistroProductos)
01-Nov-2021 01:13:47.267 SEVERE [http-nio-8080-exec-40] org.apache.tomee.catalina.TomcatWebAppBuilder.startInternal Error merging Java EE JNDI entries in to war /RegistroProductos: Exception: null
	java.lang.NullPointerException
		at org.apache.catalina.core.NamingContextListener.createSubcontexts(NamingContextListener.java:1240)
		at org.apache.catalina.core.NamingContextListener.addResourceEnvRef(NamingContextListener.java:1035)
		at org.apache.catalina.core.NamingContextListener.processGlobalResourcesChange(NamingContextListener.java:466)
		at org.apache.catalina.core.NamingContextListener.propertyChange(NamingContextListener.java:362)
		at java.beans.PropertyChangeSupport.fire(PropertyChangeSupport.java:335)
		at java.beans.PropertyChangeSupport.firePropertyChange(PropertyChangeSupport.java:327)
		at java.beans.PropertyChangeSupport.firePropertyChange(PropertyChangeSupport.java:263)
		at org.apache.catalina.deploy.NamingResourcesImpl.addResourceEnvRef(NamingResourcesImpl.java:451)
		at org.apache.tomee.catalina.OpenEJBNamingResource.addResourceEnvRef(OpenEJBNamingResource.java:84)
		at org.apache.tomee.catalina.TomcatJndiBuilder.mergeRef(TomcatJndiBuilder.java:724)
		at org.apache.tomee.catalina.TomcatJndiBuilder.mergeJndi(TomcatJndiBuilder.java:143)
		at org.apache.tomee.catalina.TomcatWebAppBuilder.startInternal(TomcatWebAppBuilder.java:1424)
		at org.apache.tomee.catalina.TomcatWebAppBuilder.configureStart(TomcatWebAppBuilder.java:1160)
		at org.apache.tomee.catalina.GlobalListenerSupport.lifecycleEvent(GlobalListenerSupport.java:134)
		at org.apache.catalina.util.LifecycleBase.fireLifecycleEvent(LifecycleBase.java:123)
		at org.apache.catalina.core.StandardContext.startInternal(StandardContext.java:5031)
		at org.apache.catalina.util.LifecycleBase.start(LifecycleBase.java:183)
		at org.apache.catalina.core.StandardContext.reload(StandardContext.java:3755)
		at org.apache.catalina.manager.ManagerServlet.reload(ManagerServlet.java:1125)
		at org.apache.catalina.manager.ManagerServlet.doGet(ManagerServlet.java:367)
		at jakarta.servlet.http.HttpServlet.service(HttpServlet.java:663)
		at jakarta.servlet.http.HttpServlet.service(HttpServlet.java:770)
		at org.apache.catalina.core.ApplicationFilterChain.internalDoFilter(ApplicationFilterChain.java:223)
		at org.apache.catalina.core.ApplicationFilterChain.doFilter(ApplicationFilterChain.java:158)
		at org.apache.tomcat.websocket.server.WsFilter.doFilter(WsFilter.java:53)
		at org.apache.catalina.core.ApplicationFilterChain.internalDoFilter(ApplicationFilterChain.java:185)
		at org.apache.catalina.core.ApplicationFilterChain.doFilter(ApplicationFilterChain.java:158)
		at org.apache.catalina.filters.HttpHeaderSecurityFilter.doFilter(HttpHeaderSecurityFilter.java:126)
		at org.apache.catalina.core.ApplicationFilterChain.internalDoFilter(ApplicationFilterChain.java:185)
		at org.apache.catalina.core.ApplicationFilterChain.doFilter(ApplicationFilterChain.java:158)
		at org.apache.catalina.core.StandardWrapperValve.invoke(StandardWrapperValve.java:202)
		at org.apache.catalina.core.StandardContextValve.invoke(StandardContextValve.java:97)
		at org.apache.tomee.catalina.OpenEJBValve.invoke(OpenEJBValve.java:45)
		at org.apache.catalina.authenticator.AuthenticatorBase.invoke(AuthenticatorBase.java:668)
		at org.apache.catalina.valves.RequestFilterValve.process(RequestFilterValve.java:378)
		at org.apache.catalina.valves.RemoteAddrValve.invoke(RemoteAddrValve.java:56)
		at org.apache.catalina.core.StandardHostValve.invoke(StandardHostValve.java:127)
		at org.apache.catalina.valves.ErrorReportValve.invoke(ErrorReportValve.java:92)
		at org.apache.tomee.catalina.OpenEJBSecurityListener$RequestCapturer.invoke(OpenEJBSecurityListener.java:97)
		at org.apache.catalina.valves.AbstractAccessLogValve.invoke(AbstractAccessLogValve.java:690)
		at org.apache.catalina.core.StandardEngineValve.invoke(StandardEngineValve.java:78)
		at org.apache.catalina.connector.CoyoteAdapter.service(CoyoteAdapter.java:353)
		at org.apache.coyote.http11.Http11Processor.service(Http11Processor.java:374)
		at org.apache.coyote.AbstractProcessorLight.process(AbstractProcessorLight.java:65)
		at org.apache.coyote.AbstractProtocol$ConnectionHandler.process(AbstractProtocol.java:870)
		at org.apache.tomcat.util.net.NioEndpoint$SocketProcessor.doRun(NioEndpoint.java:1696)
		at org.apache.tomcat.util.net.SocketProcessorBase.run(SocketProcessorBase.java:49)
		at java.util.concurrent.ThreadPoolExecutor.runWorker(ThreadPoolExecutor.java:1149)
		at java.util.concurrent.ThreadPoolExecutor$Worker.run(ThreadPoolExecutor.java:624)
		at org.apache.tomcat.util.threads.TaskThread$WrappingRunnable.run(TaskThread.java:61)
		at java.lang.Thread.run(Thread.java:748)
01-Nov-2021 01:13:47.396 INFO [http-nio-8080-exec-40] org.apache.jasper.servlet.TldScanner.scanJars At least one JAR was scanned for TLDs yet contained no TLDs. Enable debug logging for this logger for a complete list of JARs that were scanned but no TLDs were found in them. Skipping unneeded JARs during scanning can improve startup time and JSP compilation time.
01-Nov-2021 01:13:47.421 INFO [http-nio-8080-exec-40] org.apache.catalina.core.StandardContext.reload Reloading Context with name [/RegistroProductos] is completed
01-Nov-2021 01:19:59.075 INFO [main] org.apache.openejb.persistence.PersistenceBootstrap.getDefaultProvider Default JPA Provider changed to org.eclipse.persistence.jpa.PersistenceProvider specified by jar:file:/C:/Users/karen.reyes/Documents/Personal/Diplomado/Modulo%202/apache-tomee-plume-9.0.0-M7/lib/openejb-core-eclipselink-8.0.7.jar!/META-INF/org.apache.openejb.persistence.PersistenceBootstrap.provider
01-Nov-2021 01:19:59.194 INFO [main] sun.reflect.DelegatingMethodAccessorImpl.invoke A valid shutdown command was received via the shutdown port. Stopping the Server instance.
01-Nov-2021 01:19:59.194 INFO [main] sun.reflect.DelegatingMethodAccessorImpl.invoke Pausing ProtocolHandler ["http-nio-8080"]
01-Nov-2021 01:19:59.745 INFO [main] sun.reflect.DelegatingMethodAccessorImpl.invoke Stopping service [Catalina]
01-Nov-2021 01:19:59.754 WARNING [main] com.sun.faces.config.ConfigureListener.contextDestroyed Unexpected state during contextDestroyed: no ConfigManager instance in current ServletContext but one is expected to exist.
01-Nov-2021 01:19:59.762 INFO [main] org.apache.openejb.assembler.classic.Assembler.destroyApplication Undeploying app: C:\Users\karen.reyes\Documents\Personal\Diplomado\Modulo 2\apache-tomee-plume-9.0.0-M7\temp\0-MVCArchivoG1
01-Nov-2021 01:19:59.916 INFO [main] org.apache.openejb.assembler.classic.Assembler.destroyApplication Undeploying app: C:\Users\karen.reyes\Documents\Personal\Diplomado\Modulo 2\apache-tomee-plume-9.0.0-M7\temp\1-Practica3
01-Nov-2021 01:20:00.051 INFO [main] org.apache.openejb.assembler.classic.Assembler.destroyApplication Undeploying app: C:\Users\karen.reyes\Documents\Personal\Diplomado\Modulo 2\apache-tomee-plume-9.0.0-M7\temp\2-Servlet1M7
01-Nov-2021 01:20:00.325 INFO [main] org.apache.openejb.assembler.classic.Assembler.destroyApplication Undeploying app: C:\Users\karen.reyes\Documents\Personal\Diplomado\Modulo 2\apache-tomee-plume-9.0.0-M7\temp\3-docs
01-Nov-2021 01:20:00.449 INFO [main] org.apache.openejb.assembler.classic.Assembler.destroyApplication Undeploying app: C:\Users\karen.reyes\Documents\Personal\Diplomado\Modulo 2\apache-tomee-plume-9.0.0-M7\webapps\host-manager
01-Nov-2021 01:20:00.553 INFO [main] org.apache.openejb.assembler.classic.Assembler.destroyApplication Undeploying app: C:\Users\karen.reyes\Documents\Personal\Diplomado\Modulo 2\apache-tomee-plume-9.0.0-M7\webapps\manager
01-Nov-2021 01:20:00.624 INFO [main] org.apache.openejb.assembler.classic.Assembler.destroyApplication Undeploying app: C:\Users\karen.reyes\Documents\Personal\Diplomado\Modulo 2\apache-tomee-plume-9.0.0-M7\temp\4-ROOT
01-Nov-2021 01:20:00.766 INFO [main] org.apache.openejb.assembler.classic.Assembler.destroyApplication Undeploying app: C:\Users\karen.reyes\Documents\Personal\Diplomado\Modulo 2\apache-tomee-plume-9.0.0-M7\temp\18-RegistroProductos
01-Nov-2021 01:20:00.833 INFO [main] sun.reflect.DelegatingMethodAccessorImpl.invoke Stopping ProtocolHandler ["http-nio-8080"]
01-Nov-2021 01:20:00.887 INFO [main] org.apache.openejb.server.SimpleServiceManager.stop Stopping server services
01-Nov-2021 01:20:00.919 INFO [main] sun.reflect.DelegatingMethodAccessorImpl.invoke Destroying ProtocolHandler ["http-nio-8080"]
01-Nov-2021 01:20:04.799 INFO [main] org.apache.openejb.persistence.PersistenceBootstrap.getDefaultProvider Default JPA Provider changed to org.eclipse.persistence.jpa.PersistenceProvider specified by jar:file:/C:/Users/karen.reyes/Documents/Personal/Diplomado/Modulo%202/apache-tomee-plume-9.0.0-M7/lib/openejb-core-eclipselink-8.0.7.jar!/META-INF/org.apache.openejb.persistence.PersistenceBootstrap.provider
01-Nov-2021 01:20:05.066 INFO [main] sun.reflect.NativeMethodAccessorImpl.invoke Server version name:   Apache Tomcat (TomEE)/10.0.4 (9.0.0-M7)
01-Nov-2021 01:20:05.066 INFO [main] sun.reflect.NativeMethodAccessorImpl.invoke Server built:          Mar 5 2021 11:07:15 UTC
01-Nov-2021 01:20:05.066 INFO [main] sun.reflect.NativeMethodAccessorImpl.invoke Server version number: 10.0.4.0
01-Nov-2021 01:20:05.066 INFO [main] sun.reflect.NativeMethodAccessorImpl.invoke OS Name:               Windows 10
01-Nov-2021 01:20:05.066 INFO [main] sun.reflect.NativeMethodAccessorImpl.invoke OS Version:            10.0
01-Nov-2021 01:20:05.066 INFO [main] sun.reflect.NativeMethodAccessorImpl.invoke Architecture:          amd64
01-Nov-2021 01:20:05.066 INFO [main] sun.reflect.NativeMethodAccessorImpl.invoke Java Home:             C:\Program Files\Java\jdk1.8.0_291\jre
01-Nov-2021 01:20:05.066 INFO [main] sun.reflect.NativeMethodAccessorImpl.invoke JVM Version:           1.8.0_291-b10
01-Nov-2021 01:20:05.066 INFO [main] sun.reflect.NativeMethodAccessorImpl.invoke JVM Vendor:            Oracle Corporation
01-Nov-2021 01:20:05.066 INFO [main] sun.reflect.NativeMethodAccessorImpl.invoke CATALINA_BASE:         C:\Users\karen.reyes\Documents\Personal\Diplomado\Modulo 2\apache-tomee-plume-9.0.0-M7
01-Nov-2021 01:20:05.066 INFO [main] sun.reflect.NativeMethodAccessorImpl.invoke CATALINA_HOME:         C:\Users\karen.reyes\Documents\Personal\Diplomado\Modulo 2\apache-tomee-plume-9.0.0-M7
01-Nov-2021 01:20:05.066 INFO [main] sun.reflect.NativeMethodAccessorImpl.invoke Command line argument: -Djava.util.logging.config.file=C:\Users\karen.reyes\Documents\Personal\Diplomado\Modulo 2\apache-tomee-plume-9.0.0-M7\conf\logging.properties
01-Nov-2021 01:20:05.066 INFO [main] sun.reflect.NativeMethodAccessorImpl.invoke Command line argument: -Djava.util.logging.manager=org.apache.juli.ClassLoaderLogManager
01-Nov-2021 01:20:05.066 INFO [main] sun.reflect.NativeMethodAccessorImpl.invoke Command line argument: -javaagent:C:\Users\karen.reyes\Documents\Personal\Diplomado\Modulo 2\apache-tomee-plume-9.0.0-M7\lib\openejb-javaagent.jar
01-Nov-2021 01:20:05.066 INFO [main] sun.reflect.NativeMethodAccessorImpl.invoke Command line argument: -Djdk.tls.ephemeralDHKeySize=2048
01-Nov-2021 01:20:05.066 INFO [main] sun.reflect.NativeMethodAccessorImpl.invoke Command line argument: -Djava.protocol.handler.pkgs=org.apache.catalina.webresources
01-Nov-2021 01:20:05.066 INFO [main] sun.reflect.DelegatingMethodAccessorImpl.invoke Command line argument: -Dignore.endorsed.dirs=
01-Nov-2021 01:20:05.066 INFO [main] sun.reflect.DelegatingMethodAccessorImpl.invoke Command line argument: -Dcatalina.base=C:\Users\karen.reyes\Documents\Personal\Diplomado\Modulo 2\apache-tomee-plume-9.0.0-M7
01-Nov-2021 01:20:05.066 INFO [main] sun.reflect.DelegatingMethodAccessorImpl.invoke Command line argument: -Dcatalina.home=C:\Users\karen.reyes\Documents\Personal\Diplomado\Modulo 2\apache-tomee-plume-9.0.0-M7
01-Nov-2021 01:20:05.066 INFO [main] sun.reflect.DelegatingMethodAccessorImpl.invoke Command line argument: -Djava.io.tmpdir=C:\Users\karen.reyes\Documents\Personal\Diplomado\Modulo 2\apache-tomee-plume-9.0.0-M7\temp
01-Nov-2021 01:20:05.083 INFO [main] sun.reflect.DelegatingMethodAccessorImpl.invoke The Apache Tomcat Native library which allows using OpenSSL was not found on the java.library.path: [C:\Program Files\Java\jdk1.8.0_291\bin;C:\Windows\Sun\Java\bin;C:\Windows\system32;C:\Windows;C:\Program Files\Common Files\Oracle\Java\javapath;C:\Program Files (x86)\Common Files\Oracle\Java\javapath;C:\Windows\system32;C:\Windows;C:\Windows\System32\Wbem;C:\Windows\System32\WindowsPowerShell\v1.0\;C:\Windows\System32\OpenSSH\;C:\Program Files (x86)\Microsoft SQL Server\150\DTS\Binn\;C:\Program Files\Azure Data Studio\bin;C:\Program Files\Microsoft SQL Server\Client SDK\ODBC\170\Tools\Binn\;C:\Program Files (x86)\Microsoft SQL Server\150\Tools\Binn\;C:\Program Files\Microsoft SQL Server\150\Tools\Binn\;C:\Program Files\Microsoft SQL Server\150\DTS\Binn\;C:\Strawberry\c\bin;C:\Strawberry\perl\site\bin;C:\Strawberry\perl\bin;C:\Program Files\Microsoft SQL Server\Client SDK\ODBC\110\Tools\Binn\;C:\Program Files (x86)\Microsoft SQL Server\120\Tools\Binn\;C:\Program Files\Microsoft SQL Server\120\Tools\Binn\;C:\Program Files\Microsoft SQL Server\120\DTS\Binn\;C:\Program Files\Microsoft SQL Server\Client SDK\ODBC\130\Tools\Binn\;C:\Program Files (x86)\Microsoft SQL Server\130\Tools\Binn\;C:\Program Files\Microsoft SQL Server\130\Tools\Binn\;C:\Program Files\Microsoft SQL Server\130\DTS\Binn\;C:\Program Files (x86)\Microsoft SQL Server\140\Tools\Binn\;C:\Program Files\Microsoft SQL Server\140\Tools\Binn\;C:\Program Files\Microsoft SQL Server\140\DTS\Binn\;C:\Program Files\PuTTY\;c:\Program Files (x86)\Microsoft SQL Server\90\Tools\binn\;C:\ant\bin;C:\Program Files\dotnet\;C:\Program Files\Git\cmd;C:\LINGO64_19\;C:\Program Files\Java\jdk-1.8.0_291;C:\Program Files\nodejs\;C:\Program Files (x86)\BaseX\bin;C:\Users\karen.reyes\AppData\Local\Microsoft\WindowsApps;C:\Program Files\Azure Data Studio\bin;C:\Users\karen.reyes\AppData\Local\Programs\MiKTeX\miktex\bin\x64\;C:\Users\karen.reyes\.dotnet\tools;C:\Program Files\Java\jdk-1.8.0_291;;C:\Users\karen.reyes\AppData\Local\Programs\Microsoft VS Code\bin;C:\Users\karen.reyes\AppData\Roaming\npm;.]
01-Nov-2021 01:20:05.558 INFO [main] sun.reflect.DelegatingMethodAccessorImpl.invoke Initializing ProtocolHandler ["http-nio-8080"]
01-Nov-2021 01:20:05.816 INFO [main] org.apache.openejb.util.OptionsLog.info Using 'openejb.jdbc.datasource-creator=org.apache.tomee.jdbc.TomEEDataSourceCreator'
01-Nov-2021 01:20:05.900 INFO [main] org.apache.openejb.OpenEJB$Instance.<init> ********************************************************************************
01-Nov-2021 01:20:05.900 INFO [main] org.apache.openejb.OpenEJB$Instance.<init> OpenEJB http://tomee.apache.org/
01-Nov-2021 01:20:05.900 INFO [main] org.apache.openejb.OpenEJB$Instance.<init> Startup: Mon Nov 01 01:20:05 CST 2021
01-Nov-2021 01:20:05.900 INFO [main] org.apache.openejb.OpenEJB$Instance.<init> Copyright 1999-2021 (C) Apache TomEE Project, All Rights Reserved.
01-Nov-2021 01:20:05.900 INFO [main] org.apache.openejb.OpenEJB$Instance.<init> Version: 9.0.0-M7
01-Nov-2021 01:20:05.900 INFO [main] org.apache.openejb.OpenEJB$Instance.<init> Build date: 20210503
01-Nov-2021 01:20:05.900 INFO [main] org.apache.openejb.OpenEJB$Instance.<init> Build time: 02:39
01-Nov-2021 01:20:05.900 INFO [main] org.apache.openejb.OpenEJB$Instance.<init> ********************************************************************************
01-Nov-2021 01:20:05.900 INFO [main] org.apache.openejb.OpenEJB$Instance.<init> openejb.home = C:\Users\karen.reyes\Documents\Personal\Diplomado\Modulo 2\apache-tomee-plume-9.0.0-M7
01-Nov-2021 01:20:05.900 INFO [main] org.apache.openejb.OpenEJB$Instance.<init> openejb.base = C:\Users\karen.reyes\Documents\Personal\Diplomado\Modulo 2\apache-tomee-plume-9.0.0-M7
01-Nov-2021 01:20:05.900 INFO [main] org.apache.openejb.cdi.CdiBuilder.initializeOWB Created new singletonService org.apache.openejb.cdi.ThreadSingletonServiceImpl@67d48005
01-Nov-2021 01:20:05.900 INFO [main] org.apache.openejb.cdi.CdiBuilder.initializeOWB Succeeded in installing singleton service
01-Nov-2021 01:20:05.929 WARNING [main] org.apache.openejb.assembler.classic.Assembler.initBValFiltering Can't setup BVal filtering, this can impact negatively performances: org/apache/bval/cdi/BValExtension$AnnotatedTypeFilter
01-Nov-2021 01:20:05.931 INFO [main] org.apache.openejb.config.ConfigurationFactory.init TomEE configuration file is 'C:\Users\karen.reyes\Documents\Personal\Diplomado\Modulo 2\apache-tomee-plume-9.0.0-M7\conf\tomee.xml'
01-Nov-2021 01:20:05.965 INFO [main] org.apache.openejb.config.ConfigurationFactory.configureService Configuring Service(id=Tomcat Security Service, type=SecurityService, provider-id=Tomcat Security Service)
01-Nov-2021 01:20:05.968 INFO [main] org.apache.openejb.config.ConfigurationFactory.configureService Configuring Service(id=Default Transaction Manager, type=TransactionManager, provider-id=Default Transaction Manager)
01-Nov-2021 01:20:05.968 INFO [main] org.apache.openejb.util.OptionsLog.info Using 'openejb.deployments.classpath=false'
01-Nov-2021 01:20:05.968 INFO [main] org.apache.openejb.assembler.classic.Assembler.createRecipe Creating TransactionManager(id=Default Transaction Manager)
01-Nov-2021 01:20:06.058 INFO [main] org.apache.openejb.assembler.classic.Assembler.createRecipe Creating SecurityService(id=Tomcat Security Service)
01-Nov-2021 01:20:06.118 INFO [main] org.apache.openejb.server.ServiceManager.initServer Creating ServerService(id=cxf)
01-Nov-2021 01:20:06.328 INFO [main] org.apache.openejb.server.ServiceManager.initServer Creating ServerService(id=cxf-rs)
01-Nov-2021 01:20:06.353 INFO [main] org.apache.openejb.server.SimpleServiceManager.start   ** Bound Services **
01-Nov-2021 01:20:06.353 INFO [main] org.apache.openejb.server.SimpleServiceManager.printRow   NAME                 IP              PORT  
01-Nov-2021 01:20:06.353 INFO [main] org.apache.openejb.server.SimpleServiceManager.start -------
01-Nov-2021 01:20:06.353 INFO [main] org.apache.openejb.server.SimpleServiceManager.start Ready!
01-Nov-2021 01:20:06.353 INFO [main] sun.reflect.DelegatingMethodAccessorImpl.invoke Server initialization in [1527] milliseconds
01-Nov-2021 01:20:06.384 INFO [main] org.apache.tomee.catalina.OpenEJBNamingContextListener.bindResource Importing a Tomcat Resource with id 'UserDatabase' of type 'org.apache.catalina.UserDatabase'.
01-Nov-2021 01:20:06.384 INFO [main] org.apache.openejb.assembler.classic.Assembler.createRecipe Creating Resource(id=UserDatabase)
01-Nov-2021 01:20:06.401 INFO [main] sun.reflect.DelegatingMethodAccessorImpl.invoke Starting service [Catalina]
01-Nov-2021 01:20:06.401 INFO [main] sun.reflect.DelegatingMethodAccessorImpl.invoke Starting Servlet engine: [Apache Tomcat (TomEE)/10.0.4 (9.0.0-M7)]
01-Nov-2021 01:20:06.428 INFO [main] sun.reflect.DelegatingMethodAccessorImpl.invoke Deploying deployment descriptor [C:\Users\karen.reyes\Documents\Personal\Diplomado\Modulo 2\apache-tomee-plume-9.0.0-M7\conf\Catalina\localhost\MVCArchivoG1.xml]
01-Nov-2021 01:20:06.441 WARNING [main] sun.reflect.NativeMethodAccessorImpl.invoke The path attribute with value [/MVCArchivoG1] in deployment descriptor [C:\Users\karen.reyes\Documents\Personal\Diplomado\Modulo 2\apache-tomee-plume-9.0.0-M7\conf\Catalina\localhost\MVCArchivoG1.xml] has been ignored
01-Nov-2021 01:20:06.450 INFO [main] org.apache.tomee.catalina.TomcatWebAppBuilder.init ------------------------- localhost -> /MVCArchivoG1
01-Nov-2021 01:20:06.633 INFO [main] org.apache.openejb.config.ConfigurationFactory.configureApplication Configuring enterprise application: C:\Users\karen.reyes\Documents\Personal\Diplomado\Modulo 2\apache-tomee-plume-9.0.0-M7\temp\0-MVCArchivoG1
01-Nov-2021 01:20:06.733 INFO [main] org.apache.openejb.config.ConfigurationFactory.configureService Configuring Service(id=Default Managed Container, type=Container, provider-id=Default Managed Container)
01-Nov-2021 01:20:06.733 INFO [main] org.apache.openejb.config.AutoConfig.createContainer Auto-creating a container for bean MVCArchivoG1.Comp1048434276: Container(type=MANAGED, id=Default Managed Container)
01-Nov-2021 01:20:06.733 INFO [main] org.apache.openejb.assembler.classic.Assembler.createRecipe Creating Container(id=Default Managed Container)
01-Nov-2021 01:20:06.741 INFO [main] org.apache.openejb.core.managed.SimplePassivater.init Using directory C:\Users\karen.reyes\Documents\Personal\Diplomado\Modulo 2\apache-tomee-plume-9.0.0-M7\temp for stateful session passivation
01-Nov-2021 01:20:06.775 INFO [main] org.apache.openejb.config.AppInfoBuilder.build Enterprise application "C:\Users\karen.reyes\Documents\Personal\Diplomado\Modulo 2\apache-tomee-plume-9.0.0-M7\temp\0-MVCArchivoG1" loaded.
01-Nov-2021 01:20:07.511 INFO [main] org.apache.openejb.assembler.classic.Assembler.createApplication Assembling app: C:\Users\karen.reyes\Documents\Personal\Diplomado\Modulo 2\apache-tomee-plume-9.0.0-M7\temp\0-MVCArchivoG1
01-Nov-2021 01:20:07.642 INFO [main] org.hibernate.validator.internal.util.Version.<clinit> HV000001: Hibernate Validator 7.0.0.Final
01-Nov-2021 01:20:07.941 INFO [main] org.apache.tomee.catalina.TomcatWebAppBuilder.deployWebApps using context file C:\Users\karen.reyes\Documents\Personal\Diplomado\Modulo 2\apache-tomee-plume-9.0.0-M7\temp\0-MVCArchivoG1\META-INF\context.xml
01-Nov-2021 01:20:07.941 INFO [main] org.apache.openejb.assembler.classic.Assembler.createApplication Deployed Application(path=C:\Users\karen.reyes\Documents\Personal\Diplomado\Modulo 2\apache-tomee-plume-9.0.0-M7\temp\0-MVCArchivoG1)
01-Nov-2021 01:20:08.233 INFO [main] org.apache.jasper.servlet.TldScanner.scanJars At least one JAR was scanned for TLDs yet contained no TLDs. Enable debug logging for this logger for a complete list of JARs that were scanned but no TLDs were found in them. Skipping unneeded JARs during scanning can improve startup time and JSP compilation time.
01-Nov-2021 01:20:08.347 INFO [main] sun.reflect.DelegatingMethodAccessorImpl.invoke Deployment of deployment descriptor [C:\Users\karen.reyes\Documents\Personal\Diplomado\Modulo 2\apache-tomee-plume-9.0.0-M7\conf\Catalina\localhost\MVCArchivoG1.xml] has finished in [1,919] ms
01-Nov-2021 01:20:08.347 INFO [main] sun.reflect.DelegatingMethodAccessorImpl.invoke Deploying deployment descriptor [C:\Users\karen.reyes\Documents\Personal\Diplomado\Modulo 2\apache-tomee-plume-9.0.0-M7\conf\Catalina\localhost\Practica3.xml]
01-Nov-2021 01:20:08.350 WARNING [main] sun.reflect.NativeMethodAccessorImpl.invoke The path attribute with value [/Practica3] in deployment descriptor [C:\Users\karen.reyes\Documents\Personal\Diplomado\Modulo 2\apache-tomee-plume-9.0.0-M7\conf\Catalina\localhost\Practica3.xml] has been ignored
01-Nov-2021 01:20:08.351 INFO [main] org.apache.tomee.catalina.TomcatWebAppBuilder.init ------------------------- localhost -> /Practica3
01-Nov-2021 01:20:08.411 INFO [main] org.apache.openejb.config.ConfigurationFactory.configureApplication Configuring enterprise application: C:\Users\karen.reyes\Documents\Personal\Diplomado\Modulo 2\apache-tomee-plume-9.0.0-M7\temp\1-Practica3
01-Nov-2021 01:20:08.441 INFO [main] org.apache.openejb.config.AppInfoBuilder.build Enterprise application "C:\Users\karen.reyes\Documents\Personal\Diplomado\Modulo 2\apache-tomee-plume-9.0.0-M7\temp\1-Practica3" loaded.
01-Nov-2021 01:20:08.441 INFO [main] org.apache.openejb.assembler.classic.Assembler.createApplication Assembling app: C:\Users\karen.reyes\Documents\Personal\Diplomado\Modulo 2\apache-tomee-plume-9.0.0-M7\temp\1-Practica3
01-Nov-2021 01:20:08.474 INFO [main] org.apache.tomee.catalina.TomcatWebAppBuilder.deployWebApps using context file C:\Users\karen.reyes\Documents\Personal\Diplomado\Modulo 2\apache-tomee-plume-9.0.0-M7\temp\1-Practica3\META-INF\context.xml
01-Nov-2021 01:20:08.474 INFO [main] org.apache.openejb.assembler.classic.Assembler.createApplication Deployed Application(path=C:\Users\karen.reyes\Documents\Personal\Diplomado\Modulo 2\apache-tomee-plume-9.0.0-M7\temp\1-Practica3)
01-Nov-2021 01:20:08.650 INFO [main] org.apache.jasper.servlet.TldScanner.scanJars At least one JAR was scanned for TLDs yet contained no TLDs. Enable debug logging for this logger for a complete list of JARs that were scanned but no TLDs were found in them. Skipping unneeded JARs during scanning can improve startup time and JSP compilation time.
01-Nov-2021 01:20:08.682 INFO [main] sun.reflect.DelegatingMethodAccessorImpl.invoke Deployment of deployment descriptor [C:\Users\karen.reyes\Documents\Personal\Diplomado\Modulo 2\apache-tomee-plume-9.0.0-M7\conf\Catalina\localhost\Practica3.xml] has finished in [335] ms
01-Nov-2021 01:20:08.682 INFO [main] sun.reflect.DelegatingMethodAccessorImpl.invoke Deploying deployment descriptor [C:\Users\karen.reyes\Documents\Personal\Diplomado\Modulo 2\apache-tomee-plume-9.0.0-M7\conf\Catalina\localhost\RegistroProductos.xml]
01-Nov-2021 01:20:08.682 WARNING [main] sun.reflect.NativeMethodAccessorImpl.invoke The path attribute with value [/RegistroProductos] in deployment descriptor [C:\Users\karen.reyes\Documents\Personal\Diplomado\Modulo 2\apache-tomee-plume-9.0.0-M7\conf\Catalina\localhost\RegistroProductos.xml] has been ignored
01-Nov-2021 01:20:08.682 INFO [main] org.apache.tomee.catalina.TomcatWebAppBuilder.init ------------------------- localhost -> /RegistroProductos
01-Nov-2021 01:20:08.766 INFO [main] org.apache.openejb.config.ConfigurationFactory.configureApplication Configuring enterprise application: C:\Users\karen.reyes\Documents\Personal\Diplomado\Modulo 2\apache-tomee-plume-9.0.0-M7\temp\2-RegistroProductos
01-Nov-2021 01:20:08.799 INFO [main] org.apache.openejb.config.AppInfoBuilder.build Enterprise application "C:\Users\karen.reyes\Documents\Personal\Diplomado\Modulo 2\apache-tomee-plume-9.0.0-M7\temp\2-RegistroProductos" loaded.
01-Nov-2021 01:20:08.799 INFO [main] org.apache.openejb.assembler.classic.Assembler.createApplication Assembling app: C:\Users\karen.reyes\Documents\Personal\Diplomado\Modulo 2\apache-tomee-plume-9.0.0-M7\temp\2-RegistroProductos
01-Nov-2021 01:20:08.816 INFO [main] org.apache.tomee.catalina.TomcatWebAppBuilder.deployWebApps using context file C:\Users\karen.reyes\Documents\Personal\Diplomado\Modulo 2\apache-tomee-plume-9.0.0-M7\temp\2-RegistroProductos\META-INF\context.xml
01-Nov-2021 01:20:08.816 INFO [main] org.apache.openejb.assembler.classic.Assembler.createApplication Deployed Application(path=C:\Users\karen.reyes\Documents\Personal\Diplomado\Modulo 2\apache-tomee-plume-9.0.0-M7\temp\2-RegistroProductos)
01-Nov-2021 01:20:08.911 INFO [main] org.apache.jasper.servlet.TldScanner.scanJars At least one JAR was scanned for TLDs yet contained no TLDs. Enable debug logging for this logger for a complete list of JARs that were scanned but no TLDs were found in them. Skipping unneeded JARs during scanning can improve startup time and JSP compilation time.
01-Nov-2021 01:20:08.929 INFO [main] sun.reflect.DelegatingMethodAccessorImpl.invoke Deployment of deployment descriptor [C:\Users\karen.reyes\Documents\Personal\Diplomado\Modulo 2\apache-tomee-plume-9.0.0-M7\conf\Catalina\localhost\RegistroProductos.xml] has finished in [247] ms
01-Nov-2021 01:20:08.929 INFO [main] sun.reflect.DelegatingMethodAccessorImpl.invoke Deploying deployment descriptor [C:\Users\karen.reyes\Documents\Personal\Diplomado\Modulo 2\apache-tomee-plume-9.0.0-M7\conf\Catalina\localhost\Servlet1M7.xml]
01-Nov-2021 01:20:08.929 WARNING [main] sun.reflect.NativeMethodAccessorImpl.invoke The path attribute with value [/Servlet1M7] in deployment descriptor [C:\Users\karen.reyes\Documents\Personal\Diplomado\Modulo 2\apache-tomee-plume-9.0.0-M7\conf\Catalina\localhost\Servlet1M7.xml] has been ignored
01-Nov-2021 01:20:08.929 INFO [main] org.apache.tomee.catalina.TomcatWebAppBuilder.init ------------------------- localhost -> /Servlet1M7
01-Nov-2021 01:20:08.976 INFO [main] org.apache.openejb.config.ConfigurationFactory.configureApplication Configuring enterprise application: C:\Users\karen.reyes\Documents\Personal\Diplomado\Modulo 2\apache-tomee-plume-9.0.0-M7\temp\3-Servlet1M7
01-Nov-2021 01:20:09.008 INFO [main] org.apache.openejb.config.AppInfoBuilder.build Enterprise application "C:\Users\karen.reyes\Documents\Personal\Diplomado\Modulo 2\apache-tomee-plume-9.0.0-M7\temp\3-Servlet1M7" loaded.
01-Nov-2021 01:20:09.008 INFO [main] org.apache.openejb.assembler.classic.Assembler.createApplication Assembling app: C:\Users\karen.reyes\Documents\Personal\Diplomado\Modulo 2\apache-tomee-plume-9.0.0-M7\temp\3-Servlet1M7
01-Nov-2021 01:20:09.028 INFO [main] org.apache.tomee.catalina.TomcatWebAppBuilder.deployWebApps using context file C:\Users\karen.reyes\Documents\Personal\Diplomado\Modulo 2\apache-tomee-plume-9.0.0-M7\temp\3-Servlet1M7\META-INF\context.xml
01-Nov-2021 01:20:09.028 INFO [main] org.apache.openejb.assembler.classic.Assembler.createApplication Deployed Application(path=C:\Users\karen.reyes\Documents\Personal\Diplomado\Modulo 2\apache-tomee-plume-9.0.0-M7\temp\3-Servlet1M7)
01-Nov-2021 01:20:09.111 INFO [main] org.apache.jasper.servlet.TldScanner.scanJars At least one JAR was scanned for TLDs yet contained no TLDs. Enable debug logging for this logger for a complete list of JARs that were scanned but no TLDs were found in them. Skipping unneeded JARs during scanning can improve startup time and JSP compilation time.
01-Nov-2021 01:20:09.139 INFO [main] sun.reflect.DelegatingMethodAccessorImpl.invoke Deployment of deployment descriptor [C:\Users\karen.reyes\Documents\Personal\Diplomado\Modulo 2\apache-tomee-plume-9.0.0-M7\conf\Catalina\localhost\Servlet1M7.xml] has finished in [210] ms
01-Nov-2021 01:20:09.141 INFO [main] sun.reflect.DelegatingMethodAccessorImpl.invoke Deploying web application directory [C:\Users\karen.reyes\Documents\Personal\Diplomado\Modulo 2\apache-tomee-plume-9.0.0-M7\webapps\docs]
01-Nov-2021 01:20:09.141 INFO [main] org.apache.tomee.catalina.TomcatWebAppBuilder.init ------------------------- localhost -> /docs
01-Nov-2021 01:20:09.291 INFO [main] org.apache.openejb.config.ConfigurationFactory.configureApplication Configuring enterprise application: C:\Users\karen.reyes\Documents\Personal\Diplomado\Modulo 2\apache-tomee-plume-9.0.0-M7\temp\4-docs
01-Nov-2021 01:20:09.297 INFO [main] org.apache.openejb.config.AppInfoBuilder.build Enterprise application "C:\Users\karen.reyes\Documents\Personal\Diplomado\Modulo 2\apache-tomee-plume-9.0.0-M7\temp\4-docs" loaded.
01-Nov-2021 01:20:09.297 INFO [main] org.apache.openejb.assembler.classic.Assembler.createApplication Assembling app: C:\Users\karen.reyes\Documents\Personal\Diplomado\Modulo 2\apache-tomee-plume-9.0.0-M7\temp\4-docs
01-Nov-2021 01:20:09.313 INFO [main] org.apache.openejb.assembler.classic.Assembler.createApplication Deployed Application(path=C:\Users\karen.reyes\Documents\Personal\Diplomado\Modulo 2\apache-tomee-plume-9.0.0-M7\temp\4-docs)
01-Nov-2021 01:20:09.393 INFO [main] org.apache.jasper.servlet.TldScanner.scanJars At least one JAR was scanned for TLDs yet contained no TLDs. Enable debug logging for this logger for a complete list of JARs that were scanned but no TLDs were found in them. Skipping unneeded JARs during scanning can improve startup time and JSP compilation time.
01-Nov-2021 01:20:09.408 INFO [main] sun.reflect.DelegatingMethodAccessorImpl.invoke Deployment of web application directory [C:\Users\karen.reyes\Documents\Personal\Diplomado\Modulo 2\apache-tomee-plume-9.0.0-M7\webapps\docs] has finished in [267] ms
01-Nov-2021 01:20:09.408 INFO [main] sun.reflect.DelegatingMethodAccessorImpl.invoke Deploying web application directory [C:\Users\karen.reyes\Documents\Personal\Diplomado\Modulo 2\apache-tomee-plume-9.0.0-M7\webapps\host-manager]
01-Nov-2021 01:20:09.408 INFO [main] org.apache.tomee.catalina.TomcatWebAppBuilder.init ------------------------- localhost -> /host-manager
01-Nov-2021 01:20:09.444 INFO [main] org.apache.openejb.config.ConfigurationFactory.configureApplication Configuring enterprise application: C:\Users\karen.reyes\Documents\Personal\Diplomado\Modulo 2\apache-tomee-plume-9.0.0-M7\webapps\host-manager
01-Nov-2021 01:20:09.454 INFO [main] org.apache.openejb.config.AppInfoBuilder.build Enterprise application "C:\Users\karen.reyes\Documents\Personal\Diplomado\Modulo 2\apache-tomee-plume-9.0.0-M7\webapps\host-manager" loaded.
01-Nov-2021 01:20:09.454 INFO [main] org.apache.openejb.assembler.classic.Assembler.createApplication Assembling app: C:\Users\karen.reyes\Documents\Personal\Diplomado\Modulo 2\apache-tomee-plume-9.0.0-M7\webapps\host-manager
01-Nov-2021 01:20:09.462 INFO [main] org.apache.tomee.catalina.TomcatWebAppBuilder.deployWebApps using context file C:\Users\karen.reyes\Documents\Personal\Diplomado\Modulo 2\apache-tomee-plume-9.0.0-M7\webapps\host-manager\META-INF\context.xml
01-Nov-2021 01:20:09.462 INFO [main] org.apache.openejb.assembler.classic.Assembler.createApplication Deployed Application(path=C:\Users\karen.reyes\Documents\Personal\Diplomado\Modulo 2\apache-tomee-plume-9.0.0-M7\webapps\host-manager)
01-Nov-2021 01:20:09.521 INFO [main] org.apache.jasper.servlet.TldScanner.scanJars At least one JAR was scanned for TLDs yet contained no TLDs. Enable debug logging for this logger for a complete list of JARs that were scanned but no TLDs were found in them. Skipping unneeded JARs during scanning can improve startup time and JSP compilation time.
01-Nov-2021 01:20:09.547 INFO [main] sun.reflect.DelegatingMethodAccessorImpl.invoke Deployment of web application directory [C:\Users\karen.reyes\Documents\Personal\Diplomado\Modulo 2\apache-tomee-plume-9.0.0-M7\webapps\host-manager] has finished in [139] ms
01-Nov-2021 01:20:09.547 INFO [main] sun.reflect.DelegatingMethodAccessorImpl.invoke Deploying web application directory [C:\Users\karen.reyes\Documents\Personal\Diplomado\Modulo 2\apache-tomee-plume-9.0.0-M7\webapps\manager]
01-Nov-2021 01:20:09.547 INFO [main] org.apache.tomee.catalina.TomcatWebAppBuilder.init ------------------------- localhost -> /manager
01-Nov-2021 01:20:09.576 INFO [main] org.apache.openejb.config.ConfigurationFactory.configureApplication Configuring enterprise application: C:\Users\karen.reyes\Documents\Personal\Diplomado\Modulo 2\apache-tomee-plume-9.0.0-M7\webapps\manager
01-Nov-2021 01:20:09.577 INFO [main] org.apache.openejb.config.AppInfoBuilder.build Enterprise application "C:\Users\karen.reyes\Documents\Personal\Diplomado\Modulo 2\apache-tomee-plume-9.0.0-M7\webapps\manager" loaded.
01-Nov-2021 01:20:09.577 INFO [main] org.apache.openejb.assembler.classic.Assembler.createApplication Assembling app: C:\Users\karen.reyes\Documents\Personal\Diplomado\Modulo 2\apache-tomee-plume-9.0.0-M7\webapps\manager
01-Nov-2021 01:20:09.591 INFO [main] org.apache.tomee.catalina.TomcatWebAppBuilder.deployWebApps using context file C:\Users\karen.reyes\Documents\Personal\Diplomado\Modulo 2\apache-tomee-plume-9.0.0-M7\webapps\manager\META-INF\context.xml
01-Nov-2021 01:20:09.591 INFO [main] org.apache.openejb.assembler.classic.Assembler.createApplication Deployed Application(path=C:\Users\karen.reyes\Documents\Personal\Diplomado\Modulo 2\apache-tomee-plume-9.0.0-M7\webapps\manager)
01-Nov-2021 01:20:09.666 INFO [main] org.apache.jasper.servlet.TldScanner.scanJars At least one JAR was scanned for TLDs yet contained no TLDs. Enable debug logging for this logger for a complete list of JARs that were scanned but no TLDs were found in them. Skipping unneeded JARs during scanning can improve startup time and JSP compilation time.
01-Nov-2021 01:20:09.682 INFO [main] sun.reflect.DelegatingMethodAccessorImpl.invoke Deployment of web application directory [C:\Users\karen.reyes\Documents\Personal\Diplomado\Modulo 2\apache-tomee-plume-9.0.0-M7\webapps\manager] has finished in [135] ms
01-Nov-2021 01:20:09.682 INFO [main] sun.reflect.DelegatingMethodAccessorImpl.invoke Deploying web application directory [C:\Users\karen.reyes\Documents\Personal\Diplomado\Modulo 2\apache-tomee-plume-9.0.0-M7\webapps\ROOT]
01-Nov-2021 01:20:09.682 INFO [main] org.apache.tomee.catalina.TomcatWebAppBuilder.init ------------------------- localhost -> /
01-Nov-2021 01:20:09.720 INFO [main] org.apache.openejb.config.ConfigurationFactory.configureApplication Configuring enterprise application: C:\Users\karen.reyes\Documents\Personal\Diplomado\Modulo 2\apache-tomee-plume-9.0.0-M7\temp\5-ROOT
01-Nov-2021 01:20:09.725 INFO [main] org.apache.openejb.config.AppInfoBuilder.build Enterprise application "C:\Users\karen.reyes\Documents\Personal\Diplomado\Modulo 2\apache-tomee-plume-9.0.0-M7\temp\5-ROOT" loaded.
01-Nov-2021 01:20:09.725 INFO [main] org.apache.openejb.assembler.classic.Assembler.createApplication Assembling app: C:\Users\karen.reyes\Documents\Personal\Diplomado\Modulo 2\apache-tomee-plume-9.0.0-M7\temp\5-ROOT
01-Nov-2021 01:20:09.732 INFO [main] org.apache.openejb.assembler.classic.Assembler.createApplication Deployed Application(path=C:\Users\karen.reyes\Documents\Personal\Diplomado\Modulo 2\apache-tomee-plume-9.0.0-M7\temp\5-ROOT)
01-Nov-2021 01:20:09.800 INFO [main] org.apache.jasper.servlet.TldScanner.scanJars At least one JAR was scanned for TLDs yet contained no TLDs. Enable debug logging for this logger for a complete list of JARs that were scanned but no TLDs were found in them. Skipping unneeded JARs during scanning can improve startup time and JSP compilation time.
01-Nov-2021 01:20:09.816 INFO [main] sun.reflect.DelegatingMethodAccessorImpl.invoke Deployment of web application directory [C:\Users\karen.reyes\Documents\Personal\Diplomado\Modulo 2\apache-tomee-plume-9.0.0-M7\webapps\ROOT] has finished in [134] ms
01-Nov-2021 01:20:09.816 INFO [main] sun.reflect.DelegatingMethodAccessorImpl.invoke Starting ProtocolHandler ["http-nio-8080"]
01-Nov-2021 01:20:09.838 INFO [main] sun.reflect.DelegatingMethodAccessorImpl.invoke Server startup in [3483] milliseconds
01-Nov-2021 01:20:19.758 INFO [http-nio-8080-exec-10] org.apache.catalina.core.StandardContext.reload Reloading Context with name [/RegistroProductos] has started
01-Nov-2021 01:20:19.791 WARNING [http-nio-8080-exec-10] com.sun.faces.config.ConfigureListener.contextDestroyed Unexpected state during contextDestroyed: no ConfigManager instance in current ServletContext but one is expected to exist.
01-Nov-2021 01:20:19.832 INFO [http-nio-8080-exec-10] org.apache.openejb.assembler.classic.Assembler.destroyApplication Undeploying app: C:\Users\karen.reyes\Documents\Personal\Diplomado\Modulo 2\apache-tomee-plume-9.0.0-M7\temp\2-RegistroProductos
01-Nov-2021 01:20:20.100 INFO [http-nio-8080-exec-10] org.apache.openejb.config.ConfigurationFactory.configureApplication Configuring enterprise application: C:\Users\karen.reyes\Documents\Personal\Diplomado\Modulo 2\apache-tomee-plume-9.0.0-M7\temp\6-RegistroProductos
01-Nov-2021 01:20:20.124 INFO [http-nio-8080-exec-10] org.apache.openejb.config.AppInfoBuilder.build Enterprise application "C:\Users\karen.reyes\Documents\Personal\Diplomado\Modulo 2\apache-tomee-plume-9.0.0-M7\temp\6-RegistroProductos" loaded.
01-Nov-2021 01:20:20.124 INFO [http-nio-8080-exec-10] org.apache.openejb.assembler.classic.Assembler.createApplication Assembling app: C:\Users\karen.reyes\Documents\Personal\Diplomado\Modulo 2\apache-tomee-plume-9.0.0-M7\temp\6-RegistroProductos
01-Nov-2021 01:20:20.142 INFO [http-nio-8080-exec-10] org.apache.tomee.catalina.TomcatWebAppBuilder.deployWebApps using context file C:\Users\karen.reyes\Documents\Personal\Diplomado\Modulo 2\apache-tomee-plume-9.0.0-M7\temp\6-RegistroProductos\META-INF\context.xml
01-Nov-2021 01:20:20.142 INFO [http-nio-8080-exec-10] org.apache.openejb.assembler.classic.Assembler.createApplication Deployed Application(path=C:\Users\karen.reyes\Documents\Personal\Diplomado\Modulo 2\apache-tomee-plume-9.0.0-M7\temp\6-RegistroProductos)
01-Nov-2021 01:20:20.232 INFO [http-nio-8080-exec-10] org.apache.jasper.servlet.TldScanner.scanJars At least one JAR was scanned for TLDs yet contained no TLDs. Enable debug logging for this logger for a complete list of JARs that were scanned but no TLDs were found in them. Skipping unneeded JARs during scanning can improve startup time and JSP compilation time.
01-Nov-2021 01:20:20.249 INFO [http-nio-8080-exec-10] org.apache.catalina.core.StandardContext.reload Reloading Context with name [/RegistroProductos] is completed
01-Nov-2021 01:22:31.609 INFO [main] org.apache.openejb.persistence.PersistenceBootstrap.getDefaultProvider Default JPA Provider changed to org.eclipse.persistence.jpa.PersistenceProvider specified by jar:file:/C:/Users/karen.reyes/Documents/Personal/Diplomado/Modulo%202/apache-tomee-plume-9.0.0-M7/lib/openejb-core-eclipselink-8.0.7.jar!/META-INF/org.apache.openejb.persistence.PersistenceBootstrap.provider
01-Nov-2021 01:22:31.754 INFO [main] sun.reflect.DelegatingMethodAccessorImpl.invoke A valid shutdown command was received via the shutdown port. Stopping the Server instance.
01-Nov-2021 01:22:31.760 INFO [main] sun.reflect.DelegatingMethodAccessorImpl.invoke Pausing ProtocolHandler ["http-nio-8080"]
01-Nov-2021 01:22:32.218 INFO [main] sun.reflect.DelegatingMethodAccessorImpl.invoke Stopping service [Catalina]
01-Nov-2021 01:22:32.218 WARNING [main] com.sun.faces.config.ConfigureListener.contextDestroyed Unexpected state during contextDestroyed: no ConfigManager instance in current ServletContext but one is expected to exist.
01-Nov-2021 01:22:32.241 INFO [main] org.apache.openejb.assembler.classic.Assembler.destroyApplication Undeploying app: C:\Users\karen.reyes\Documents\Personal\Diplomado\Modulo 2\apache-tomee-plume-9.0.0-M7\temp\0-MVCArchivoG1
01-Nov-2021 01:22:32.397 INFO [main] org.apache.openejb.assembler.classic.Assembler.destroyApplication Undeploying app: C:\Users\karen.reyes\Documents\Personal\Diplomado\Modulo 2\apache-tomee-plume-9.0.0-M7\temp\1-Practica3
01-Nov-2021 01:22:32.523 INFO [main] org.apache.openejb.assembler.classic.Assembler.destroyApplication Undeploying app: C:\Users\karen.reyes\Documents\Personal\Diplomado\Modulo 2\apache-tomee-plume-9.0.0-M7\temp\6-RegistroProductos
01-Nov-2021 01:22:32.662 INFO [main] org.apache.openejb.assembler.classic.Assembler.destroyApplication Undeploying app: C:\Users\karen.reyes\Documents\Personal\Diplomado\Modulo 2\apache-tomee-plume-9.0.0-M7\temp\3-Servlet1M7
01-Nov-2021 01:22:32.881 INFO [main] org.apache.openejb.assembler.classic.Assembler.destroyApplication Undeploying app: C:\Users\karen.reyes\Documents\Personal\Diplomado\Modulo 2\apache-tomee-plume-9.0.0-M7\temp\4-docs
01-Nov-2021 01:22:32.997 INFO [main] org.apache.openejb.assembler.classic.Assembler.destroyApplication Undeploying app: C:\Users\karen.reyes\Documents\Personal\Diplomado\Modulo 2\apache-tomee-plume-9.0.0-M7\webapps\host-manager
01-Nov-2021 01:22:33.088 INFO [main] org.apache.openejb.assembler.classic.Assembler.destroyApplication Undeploying app: C:\Users\karen.reyes\Documents\Personal\Diplomado\Modulo 2\apache-tomee-plume-9.0.0-M7\webapps\manager
01-Nov-2021 01:22:33.204 INFO [main] org.apache.openejb.assembler.classic.Assembler.destroyApplication Undeploying app: C:\Users\karen.reyes\Documents\Personal\Diplomado\Modulo 2\apache-tomee-plume-9.0.0-M7\temp\5-ROOT
01-Nov-2021 01:22:33.308 INFO [main] sun.reflect.DelegatingMethodAccessorImpl.invoke Stopping ProtocolHandler ["http-nio-8080"]
01-Nov-2021 01:22:33.366 INFO [main] org.apache.openejb.server.SimpleServiceManager.stop Stopping server services
01-Nov-2021 01:22:33.394 INFO [main] sun.reflect.DelegatingMethodAccessorImpl.invoke Destroying ProtocolHandler ["http-nio-8080"]
01-Nov-2021 01:22:37.062 INFO [main] org.apache.openejb.persistence.PersistenceBootstrap.getDefaultProvider Default JPA Provider changed to org.eclipse.persistence.jpa.PersistenceProvider specified by jar:file:/C:/Users/karen.reyes/Documents/Personal/Diplomado/Modulo%202/apache-tomee-plume-9.0.0-M7/lib/openejb-core-eclipselink-8.0.7.jar!/META-INF/org.apache.openejb.persistence.PersistenceBootstrap.provider
01-Nov-2021 01:22:37.337 INFO [main] sun.reflect.NativeMethodAccessorImpl.invoke Server version name:   Apache Tomcat (TomEE)/10.0.4 (9.0.0-M7)
01-Nov-2021 01:22:37.337 INFO [main] sun.reflect.NativeMethodAccessorImpl.invoke Server built:          Mar 5 2021 11:07:15 UTC
01-Nov-2021 01:22:37.337 INFO [main] sun.reflect.NativeMethodAccessorImpl.invoke Server version number: 10.0.4.0
01-Nov-2021 01:22:37.337 INFO [main] sun.reflect.NativeMethodAccessorImpl.invoke OS Name:               Windows 10
01-Nov-2021 01:22:37.337 INFO [main] sun.reflect.NativeMethodAccessorImpl.invoke OS Version:            10.0
01-Nov-2021 01:22:37.337 INFO [main] sun.reflect.NativeMethodAccessorImpl.invoke Architecture:          amd64
01-Nov-2021 01:22:37.337 INFO [main] sun.reflect.NativeMethodAccessorImpl.invoke Java Home:             C:\Program Files\Java\jdk1.8.0_291\jre
01-Nov-2021 01:22:37.337 INFO [main] sun.reflect.NativeMethodAccessorImpl.invoke JVM Version:           1.8.0_291-b10
01-Nov-2021 01:22:37.337 INFO [main] sun.reflect.NativeMethodAccessorImpl.invoke JVM Vendor:            Oracle Corporation
01-Nov-2021 01:22:37.337 INFO [main] sun.reflect.NativeMethodAccessorImpl.invoke CATALINA_BASE:         C:\Users\karen.reyes\Documents\Personal\Diplomado\Modulo 2\apache-tomee-plume-9.0.0-M7
01-Nov-2021 01:22:37.337 INFO [main] sun.reflect.NativeMethodAccessorImpl.invoke CATALINA_HOME:         C:\Users\karen.reyes\Documents\Personal\Diplomado\Modulo 2\apache-tomee-plume-9.0.0-M7
01-Nov-2021 01:22:37.337 INFO [main] sun.reflect.NativeMethodAccessorImpl.invoke Command line argument: -Djava.util.logging.config.file=C:\Users\karen.reyes\Documents\Personal\Diplomado\Modulo 2\apache-tomee-plume-9.0.0-M7\conf\logging.properties
01-Nov-2021 01:22:37.337 INFO [main] sun.reflect.NativeMethodAccessorImpl.invoke Command line argument: -Djava.util.logging.manager=org.apache.juli.ClassLoaderLogManager
01-Nov-2021 01:22:37.337 INFO [main] sun.reflect.NativeMethodAccessorImpl.invoke Command line argument: -javaagent:C:\Users\karen.reyes\Documents\Personal\Diplomado\Modulo 2\apache-tomee-plume-9.0.0-M7\lib\openejb-javaagent.jar
01-Nov-2021 01:22:37.337 INFO [main] sun.reflect.NativeMethodAccessorImpl.invoke Command line argument: -Djdk.tls.ephemeralDHKeySize=2048
01-Nov-2021 01:22:37.345 INFO [main] sun.reflect.NativeMethodAccessorImpl.invoke Command line argument: -Djava.protocol.handler.pkgs=org.apache.catalina.webresources
01-Nov-2021 01:22:37.345 INFO [main] sun.reflect.DelegatingMethodAccessorImpl.invoke Command line argument: -Dignore.endorsed.dirs=
01-Nov-2021 01:22:37.345 INFO [main] sun.reflect.DelegatingMethodAccessorImpl.invoke Command line argument: -Dcatalina.base=C:\Users\karen.reyes\Documents\Personal\Diplomado\Modulo 2\apache-tomee-plume-9.0.0-M7
01-Nov-2021 01:22:37.345 INFO [main] sun.reflect.DelegatingMethodAccessorImpl.invoke Command line argument: -Dcatalina.home=C:\Users\karen.reyes\Documents\Personal\Diplomado\Modulo 2\apache-tomee-plume-9.0.0-M7
01-Nov-2021 01:22:37.345 INFO [main] sun.reflect.DelegatingMethodAccessorImpl.invoke Command line argument: -Djava.io.tmpdir=C:\Users\karen.reyes\Documents\Personal\Diplomado\Modulo 2\apache-tomee-plume-9.0.0-M7\temp
01-Nov-2021 01:22:37.354 INFO [main] sun.reflect.DelegatingMethodAccessorImpl.invoke The Apache Tomcat Native library which allows using OpenSSL was not found on the java.library.path: [C:\Program Files\Java\jdk1.8.0_291\bin;C:\Windows\Sun\Java\bin;C:\Windows\system32;C:\Windows;C:\Program Files\Common Files\Oracle\Java\javapath;C:\Program Files (x86)\Common Files\Oracle\Java\javapath;C:\Windows\system32;C:\Windows;C:\Windows\System32\Wbem;C:\Windows\System32\WindowsPowerShell\v1.0\;C:\Windows\System32\OpenSSH\;C:\Program Files (x86)\Microsoft SQL Server\150\DTS\Binn\;C:\Program Files\Azure Data Studio\bin;C:\Program Files\Microsoft SQL Server\Client SDK\ODBC\170\Tools\Binn\;C:\Program Files (x86)\Microsoft SQL Server\150\Tools\Binn\;C:\Program Files\Microsoft SQL Server\150\Tools\Binn\;C:\Program Files\Microsoft SQL Server\150\DTS\Binn\;C:\Strawberry\c\bin;C:\Strawberry\perl\site\bin;C:\Strawberry\perl\bin;C:\Program Files\Microsoft SQL Server\Client SDK\ODBC\110\Tools\Binn\;C:\Program Files (x86)\Microsoft SQL Server\120\Tools\Binn\;C:\Program Files\Microsoft SQL Server\120\Tools\Binn\;C:\Program Files\Microsoft SQL Server\120\DTS\Binn\;C:\Program Files\Microsoft SQL Server\Client SDK\ODBC\130\Tools\Binn\;C:\Program Files (x86)\Microsoft SQL Server\130\Tools\Binn\;C:\Program Files\Microsoft SQL Server\130\Tools\Binn\;C:\Program Files\Microsoft SQL Server\130\DTS\Binn\;C:\Program Files (x86)\Microsoft SQL Server\140\Tools\Binn\;C:\Program Files\Microsoft SQL Server\140\Tools\Binn\;C:\Program Files\Microsoft SQL Server\140\DTS\Binn\;C:\Program Files\PuTTY\;c:\Program Files (x86)\Microsoft SQL Server\90\Tools\binn\;C:\ant\bin;C:\Program Files\dotnet\;C:\Program Files\Git\cmd;C:\LINGO64_19\;C:\Program Files\Java\jdk-1.8.0_291;C:\Program Files\nodejs\;C:\Program Files (x86)\BaseX\bin;C:\Users\karen.reyes\AppData\Local\Microsoft\WindowsApps;C:\Program Files\Azure Data Studio\bin;C:\Users\karen.reyes\AppData\Local\Programs\MiKTeX\miktex\bin\x64\;C:\Users\karen.reyes\.dotnet\tools;C:\Program Files\Java\jdk-1.8.0_291;;C:\Users\karen.reyes\AppData\Local\Programs\Microsoft VS Code\bin;C:\Users\karen.reyes\AppData\Roaming\npm;.]
01-Nov-2021 01:22:37.737 INFO [main] sun.reflect.DelegatingMethodAccessorImpl.invoke Initializing ProtocolHandler ["http-nio-8080"]
01-Nov-2021 01:22:37.987 INFO [main] org.apache.openejb.util.OptionsLog.info Using 'openejb.jdbc.datasource-creator=org.apache.tomee.jdbc.TomEEDataSourceCreator'
01-Nov-2021 01:22:38.087 INFO [main] org.apache.openejb.OpenEJB$Instance.<init> ********************************************************************************
01-Nov-2021 01:22:38.087 INFO [main] org.apache.openejb.OpenEJB$Instance.<init> OpenEJB http://tomee.apache.org/
01-Nov-2021 01:22:38.087 INFO [main] org.apache.openejb.OpenEJB$Instance.<init> Startup: Mon Nov 01 01:22:38 CST 2021
01-Nov-2021 01:22:38.087 INFO [main] org.apache.openejb.OpenEJB$Instance.<init> Copyright 1999-2021 (C) Apache TomEE Project, All Rights Reserved.
01-Nov-2021 01:22:38.087 INFO [main] org.apache.openejb.OpenEJB$Instance.<init> Version: 9.0.0-M7
01-Nov-2021 01:22:38.087 INFO [main] org.apache.openejb.OpenEJB$Instance.<init> Build date: 20210503
01-Nov-2021 01:22:38.087 INFO [main] org.apache.openejb.OpenEJB$Instance.<init> Build time: 02:39
01-Nov-2021 01:22:38.087 INFO [main] org.apache.openejb.OpenEJB$Instance.<init> ********************************************************************************
01-Nov-2021 01:22:38.087 INFO [main] org.apache.openejb.OpenEJB$Instance.<init> openejb.home = C:\Users\karen.reyes\Documents\Personal\Diplomado\Modulo 2\apache-tomee-plume-9.0.0-M7
01-Nov-2021 01:22:38.087 INFO [main] org.apache.openejb.OpenEJB$Instance.<init> openejb.base = C:\Users\karen.reyes\Documents\Personal\Diplomado\Modulo 2\apache-tomee-plume-9.0.0-M7
01-Nov-2021 01:22:38.087 INFO [main] org.apache.openejb.cdi.CdiBuilder.initializeOWB Created new singletonService org.apache.openejb.cdi.ThreadSingletonServiceImpl@67d48005
01-Nov-2021 01:22:38.095 INFO [main] org.apache.openejb.cdi.CdiBuilder.initializeOWB Succeeded in installing singleton service
01-Nov-2021 01:22:38.130 WARNING [main] org.apache.openejb.assembler.classic.Assembler.initBValFiltering Can't setup BVal filtering, this can impact negatively performances: org/apache/bval/cdi/BValExtension$AnnotatedTypeFilter
01-Nov-2021 01:22:38.130 INFO [main] org.apache.openejb.config.ConfigurationFactory.init TomEE configuration file is 'C:\Users\karen.reyes\Documents\Personal\Diplomado\Modulo 2\apache-tomee-plume-9.0.0-M7\conf\tomee.xml'
01-Nov-2021 01:22:38.162 INFO [main] org.apache.openejb.config.ConfigurationFactory.configureService Configuring Service(id=Tomcat Security Service, type=SecurityService, provider-id=Tomcat Security Service)
01-Nov-2021 01:22:38.162 INFO [main] org.apache.openejb.config.ConfigurationFactory.configureService Configuring Service(id=Default Transaction Manager, type=TransactionManager, provider-id=Default Transaction Manager)
01-Nov-2021 01:22:38.162 INFO [main] org.apache.openejb.util.OptionsLog.info Using 'openejb.deployments.classpath=false'
01-Nov-2021 01:22:38.162 INFO [main] org.apache.openejb.assembler.classic.Assembler.createRecipe Creating TransactionManager(id=Default Transaction Manager)
01-Nov-2021 01:22:38.305 INFO [main] org.apache.openejb.assembler.classic.Assembler.createRecipe Creating SecurityService(id=Tomcat Security Service)
01-Nov-2021 01:22:38.420 INFO [main] org.apache.openejb.server.ServiceManager.initServer Creating ServerService(id=cxf)
01-Nov-2021 01:22:38.615 INFO [main] org.apache.openejb.server.ServiceManager.initServer Creating ServerService(id=cxf-rs)
01-Nov-2021 01:22:38.637 INFO [main] org.apache.openejb.server.SimpleServiceManager.start   ** Bound Services **
01-Nov-2021 01:22:38.637 INFO [main] org.apache.openejb.server.SimpleServiceManager.printRow   NAME                 IP              PORT  
01-Nov-2021 01:22:38.637 INFO [main] org.apache.openejb.server.SimpleServiceManager.start -------
01-Nov-2021 01:22:38.637 INFO [main] org.apache.openejb.server.SimpleServiceManager.start Ready!
01-Nov-2021 01:22:38.637 INFO [main] sun.reflect.DelegatingMethodAccessorImpl.invoke Server initialization in [1549] milliseconds
01-Nov-2021 01:22:38.662 INFO [main] org.apache.tomee.catalina.OpenEJBNamingContextListener.bindResource Importing a Tomcat Resource with id 'UserDatabase' of type 'org.apache.catalina.UserDatabase'.
01-Nov-2021 01:22:38.662 INFO [main] org.apache.openejb.assembler.classic.Assembler.createRecipe Creating Resource(id=UserDatabase)
01-Nov-2021 01:22:38.678 INFO [main] sun.reflect.DelegatingMethodAccessorImpl.invoke Starting service [Catalina]
01-Nov-2021 01:22:38.678 INFO [main] sun.reflect.DelegatingMethodAccessorImpl.invoke Starting Servlet engine: [Apache Tomcat (TomEE)/10.0.4 (9.0.0-M7)]
01-Nov-2021 01:22:38.704 INFO [main] sun.reflect.DelegatingMethodAccessorImpl.invoke Deploying deployment descriptor [C:\Users\karen.reyes\Documents\Personal\Diplomado\Modulo 2\apache-tomee-plume-9.0.0-M7\conf\Catalina\localhost\MVCArchivoG1.xml]
01-Nov-2021 01:22:38.712 WARNING [main] sun.reflect.NativeMethodAccessorImpl.invoke The path attribute with value [/MVCArchivoG1] in deployment descriptor [C:\Users\karen.reyes\Documents\Personal\Diplomado\Modulo 2\apache-tomee-plume-9.0.0-M7\conf\Catalina\localhost\MVCArchivoG1.xml] has been ignored
01-Nov-2021 01:22:38.728 INFO [main] org.apache.tomee.catalina.TomcatWebAppBuilder.init ------------------------- localhost -> /MVCArchivoG1
01-Nov-2021 01:22:39.045 INFO [main] org.apache.openejb.config.ConfigurationFactory.configureApplication Configuring enterprise application: C:\Users\karen.reyes\Documents\Personal\Diplomado\Modulo 2\apache-tomee-plume-9.0.0-M7\temp\0-MVCArchivoG1
01-Nov-2021 01:22:39.146 INFO [main] org.apache.openejb.config.ConfigurationFactory.configureService Configuring Service(id=Default Managed Container, type=Container, provider-id=Default Managed Container)
01-Nov-2021 01:22:39.146 INFO [main] org.apache.openejb.config.AutoConfig.createContainer Auto-creating a container for bean MVCArchivoG1.Comp1048434276: Container(type=MANAGED, id=Default Managed Container)
01-Nov-2021 01:22:39.146 INFO [main] org.apache.openejb.assembler.classic.Assembler.createRecipe Creating Container(id=Default Managed Container)
01-Nov-2021 01:22:39.155 INFO [main] org.apache.openejb.core.managed.SimplePassivater.init Using directory C:\Users\karen.reyes\Documents\Personal\Diplomado\Modulo 2\apache-tomee-plume-9.0.0-M7\temp for stateful session passivation
01-Nov-2021 01:22:39.191 INFO [main] org.apache.openejb.config.AppInfoBuilder.build Enterprise application "C:\Users\karen.reyes\Documents\Personal\Diplomado\Modulo 2\apache-tomee-plume-9.0.0-M7\temp\0-MVCArchivoG1" loaded.
01-Nov-2021 01:22:39.973 INFO [main] org.apache.openejb.assembler.classic.Assembler.createApplication Assembling app: C:\Users\karen.reyes\Documents\Personal\Diplomado\Modulo 2\apache-tomee-plume-9.0.0-M7\temp\0-MVCArchivoG1
01-Nov-2021 01:22:40.112 INFO [main] org.hibernate.validator.internal.util.Version.<clinit> HV000001: Hibernate Validator 7.0.0.Final
01-Nov-2021 01:22:40.372 INFO [main] org.apache.tomee.catalina.TomcatWebAppBuilder.deployWebApps using context file C:\Users\karen.reyes\Documents\Personal\Diplomado\Modulo 2\apache-tomee-plume-9.0.0-M7\temp\0-MVCArchivoG1\META-INF\context.xml
01-Nov-2021 01:22:40.372 INFO [main] org.apache.openejb.assembler.classic.Assembler.createApplication Deployed Application(path=C:\Users\karen.reyes\Documents\Personal\Diplomado\Modulo 2\apache-tomee-plume-9.0.0-M7\temp\0-MVCArchivoG1)
01-Nov-2021 01:22:40.678 INFO [main] org.apache.jasper.servlet.TldScanner.scanJars At least one JAR was scanned for TLDs yet contained no TLDs. Enable debug logging for this logger for a complete list of JARs that were scanned but no TLDs were found in them. Skipping unneeded JARs during scanning can improve startup time and JSP compilation time.
01-Nov-2021 01:22:40.804 INFO [main] sun.reflect.DelegatingMethodAccessorImpl.invoke Deployment of deployment descriptor [C:\Users\karen.reyes\Documents\Personal\Diplomado\Modulo 2\apache-tomee-plume-9.0.0-M7\conf\Catalina\localhost\MVCArchivoG1.xml] has finished in [2,100] ms
01-Nov-2021 01:22:40.804 INFO [main] sun.reflect.DelegatingMethodAccessorImpl.invoke Deploying deployment descriptor [C:\Users\karen.reyes\Documents\Personal\Diplomado\Modulo 2\apache-tomee-plume-9.0.0-M7\conf\Catalina\localhost\Practica3.xml]
01-Nov-2021 01:22:40.804 WARNING [main] sun.reflect.NativeMethodAccessorImpl.invoke The path attribute with value [/Practica3] in deployment descriptor [C:\Users\karen.reyes\Documents\Personal\Diplomado\Modulo 2\apache-tomee-plume-9.0.0-M7\conf\Catalina\localhost\Practica3.xml] has been ignored
01-Nov-2021 01:22:40.804 INFO [main] org.apache.tomee.catalina.TomcatWebAppBuilder.init ------------------------- localhost -> /Practica3
01-Nov-2021 01:22:40.873 INFO [main] org.apache.openejb.config.ConfigurationFactory.configureApplication Configuring enterprise application: C:\Users\karen.reyes\Documents\Personal\Diplomado\Modulo 2\apache-tomee-plume-9.0.0-M7\temp\1-Practica3
01-Nov-2021 01:22:40.895 INFO [main] org.apache.openejb.config.AppInfoBuilder.build Enterprise application "C:\Users\karen.reyes\Documents\Personal\Diplomado\Modulo 2\apache-tomee-plume-9.0.0-M7\temp\1-Practica3" loaded.
01-Nov-2021 01:22:40.895 INFO [main] org.apache.openejb.assembler.classic.Assembler.createApplication Assembling app: C:\Users\karen.reyes\Documents\Personal\Diplomado\Modulo 2\apache-tomee-plume-9.0.0-M7\temp\1-Practica3
01-Nov-2021 01:22:40.920 INFO [main] org.apache.tomee.catalina.TomcatWebAppBuilder.deployWebApps using context file C:\Users\karen.reyes\Documents\Personal\Diplomado\Modulo 2\apache-tomee-plume-9.0.0-M7\temp\1-Practica3\META-INF\context.xml
01-Nov-2021 01:22:40.920 INFO [main] org.apache.openejb.assembler.classic.Assembler.createApplication Deployed Application(path=C:\Users\karen.reyes\Documents\Personal\Diplomado\Modulo 2\apache-tomee-plume-9.0.0-M7\temp\1-Practica3)
01-Nov-2021 01:22:41.037 INFO [main] org.apache.jasper.servlet.TldScanner.scanJars At least one JAR was scanned for TLDs yet contained no TLDs. Enable debug logging for this logger for a complete list of JARs that were scanned but no TLDs were found in them. Skipping unneeded JARs during scanning can improve startup time and JSP compilation time.
01-Nov-2021 01:22:41.070 INFO [main] sun.reflect.DelegatingMethodAccessorImpl.invoke Deployment of deployment descriptor [C:\Users\karen.reyes\Documents\Personal\Diplomado\Modulo 2\apache-tomee-plume-9.0.0-M7\conf\Catalina\localhost\Practica3.xml] has finished in [266] ms
01-Nov-2021 01:22:41.070 INFO [main] sun.reflect.DelegatingMethodAccessorImpl.invoke Deploying deployment descriptor [C:\Users\karen.reyes\Documents\Personal\Diplomado\Modulo 2\apache-tomee-plume-9.0.0-M7\conf\Catalina\localhost\RegistroProductos.xml]
01-Nov-2021 01:22:41.070 WARNING [main] sun.reflect.NativeMethodAccessorImpl.invoke The path attribute with value [/RegistroProductos] in deployment descriptor [C:\Users\karen.reyes\Documents\Personal\Diplomado\Modulo 2\apache-tomee-plume-9.0.0-M7\conf\Catalina\localhost\RegistroProductos.xml] has been ignored
01-Nov-2021 01:22:41.070 INFO [main] org.apache.tomee.catalina.TomcatWebAppBuilder.init ------------------------- localhost -> /RegistroProductos
01-Nov-2021 01:22:41.137 INFO [main] org.apache.openejb.config.ConfigurationFactory.configureApplication Configuring enterprise application: C:\Users\karen.reyes\Documents\Personal\Diplomado\Modulo 2\apache-tomee-plume-9.0.0-M7\temp\2-RegistroProductos
01-Nov-2021 01:22:41.153 INFO [main] org.apache.openejb.config.AppInfoBuilder.build Enterprise application "C:\Users\karen.reyes\Documents\Personal\Diplomado\Modulo 2\apache-tomee-plume-9.0.0-M7\temp\2-RegistroProductos" loaded.
01-Nov-2021 01:22:41.153 INFO [main] org.apache.openejb.assembler.classic.Assembler.createApplication Assembling app: C:\Users\karen.reyes\Documents\Personal\Diplomado\Modulo 2\apache-tomee-plume-9.0.0-M7\temp\2-RegistroProductos
01-Nov-2021 01:22:41.174 INFO [main] org.apache.tomee.catalina.TomcatWebAppBuilder.deployWebApps using context file C:\Users\karen.reyes\Documents\Personal\Diplomado\Modulo 2\apache-tomee-plume-9.0.0-M7\temp\2-RegistroProductos\META-INF\context.xml
01-Nov-2021 01:22:41.174 INFO [main] org.apache.openejb.assembler.classic.Assembler.createApplication Deployed Application(path=C:\Users\karen.reyes\Documents\Personal\Diplomado\Modulo 2\apache-tomee-plume-9.0.0-M7\temp\2-RegistroProductos)
01-Nov-2021 01:22:41.262 INFO [main] org.apache.jasper.servlet.TldScanner.scanJars At least one JAR was scanned for TLDs yet contained no TLDs. Enable debug logging for this logger for a complete list of JARs that were scanned but no TLDs were found in them. Skipping unneeded JARs during scanning can improve startup time and JSP compilation time.
01-Nov-2021 01:22:41.278 INFO [main] sun.reflect.DelegatingMethodAccessorImpl.invoke Deployment of deployment descriptor [C:\Users\karen.reyes\Documents\Personal\Diplomado\Modulo 2\apache-tomee-plume-9.0.0-M7\conf\Catalina\localhost\RegistroProductos.xml] has finished in [208] ms
01-Nov-2021 01:22:41.278 INFO [main] sun.reflect.DelegatingMethodAccessorImpl.invoke Deploying deployment descriptor [C:\Users\karen.reyes\Documents\Personal\Diplomado\Modulo 2\apache-tomee-plume-9.0.0-M7\conf\Catalina\localhost\Servlet1M7.xml]
01-Nov-2021 01:22:41.278 WARNING [main] sun.reflect.NativeMethodAccessorImpl.invoke The path attribute with value [/Servlet1M7] in deployment descriptor [C:\Users\karen.reyes\Documents\Personal\Diplomado\Modulo 2\apache-tomee-plume-9.0.0-M7\conf\Catalina\localhost\Servlet1M7.xml] has been ignored
01-Nov-2021 01:22:41.278 INFO [main] org.apache.tomee.catalina.TomcatWebAppBuilder.init ------------------------- localhost -> /Servlet1M7
01-Nov-2021 01:22:41.312 INFO [main] org.apache.openejb.config.ConfigurationFactory.configureApplication Configuring enterprise application: C:\Users\karen.reyes\Documents\Personal\Diplomado\Modulo 2\apache-tomee-plume-9.0.0-M7\temp\3-Servlet1M7
01-Nov-2021 01:22:41.337 INFO [main] org.apache.openejb.config.AppInfoBuilder.build Enterprise application "C:\Users\karen.reyes\Documents\Personal\Diplomado\Modulo 2\apache-tomee-plume-9.0.0-M7\temp\3-Servlet1M7" loaded.
01-Nov-2021 01:22:41.337 INFO [main] org.apache.openejb.assembler.classic.Assembler.createApplication Assembling app: C:\Users\karen.reyes\Documents\Personal\Diplomado\Modulo 2\apache-tomee-plume-9.0.0-M7\temp\3-Servlet1M7
01-Nov-2021 01:22:41.355 INFO [main] org.apache.tomee.catalina.TomcatWebAppBuilder.deployWebApps using context file C:\Users\karen.reyes\Documents\Personal\Diplomado\Modulo 2\apache-tomee-plume-9.0.0-M7\temp\3-Servlet1M7\META-INF\context.xml
01-Nov-2021 01:22:41.355 INFO [main] org.apache.openejb.assembler.classic.Assembler.createApplication Deployed Application(path=C:\Users\karen.reyes\Documents\Personal\Diplomado\Modulo 2\apache-tomee-plume-9.0.0-M7\temp\3-Servlet1M7)
01-Nov-2021 01:22:41.437 INFO [main] org.apache.jasper.servlet.TldScanner.scanJars At least one JAR was scanned for TLDs yet contained no TLDs. Enable debug logging for this logger for a complete list of JARs that were scanned but no TLDs were found in them. Skipping unneeded JARs during scanning can improve startup time and JSP compilation time.
01-Nov-2021 01:22:41.453 INFO [main] sun.reflect.DelegatingMethodAccessorImpl.invoke Deployment of deployment descriptor [C:\Users\karen.reyes\Documents\Personal\Diplomado\Modulo 2\apache-tomee-plume-9.0.0-M7\conf\Catalina\localhost\Servlet1M7.xml] has finished in [175] ms
01-Nov-2021 01:22:41.453 INFO [main] sun.reflect.DelegatingMethodAccessorImpl.invoke Deploying web application directory [C:\Users\karen.reyes\Documents\Personal\Diplomado\Modulo 2\apache-tomee-plume-9.0.0-M7\webapps\docs]
01-Nov-2021 01:22:41.453 INFO [main] org.apache.tomee.catalina.TomcatWebAppBuilder.init ------------------------- localhost -> /docs
01-Nov-2021 01:22:41.547 INFO [main] org.apache.openejb.config.ConfigurationFactory.configureApplication Configuring enterprise application: C:\Users\karen.reyes\Documents\Personal\Diplomado\Modulo 2\apache-tomee-plume-9.0.0-M7\temp\4-docs
01-Nov-2021 01:22:41.553 INFO [main] org.apache.openejb.config.AppInfoBuilder.build Enterprise application "C:\Users\karen.reyes\Documents\Personal\Diplomado\Modulo 2\apache-tomee-plume-9.0.0-M7\temp\4-docs" loaded.
01-Nov-2021 01:22:41.553 INFO [main] org.apache.openejb.assembler.classic.Assembler.createApplication Assembling app: C:\Users\karen.reyes\Documents\Personal\Diplomado\Modulo 2\apache-tomee-plume-9.0.0-M7\temp\4-docs
01-Nov-2021 01:22:41.562 INFO [main] org.apache.openejb.assembler.classic.Assembler.createApplication Deployed Application(path=C:\Users\karen.reyes\Documents\Personal\Diplomado\Modulo 2\apache-tomee-plume-9.0.0-M7\temp\4-docs)
01-Nov-2021 01:22:41.632 INFO [main] org.apache.jasper.servlet.TldScanner.scanJars At least one JAR was scanned for TLDs yet contained no TLDs. Enable debug logging for this logger for a complete list of JARs that were scanned but no TLDs were found in them. Skipping unneeded JARs during scanning can improve startup time and JSP compilation time.
01-Nov-2021 01:22:41.645 INFO [main] sun.reflect.DelegatingMethodAccessorImpl.invoke Deployment of web application directory [C:\Users\karen.reyes\Documents\Personal\Diplomado\Modulo 2\apache-tomee-plume-9.0.0-M7\webapps\docs] has finished in [192] ms
01-Nov-2021 01:22:41.645 INFO [main] sun.reflect.DelegatingMethodAccessorImpl.invoke Deploying web application directory [C:\Users\karen.reyes\Documents\Personal\Diplomado\Modulo 2\apache-tomee-plume-9.0.0-M7\webapps\host-manager]
01-Nov-2021 01:22:41.645 INFO [main] org.apache.tomee.catalina.TomcatWebAppBuilder.init ------------------------- localhost -> /host-manager
01-Nov-2021 01:22:41.678 INFO [main] org.apache.openejb.config.ConfigurationFactory.configureApplication Configuring enterprise application: C:\Users\karen.reyes\Documents\Personal\Diplomado\Modulo 2\apache-tomee-plume-9.0.0-M7\webapps\host-manager
01-Nov-2021 01:22:41.687 INFO [main] org.apache.openejb.config.AppInfoBuilder.build Enterprise application "C:\Users\karen.reyes\Documents\Personal\Diplomado\Modulo 2\apache-tomee-plume-9.0.0-M7\webapps\host-manager" loaded.
01-Nov-2021 01:22:41.687 INFO [main] org.apache.openejb.assembler.classic.Assembler.createApplication Assembling app: C:\Users\karen.reyes\Documents\Personal\Diplomado\Modulo 2\apache-tomee-plume-9.0.0-M7\webapps\host-manager
01-Nov-2021 01:22:41.695 INFO [main] org.apache.tomee.catalina.TomcatWebAppBuilder.deployWebApps using context file C:\Users\karen.reyes\Documents\Personal\Diplomado\Modulo 2\apache-tomee-plume-9.0.0-M7\webapps\host-manager\META-INF\context.xml
01-Nov-2021 01:22:41.695 INFO [main] org.apache.openejb.assembler.classic.Assembler.createApplication Deployed Application(path=C:\Users\karen.reyes\Documents\Personal\Diplomado\Modulo 2\apache-tomee-plume-9.0.0-M7\webapps\host-manager)
01-Nov-2021 01:22:41.762 INFO [main] org.apache.jasper.servlet.TldScanner.scanJars At least one JAR was scanned for TLDs yet contained no TLDs. Enable debug logging for this logger for a complete list of JARs that were scanned but no TLDs were found in them. Skipping unneeded JARs during scanning can improve startup time and JSP compilation time.
01-Nov-2021 01:22:41.778 INFO [main] sun.reflect.DelegatingMethodAccessorImpl.invoke Deployment of web application directory [C:\Users\karen.reyes\Documents\Personal\Diplomado\Modulo 2\apache-tomee-plume-9.0.0-M7\webapps\host-manager] has finished in [133] ms
01-Nov-2021 01:22:41.778 INFO [main] sun.reflect.DelegatingMethodAccessorImpl.invoke Deploying web application directory [C:\Users\karen.reyes\Documents\Personal\Diplomado\Modulo 2\apache-tomee-plume-9.0.0-M7\webapps\manager]
01-Nov-2021 01:22:41.778 INFO [main] org.apache.tomee.catalina.TomcatWebAppBuilder.init ------------------------- localhost -> /manager
01-Nov-2021 01:22:41.803 INFO [main] org.apache.openejb.config.ConfigurationFactory.configureApplication Configuring enterprise application: C:\Users\karen.reyes\Documents\Personal\Diplomado\Modulo 2\apache-tomee-plume-9.0.0-M7\webapps\manager
01-Nov-2021 01:22:41.811 INFO [main] org.apache.openejb.config.AppInfoBuilder.build Enterprise application "C:\Users\karen.reyes\Documents\Personal\Diplomado\Modulo 2\apache-tomee-plume-9.0.0-M7\webapps\manager" loaded.
01-Nov-2021 01:22:41.811 INFO [main] org.apache.openejb.assembler.classic.Assembler.createApplication Assembling app: C:\Users\karen.reyes\Documents\Personal\Diplomado\Modulo 2\apache-tomee-plume-9.0.0-M7\webapps\manager
01-Nov-2021 01:22:41.820 INFO [main] org.apache.tomee.catalina.TomcatWebAppBuilder.deployWebApps using context file C:\Users\karen.reyes\Documents\Personal\Diplomado\Modulo 2\apache-tomee-plume-9.0.0-M7\webapps\manager\META-INF\context.xml
01-Nov-2021 01:22:41.820 INFO [main] org.apache.openejb.assembler.classic.Assembler.createApplication Deployed Application(path=C:\Users\karen.reyes\Documents\Personal\Diplomado\Modulo 2\apache-tomee-plume-9.0.0-M7\webapps\manager)
01-Nov-2021 01:22:41.879 INFO [main] org.apache.jasper.servlet.TldScanner.scanJars At least one JAR was scanned for TLDs yet contained no TLDs. Enable debug logging for this logger for a complete list of JARs that were scanned but no TLDs were found in them. Skipping unneeded JARs during scanning can improve startup time and JSP compilation time.
01-Nov-2021 01:22:41.903 INFO [main] sun.reflect.DelegatingMethodAccessorImpl.invoke Deployment of web application directory [C:\Users\karen.reyes\Documents\Personal\Diplomado\Modulo 2\apache-tomee-plume-9.0.0-M7\webapps\manager] has finished in [125] ms
01-Nov-2021 01:22:41.903 INFO [main] sun.reflect.DelegatingMethodAccessorImpl.invoke Deploying web application directory [C:\Users\karen.reyes\Documents\Personal\Diplomado\Modulo 2\apache-tomee-plume-9.0.0-M7\webapps\ROOT]
01-Nov-2021 01:22:41.903 INFO [main] org.apache.tomee.catalina.TomcatWebAppBuilder.init ------------------------- localhost -> /
01-Nov-2021 01:22:41.929 INFO [main] org.apache.openejb.config.ConfigurationFactory.configureApplication Configuring enterprise application: C:\Users\karen.reyes\Documents\Personal\Diplomado\Modulo 2\apache-tomee-plume-9.0.0-M7\temp\5-ROOT
01-Nov-2021 01:22:41.929 INFO [main] org.apache.openejb.config.AppInfoBuilder.build Enterprise application "C:\Users\karen.reyes\Documents\Personal\Diplomado\Modulo 2\apache-tomee-plume-9.0.0-M7\temp\5-ROOT" loaded.
01-Nov-2021 01:22:41.929 INFO [main] org.apache.openejb.assembler.classic.Assembler.createApplication Assembling app: C:\Users\karen.reyes\Documents\Personal\Diplomado\Modulo 2\apache-tomee-plume-9.0.0-M7\temp\5-ROOT
01-Nov-2021 01:22:41.945 INFO [main] org.apache.openejb.assembler.classic.Assembler.createApplication Deployed Application(path=C:\Users\karen.reyes\Documents\Personal\Diplomado\Modulo 2\apache-tomee-plume-9.0.0-M7\temp\5-ROOT)
01-Nov-2021 01:22:41.995 INFO [main] org.apache.jasper.servlet.TldScanner.scanJars At least one JAR was scanned for TLDs yet contained no TLDs. Enable debug logging for this logger for a complete list of JARs that were scanned but no TLDs were found in them. Skipping unneeded JARs during scanning can improve startup time and JSP compilation time.
01-Nov-2021 01:22:42.012 INFO [main] sun.reflect.DelegatingMethodAccessorImpl.invoke Deployment of web application directory [C:\Users\karen.reyes\Documents\Personal\Diplomado\Modulo 2\apache-tomee-plume-9.0.0-M7\webapps\ROOT] has finished in [109] ms
01-Nov-2021 01:22:42.020 INFO [main] sun.reflect.DelegatingMethodAccessorImpl.invoke Starting ProtocolHandler ["http-nio-8080"]
01-Nov-2021 01:22:42.039 INFO [main] sun.reflect.DelegatingMethodAccessorImpl.invoke Server startup in [3397] milliseconds
