06-Nov-2021 12:20:22.285 SEVERE [http-nio-8080-exec-9] org.apache.catalina.core.StandardWrapperValve.invoke Servlet.service() for servlet [jsp] in context with path [/CRUDProductosG1] threw exception [/Productos/index.jsp (line: [38], column: [12]) The end tag "&lt;/c:forEach" is unbalanced] with root cause
	org.apache.jasper.JasperException: /Productos/index.jsp (line: [38], column: [12]) The end tag "&lt;/c:forEach" is unbalanced
		at org.apache.jasper.compiler.DefaultErrorHandler.jspError(DefaultErrorHandler.java:42)
		at org.apache.jasper.compiler.ErrorDispatcher.dispatch(ErrorDispatcher.java:292)
		at org.apache.jasper.compiler.ErrorDispatcher.jspError(ErrorDispatcher.java:98)
		at org.apache.jasper.compiler.Parser.checkUnbalancedEndTag(Parser.java:1600)
		at org.apache.jasper.compiler.Parser.parseElements(Parser.java:1465)
		at org.apache.jasper.compiler.Parser.parseBody(Parser.java:1677)
		at org.apache.jasper.compiler.Parser.parseOptionalBody(Parser.java:1010)
		at org.apache.jasper.compiler.Parser.parseCustomTag(Parser.java:1285)
		at org.apache.jasper.compiler.Parser.parseElements(Parser.java:1464)
		at org.apache.jasper.compiler.Parser.parseBody(Parser.java:1677)
		at org.apache.jasper.compiler.Parser.parseOptionalBody(Parser.java:1010)
		at org.apache.jasper.compiler.Parser.parseCustomTag(Parser.java:1285)
		at org.apache.jasper.compiler.Parser.parseElements(Parser.java:1464)
		at org.apache.jasper.compiler.Parser.parseBody(Parser.java:1677)
		at org.apache.jasper.compiler.Parser.parseOptionalBody(Parser.java:1010)
		at org.apache.jasper.compiler.Parser.parseCustomTag(Parser.java:1285)
		at org.apache.jasper.compiler.Parser.parseElements(Parser.java:1464)
		at org.apache.jasper.compiler.Parser.parseBody(Parser.java:1677)
		at org.apache.jasper.compiler.Parser.parseOptionalBody(Parser.java:1010)
		at org.apache.jasper.compiler.Parser.parseCustomTag(Parser.java:1285)
		at org.apache.jasper.compiler.Parser.parseElements(Parser.java:1464)
		at org.apache.jasper.compiler.Parser.parseBody(Parser.java:1677)
		at org.apache.jasper.compiler.Parser.parseOptionalBody(Parser.java:1010)
		at org.apache.jasper.compiler.Parser.parseCustomTag(Parser.java:1285)
		at org.apache.jasper.compiler.Parser.parseElements(Parser.java:1464)
		at org.apache.jasper.compiler.Parser.parseBody(Parser.java:1677)
		at org.apache.jasper.compiler.Parser.parseOptionalBody(Parser.java:1010)
		at org.apache.jasper.compiler.Parser.parseCustomTag(Parser.java:1285)
		at org.apache.jasper.compiler.Parser.parseElements(Parser.java:1464)
		at org.apache.jasper.compiler.Parser.parseBody(Parser.java:1677)
		at org.apache.jasper.compiler.Parser.parseOptionalBody(Parser.java:1010)
		at org.apache.jasper.compiler.Parser.parseCustomTag(Parser.java:1285)
		at org.apache.jasper.compiler.Parser.parseElements(Parser.java:1464)
		at org.apache.jasper.compiler.Parser.parse(Parser.java:138)
		at org.apache.jasper.compiler.ParserController.doParse(ParserController.java:244)
		at org.apache.jasper.compiler.ParserController.parse(ParserController.java:105)
		at org.apache.jasper.compiler.Compiler.generateJava(Compiler.java:206)
		at org.apache.jasper.compiler.Compiler.compile(Compiler.java:386)
		at org.apache.jasper.compiler.Compiler.compile(Compiler.java:362)
		at org.apache.jasper.compiler.Compiler.compile(Compiler.java:346)
		at org.apache.jasper.JspCompilationContext.compile(JspCompilationContext.java:603)
		at org.apache.jasper.servlet.JspServletWrapper.service(JspServletWrapper.java:400)
		at org.apache.jasper.servlet.JspServlet.serviceJspFile(JspServlet.java:379)
		at org.apache.jasper.servlet.JspServlet.service(JspServlet.java:327)
		at jakarta.servlet.http.HttpServlet.service(HttpServlet.java:770)
		at org.apache.catalina.core.ApplicationFilterChain.internalDoFilter(ApplicationFilterChain.java:223)
		at org.apache.catalina.core.ApplicationFilterChain.doFilter(ApplicationFilterChain.java:158)
		at org.apache.tomcat.websocket.server.WsFilter.doFilter(WsFilter.java:53)
		at org.apache.catalina.core.ApplicationFilterChain.internalDoFilter(ApplicationFilterChain.java:185)
		at org.apache.catalina.core.ApplicationFilterChain.doFilter(ApplicationFilterChain.java:158)
		at org.apache.catalina.core.StandardWrapperValve.invoke(StandardWrapperValve.java:202)
		at org.apache.catalina.core.StandardContextValve.invoke(StandardContextValve.java:97)
		at org.apache.tomee.catalina.OpenEJBValve.invoke(OpenEJBValve.java:45)
		at org.apache.catalina.authenticator.AuthenticatorBase.invoke(AuthenticatorBase.java:543)
		at org.apache.catalina.core.StandardHostValve.invoke(StandardHostValve.java:127)
		at org.apache.catalina.valves.ErrorReportValve.invoke(ErrorReportValve.java:92)
		at org.apache.tomee.catalina.OpenEJBSecurityListener$RequestCapturer.invoke(OpenEJBSecurityListener.java:97)
		at org.apache.catalina.valves.AbstractAccessLogValve.invoke(AbstractAccessLogValve.java:690)
		at org.apache.catalina.core.StandardEngineValve.invoke(StandardEngineValve.java:78)
		at org.apache.catalina.connector.CoyoteAdapter.service(CoyoteAdapter.java:353)
		at org.apache.coyote.http11.Http11Processor.service(Http11Processor.java:374)
		at org.apache.coyote.AbstractProcessorLight.process(AbstractProcessorLight.java:65)
		at org.apache.coyote.AbstractProtocol$ConnectionHandler.process(AbstractProtocol.java:870)
		at org.apache.tomcat.util.net.NioEndpoint$SocketProcessor.doRun(NioEndpoint.java:1696)
		at org.apache.tomcat.util.net.SocketProcessorBase.run(SocketProcessorBase.java:49)
		at java.util.concurrent.ThreadPoolExecutor.runWorker(ThreadPoolExecutor.java:1149)
		at java.util.concurrent.ThreadPoolExecutor$Worker.run(ThreadPoolExecutor.java:624)
		at org.apache.tomcat.util.threads.TaskThread$WrappingRunnable.run(TaskThread.java:61)
		at java.lang.Thread.run(Thread.java:748)
06-Nov-2021 12:27:39.944 SEVERE [http-nio-8080-exec-3] org.apache.catalina.core.StandardWrapperValve.invoke Servlet.service() for servlet [jsp] in context with path [/CRUDProductosG1] threw exception [/Productos/index.jsp (line: [38], column: [12]) The end tag "&lt;/c:forEach" is unbalanced] with root cause
	org.apache.jasper.JasperException: /Productos/index.jsp (line: [38], column: [12]) The end tag "&lt;/c:forEach" is unbalanced
		at org.apache.jasper.compiler.DefaultErrorHandler.jspError(DefaultErrorHandler.java:42)
		at org.apache.jasper.compiler.ErrorDispatcher.dispatch(ErrorDispatcher.java:292)
		at org.apache.jasper.compiler.ErrorDispatcher.jspError(ErrorDispatcher.java:98)
		at org.apache.jasper.compiler.Parser.checkUnbalancedEndTag(Parser.java:1600)
		at org.apache.jasper.compiler.Parser.parseElements(Parser.java:1465)
		at org.apache.jasper.compiler.Parser.parseBody(Parser.java:1677)
		at org.apache.jasper.compiler.Parser.parseOptionalBody(Parser.java:1010)
		at org.apache.jasper.compiler.Parser.parseCustomTag(Parser.java:1285)
		at org.apache.jasper.compiler.Parser.parseElements(Parser.java:1464)
		at org.apache.jasper.compiler.Parser.parseBody(Parser.java:1677)
		at org.apache.jasper.compiler.Parser.parseOptionalBody(Parser.java:1010)
		at org.apache.jasper.compiler.Parser.parseCustomTag(Parser.java:1285)
		at org.apache.jasper.compiler.Parser.parseElements(Parser.java:1464)
		at org.apache.jasper.compiler.Parser.parseBody(Parser.java:1677)
		at org.apache.jasper.compiler.Parser.parseOptionalBody(Parser.java:1010)
		at org.apache.jasper.compiler.Parser.parseCustomTag(Parser.java:1285)
		at org.apache.jasper.compiler.Parser.parseElements(Parser.java:1464)
		at org.apache.jasper.compiler.Parser.parseBody(Parser.java:1677)
		at org.apache.jasper.compiler.Parser.parseOptionalBody(Parser.java:1010)
		at org.apache.jasper.compiler.Parser.parseCustomTag(Parser.java:1285)
		at org.apache.jasper.compiler.Parser.parseElements(Parser.java:1464)
		at org.apache.jasper.compiler.Parser.parseBody(Parser.java:1677)
		at org.apache.jasper.compiler.Parser.parseOptionalBody(Parser.java:1010)
		at org.apache.jasper.compiler.Parser.parseCustomTag(Parser.java:1285)
		at org.apache.jasper.compiler.Parser.parseElements(Parser.java:1464)
		at org.apache.jasper.compiler.Parser.parseBody(Parser.java:1677)
		at org.apache.jasper.compiler.Parser.parseOptionalBody(Parser.java:1010)
		at org.apache.jasper.compiler.Parser.parseCustomTag(Parser.java:1285)
		at org.apache.jasper.compiler.Parser.parseElements(Parser.java:1464)
		at org.apache.jasper.compiler.Parser.parseBody(Parser.java:1677)
		at org.apache.jasper.compiler.Parser.parseOptionalBody(Parser.java:1010)
		at org.apache.jasper.compiler.Parser.parseCustomTag(Parser.java:1285)
		at org.apache.jasper.compiler.Parser.parseElements(Parser.java:1464)
		at org.apache.jasper.compiler.Parser.parse(Parser.java:138)
		at org.apache.jasper.compiler.ParserController.doParse(ParserController.java:244)
		at org.apache.jasper.compiler.ParserController.parse(ParserController.java:105)
		at org.apache.jasper.compiler.Compiler.generateJava(Compiler.java:206)
		at org.apache.jasper.compiler.Compiler.compile(Compiler.java:386)
		at org.apache.jasper.compiler.Compiler.compile(Compiler.java:362)
		at org.apache.jasper.compiler.Compiler.compile(Compiler.java:346)
		at org.apache.jasper.JspCompilationContext.compile(JspCompilationContext.java:603)
		at org.apache.jasper.servlet.JspServletWrapper.service(JspServletWrapper.java:400)
		at org.apache.jasper.servlet.JspServlet.serviceJspFile(JspServlet.java:379)
		at org.apache.jasper.servlet.JspServlet.service(JspServlet.java:327)
		at jakarta.servlet.http.HttpServlet.service(HttpServlet.java:770)
		at org.apache.catalina.core.ApplicationFilterChain.internalDoFilter(ApplicationFilterChain.java:223)
		at org.apache.catalina.core.ApplicationFilterChain.doFilter(ApplicationFilterChain.java:158)
		at org.apache.tomcat.websocket.server.WsFilter.doFilter(WsFilter.java:53)
		at org.apache.catalina.core.ApplicationFilterChain.internalDoFilter(ApplicationFilterChain.java:185)
		at org.apache.catalina.core.ApplicationFilterChain.doFilter(ApplicationFilterChain.java:158)
		at org.apache.catalina.core.StandardWrapperValve.invoke(StandardWrapperValve.java:202)
		at org.apache.catalina.core.StandardContextValve.invoke(StandardContextValve.java:97)
		at org.apache.tomee.catalina.OpenEJBValve.invoke(OpenEJBValve.java:45)
		at org.apache.catalina.authenticator.AuthenticatorBase.invoke(AuthenticatorBase.java:543)
		at org.apache.catalina.core.StandardHostValve.invoke(StandardHostValve.java:127)
		at org.apache.catalina.valves.ErrorReportValve.invoke(ErrorReportValve.java:92)
		at org.apache.tomee.catalina.OpenEJBSecurityListener$RequestCapturer.invoke(OpenEJBSecurityListener.java:97)
		at org.apache.catalina.valves.AbstractAccessLogValve.invoke(AbstractAccessLogValve.java:690)
		at org.apache.catalina.core.StandardEngineValve.invoke(StandardEngineValve.java:78)
		at org.apache.catalina.connector.CoyoteAdapter.service(CoyoteAdapter.java:353)
		at org.apache.coyote.http11.Http11Processor.service(Http11Processor.java:374)
		at org.apache.coyote.AbstractProcessorLight.process(AbstractProcessorLight.java:65)
		at org.apache.coyote.AbstractProtocol$ConnectionHandler.process(AbstractProtocol.java:870)
		at org.apache.tomcat.util.net.NioEndpoint$SocketProcessor.doRun(NioEndpoint.java:1696)
		at org.apache.tomcat.util.net.SocketProcessorBase.run(SocketProcessorBase.java:49)
		at java.util.concurrent.ThreadPoolExecutor.runWorker(ThreadPoolExecutor.java:1149)
		at java.util.concurrent.ThreadPoolExecutor$Worker.run(ThreadPoolExecutor.java:624)
		at org.apache.tomcat.util.threads.TaskThread$WrappingRunnable.run(TaskThread.java:61)
		at java.lang.Thread.run(Thread.java:748)
06-Nov-2021 12:28:03.464 SEVERE [http-nio-8080-exec-6] org.apache.catalina.core.StandardWrapperValve.invoke Servlet.service() for servlet [jsp] in context with path [/CRUDProductosG1] threw exception [/Productos/index.jsp (line: [38], column: [12]) The end tag "&lt;/c:forEach" is unbalanced] with root cause
	org.apache.jasper.JasperException: /Productos/index.jsp (line: [38], column: [12]) The end tag "&lt;/c:forEach" is unbalanced
		at org.apache.jasper.compiler.DefaultErrorHandler.jspError(DefaultErrorHandler.java:42)
		at org.apache.jasper.compiler.ErrorDispatcher.dispatch(ErrorDispatcher.java:292)
		at org.apache.jasper.compiler.ErrorDispatcher.jspError(ErrorDispatcher.java:98)
		at org.apache.jasper.compiler.Parser.checkUnbalancedEndTag(Parser.java:1600)
		at org.apache.jasper.compiler.Parser.parseElements(Parser.java:1465)
		at org.apache.jasper.compiler.Parser.parseBody(Parser.java:1677)
		at org.apache.jasper.compiler.Parser.parseOptionalBody(Parser.java:1010)
		at org.apache.jasper.compiler.Parser.parseCustomTag(Parser.java:1285)
		at org.apache.jasper.compiler.Parser.parseElements(Parser.java:1464)
		at org.apache.jasper.compiler.Parser.parseBody(Parser.java:1677)
		at org.apache.jasper.compiler.Parser.parseOptionalBody(Parser.java:1010)
		at org.apache.jasper.compiler.Parser.parseCustomTag(Parser.java:1285)
		at org.apache.jasper.compiler.Parser.parseElements(Parser.java:1464)
		at org.apache.jasper.compiler.Parser.parseBody(Parser.java:1677)
		at org.apache.jasper.compiler.Parser.parseOptionalBody(Parser.java:1010)
		at org.apache.jasper.compiler.Parser.parseCustomTag(Parser.java:1285)
		at org.apache.jasper.compiler.Parser.parseElements(Parser.java:1464)
		at org.apache.jasper.compiler.Parser.parseBody(Parser.java:1677)
		at org.apache.jasper.compiler.Parser.parseOptionalBody(Parser.java:1010)
		at org.apache.jasper.compiler.Parser.parseCustomTag(Parser.java:1285)
		at org.apache.jasper.compiler.Parser.parseElements(Parser.java:1464)
		at org.apache.jasper.compiler.Parser.parseBody(Parser.java:1677)
		at org.apache.jasper.compiler.Parser.parseOptionalBody(Parser.java:1010)
		at org.apache.jasper.compiler.Parser.parseCustomTag(Parser.java:1285)
		at org.apache.jasper.compiler.Parser.parseElements(Parser.java:1464)
		at org.apache.jasper.compiler.Parser.parseBody(Parser.java:1677)
		at org.apache.jasper.compiler.Parser.parseOptionalBody(Parser.java:1010)
		at org.apache.jasper.compiler.Parser.parseCustomTag(Parser.java:1285)
		at org.apache.jasper.compiler.Parser.parseElements(Parser.java:1464)
		at org.apache.jasper.compiler.Parser.parseBody(Parser.java:1677)
		at org.apache.jasper.compiler.Parser.parseOptionalBody(Parser.java:1010)
		at org.apache.jasper.compiler.Parser.parseCustomTag(Parser.java:1285)
		at org.apache.jasper.compiler.Parser.parseElements(Parser.java:1464)
		at org.apache.jasper.compiler.Parser.parse(Parser.java:138)
		at org.apache.jasper.compiler.ParserController.doParse(ParserController.java:244)
		at org.apache.jasper.compiler.ParserController.parse(ParserController.java:105)
		at org.apache.jasper.compiler.Compiler.generateJava(Compiler.java:206)
		at org.apache.jasper.compiler.Compiler.compile(Compiler.java:386)
		at org.apache.jasper.compiler.Compiler.compile(Compiler.java:362)
		at org.apache.jasper.compiler.Compiler.compile(Compiler.java:346)
		at org.apache.jasper.JspCompilationContext.compile(JspCompilationContext.java:603)
		at org.apache.jasper.servlet.JspServletWrapper.service(JspServletWrapper.java:400)
		at org.apache.jasper.servlet.JspServlet.serviceJspFile(JspServlet.java:379)
		at org.apache.jasper.servlet.JspServlet.service(JspServlet.java:327)
		at jakarta.servlet.http.HttpServlet.service(HttpServlet.java:770)
		at org.apache.catalina.core.ApplicationFilterChain.internalDoFilter(ApplicationFilterChain.java:223)
		at org.apache.catalina.core.ApplicationFilterChain.doFilter(ApplicationFilterChain.java:158)
		at org.apache.tomcat.websocket.server.WsFilter.doFilter(WsFilter.java:53)
		at org.apache.catalina.core.ApplicationFilterChain.internalDoFilter(ApplicationFilterChain.java:185)
		at org.apache.catalina.core.ApplicationFilterChain.doFilter(ApplicationFilterChain.java:158)
		at org.apache.catalina.core.StandardWrapperValve.invoke(StandardWrapperValve.java:202)
		at org.apache.catalina.core.StandardContextValve.invoke(StandardContextValve.java:97)
		at org.apache.tomee.catalina.OpenEJBValve.invoke(OpenEJBValve.java:45)
		at org.apache.catalina.authenticator.AuthenticatorBase.invoke(AuthenticatorBase.java:543)
		at org.apache.catalina.core.StandardHostValve.invoke(StandardHostValve.java:127)
		at org.apache.catalina.valves.ErrorReportValve.invoke(ErrorReportValve.java:92)
		at org.apache.tomee.catalina.OpenEJBSecurityListener$RequestCapturer.invoke(OpenEJBSecurityListener.java:97)
		at org.apache.catalina.valves.AbstractAccessLogValve.invoke(AbstractAccessLogValve.java:690)
		at org.apache.catalina.core.StandardEngineValve.invoke(StandardEngineValve.java:78)
		at org.apache.catalina.connector.CoyoteAdapter.service(CoyoteAdapter.java:353)
		at org.apache.coyote.http11.Http11Processor.service(Http11Processor.java:374)
		at org.apache.coyote.AbstractProcessorLight.process(AbstractProcessorLight.java:65)
		at org.apache.coyote.AbstractProtocol$ConnectionHandler.process(AbstractProtocol.java:870)
		at org.apache.tomcat.util.net.NioEndpoint$SocketProcessor.doRun(NioEndpoint.java:1696)
		at org.apache.tomcat.util.net.SocketProcessorBase.run(SocketProcessorBase.java:49)
		at java.util.concurrent.ThreadPoolExecutor.runWorker(ThreadPoolExecutor.java:1149)
		at java.util.concurrent.ThreadPoolExecutor$Worker.run(ThreadPoolExecutor.java:624)
		at org.apache.tomcat.util.threads.TaskThread$WrappingRunnable.run(TaskThread.java:61)
		at java.lang.Thread.run(Thread.java:748)
06-Nov-2021 12:36:02.646 SEVERE [http-nio-8080-exec-6] org.apache.catalina.core.StandardWrapperValve.invoke Servlet.service() for servlet [ProductosControler] in context with path [/CRUDProductosG1] threw exception
	java.lang.NullPointerException
		at modelo.ProductosDAO.listarProductos(ProductosDAO.java:35)
		at controlador.ProductosControler.processRequest(ProductosControler.java:56)
		at controlador.ProductosControler.doGet(ProductosControler.java:111)
		at jakarta.servlet.http.HttpServlet.service(HttpServlet.java:663)
		at jakarta.servlet.http.HttpServlet.service(HttpServlet.java:770)
		at org.apache.catalina.core.ApplicationFilterChain.internalDoFilter(ApplicationFilterChain.java:223)
		at org.apache.catalina.core.ApplicationFilterChain.doFilter(ApplicationFilterChain.java:158)
		at org.apache.tomcat.websocket.server.WsFilter.doFilter(WsFilter.java:53)
		at org.apache.catalina.core.ApplicationFilterChain.internalDoFilter(ApplicationFilterChain.java:185)
		at org.apache.catalina.core.ApplicationFilterChain.doFilter(ApplicationFilterChain.java:158)
		at org.apache.catalina.core.StandardWrapperValve.invoke(StandardWrapperValve.java:202)
		at org.apache.catalina.core.StandardContextValve.invoke(StandardContextValve.java:97)
		at org.apache.tomee.catalina.OpenEJBValve.invoke(OpenEJBValve.java:45)
		at org.apache.catalina.authenticator.AuthenticatorBase.invoke(AuthenticatorBase.java:543)
		at org.apache.catalina.core.StandardHostValve.invoke(StandardHostValve.java:127)
		at org.apache.catalina.valves.ErrorReportValve.invoke(ErrorReportValve.java:92)
		at org.apache.tomee.catalina.OpenEJBSecurityListener$RequestCapturer.invoke(OpenEJBSecurityListener.java:97)
		at org.apache.catalina.valves.AbstractAccessLogValve.invoke(AbstractAccessLogValve.java:690)
		at org.apache.catalina.core.StandardEngineValve.invoke(StandardEngineValve.java:78)
		at org.apache.catalina.connector.CoyoteAdapter.service(CoyoteAdapter.java:353)
		at org.apache.coyote.http11.Http11Processor.service(Http11Processor.java:374)
		at org.apache.coyote.AbstractProcessorLight.process(AbstractProcessorLight.java:65)
		at org.apache.coyote.AbstractProtocol$ConnectionHandler.process(AbstractProtocol.java:870)
		at org.apache.tomcat.util.net.NioEndpoint$SocketProcessor.doRun(NioEndpoint.java:1696)
		at org.apache.tomcat.util.net.SocketProcessorBase.run(SocketProcessorBase.java:49)
		at java.util.concurrent.ThreadPoolExecutor.runWorker(ThreadPoolExecutor.java:1149)
		at java.util.concurrent.ThreadPoolExecutor$Worker.run(ThreadPoolExecutor.java:624)
		at org.apache.tomcat.util.threads.TaskThread$WrappingRunnable.run(TaskThread.java:61)
		at java.lang.Thread.run(Thread.java:748)
06-Nov-2021 13:05:28.769 SEVERE [http-nio-8080-exec-2] org.apache.catalina.core.StandardWrapperValve.invoke Servlet.service() for servlet [ProductosControler] in context with path [/CRUDProductosG1] threw exception
	java.lang.NullPointerException
		at modelo.ProductosDAO.listarProductos(ProductosDAO.java:37)
		at controlador.ProductosControler.processRequest(ProductosControler.java:56)
		at controlador.ProductosControler.doGet(ProductosControler.java:111)
		at jakarta.servlet.http.HttpServlet.service(HttpServlet.java:663)
		at jakarta.servlet.http.HttpServlet.service(HttpServlet.java:770)
		at org.apache.catalina.core.ApplicationFilterChain.internalDoFilter(ApplicationFilterChain.java:223)
		at org.apache.catalina.core.ApplicationFilterChain.doFilter(ApplicationFilterChain.java:158)
		at org.apache.tomcat.websocket.server.WsFilter.doFilter(WsFilter.java:53)
		at org.apache.catalina.core.ApplicationFilterChain.internalDoFilter(ApplicationFilterChain.java:185)
		at org.apache.catalina.core.ApplicationFilterChain.doFilter(ApplicationFilterChain.java:158)
		at org.apache.catalina.core.StandardWrapperValve.invoke(StandardWrapperValve.java:202)
		at org.apache.catalina.core.StandardContextValve.invoke(StandardContextValve.java:97)
		at org.apache.tomee.catalina.OpenEJBValve.invoke(OpenEJBValve.java:45)
		at org.apache.tomee.catalina.OpenEJBValve.invoke(OpenEJBValve.java:45)
		at org.apache.catalina.authenticator.AuthenticatorBase.invoke(AuthenticatorBase.java:543)
		at org.apache.catalina.core.StandardHostValve.invoke(StandardHostValve.java:127)
		at org.apache.catalina.valves.ErrorReportValve.invoke(ErrorReportValve.java:92)
		at org.apache.tomee.catalina.OpenEJBSecurityListener$RequestCapturer.invoke(OpenEJBSecurityListener.java:97)
		at org.apache.catalina.valves.AbstractAccessLogValve.invoke(AbstractAccessLogValve.java:690)
		at org.apache.catalina.core.StandardEngineValve.invoke(StandardEngineValve.java:78)
		at org.apache.catalina.connector.CoyoteAdapter.service(CoyoteAdapter.java:353)
		at org.apache.coyote.http11.Http11Processor.service(Http11Processor.java:374)
		at org.apache.coyote.AbstractProcessorLight.process(AbstractProcessorLight.java:65)
		at org.apache.coyote.AbstractProtocol$ConnectionHandler.process(AbstractProtocol.java:870)
		at org.apache.tomcat.util.net.NioEndpoint$SocketProcessor.doRun(NioEndpoint.java:1696)
		at org.apache.tomcat.util.net.SocketProcessorBase.run(SocketProcessorBase.java:49)
		at java.util.concurrent.ThreadPoolExecutor.runWorker(ThreadPoolExecutor.java:1149)
		at java.util.concurrent.ThreadPoolExecutor$Worker.run(ThreadPoolExecutor.java:624)
		at org.apache.tomcat.util.threads.TaskThread$WrappingRunnable.run(TaskThread.java:61)
		at java.lang.Thread.run(Thread.java:748)
