This is pdfTeX, Version 3.141592653-2.6-1.40.22 (MiKTeX 21.6) (preloaded format=pdflatex 2021.6.11)  15 JUN 2021 23:08
entering extended mode
**./mainApuntes.tex
(mainApuntes.tex
LaTeX2e <2021-06-01>
L3 programming layer <2021-06-01>
(C:\Users\karen.reyes\AppData\Local\Programs\MiKTeX\tex/latex/base\article.cls
Document Class: article 2021/02/12 v1.4n Standard LaTeX document class
(C:\Users\karen.reyes\AppData\Local\Programs\MiKTeX\tex/latex/base\size11.clo
File: size11.clo 2021/02/12 v1.4n Standard LaTeX file (size option)
)
\c@part=\count182
\c@section=\count183
\c@subsection=\count184
\c@subsubsection=\count185
\c@paragraph=\count186
\c@subparagraph=\count187
\c@figure=\count188
\c@table=\count189
\abovecaptionskip=\skip47
\belowcaptionskip=\skip48
\bibindent=\dimen138
)
(C:\Users\karen.reyes\AppData\Local\Programs\MiKTeX\tex/latex/base\inputenc.sty
Package: inputenc 2021/02/14 v1.3d Input encoding file
\inpenc@prehook=\toks16
\inpenc@posthook=\toks17
)
(C:\Users\karen.reyes\AppData\Local\Programs\MiKTeX\tex/generic/babel\babel.sty
Package: babel 2021/06/02 3.60 The Babel package

(C:\Users\karen.reyes\AppData\Local\Programs\MiKTeX\tex/generic/babel\babel.def
File: babel.def 2021/06/02 3.60 Babel common definitions
\babel@savecnt=\count190
\U@D=\dimen139
\l@unhyphenated=\language79

(C:\Users\karen.reyes\AppData\Local\Programs\MiKTeX\tex/generic/babel\txtbabel.
def)
\bbl@readstream=\read2
)
\bbl@dirlevel=\count191

*************************************
* Local config file bblopts.cfg used
*

(C:\Users\karen.reyes\AppData\Local\Programs\MiKTeX\tex/latex/arabi\bblopts.cfg
File: bblopts.cfg 2005/09/08 v0.1 add Arabic and Farsi to "declared" options of
 babel
)
(C:\Users\karen.reyes\AppData\Local\Programs\MiKTeX\tex/latex/babel-spanish\spa
nish.ldf
Language: spanish.ldf 2021/05/27 v5.0q Spanish support from the babel system
\es@quottoks=\toks18
\es@quotdepth=\count192
Package babel Info: Making " an active character on input line 570.
Package babel Info: Making . an active character on input line 675.
Package babel Info: Making < an active character on input line 722.
Package babel Info: Making > an active character on input line 722.
))
(C:\Users\karen.reyes\AppData\Local\Programs\MiKTeX\tex/latex/base\makeidx.sty
Package: makeidx 2014/09/29 v1.0m Standard LaTeX package
)
(C:\Users\karen.reyes\AppData\Local\Programs\MiKTeX\tex/latex/multirow\multirow
.sty
Package: multirow 2021/03/15 v2.8 Span multiple rows of a table
\multirow@colwidth=\skip49
\multirow@cntb=\count193
\multirow@dima=\skip50
\bigstrutjot=\dimen140
)
(C:\Users\karen.reyes\AppData\Local\Programs\MiKTeX\tex/latex/tools\multicol.st
y
Package: multicol 2019/12/09 v1.8y multicolumn formatting (FMi)
\c@tracingmulticols=\count194
\mult@box=\box50
\multicol@leftmargin=\dimen141
\c@unbalance=\count195
\c@collectmore=\count196
\doublecol@number=\count197
\multicoltolerance=\count198
\multicolpretolerance=\count199
\full@width=\dimen142
\page@free=\dimen143
\premulticols=\dimen144
\postmulticols=\dimen145
\multicolsep=\skip51
\multicolbaselineskip=\skip52
\partial@page=\box51
\last@line=\box52
\maxbalancingoverflow=\dimen146
\mult@rightbox=\box53
\mult@grightbox=\box54
\mult@gfirstbox=\box55
\mult@firstbox=\box56
\@tempa=\box57
\@tempa=\box58
\@tempa=\box59
\@tempa=\box60
\@tempa=\box61
\@tempa=\box62
\@tempa=\box63
\@tempa=\box64
\@tempa=\box65
\@tempa=\box66
\@tempa=\box67
\@tempa=\box68
\@tempa=\box69
\@tempa=\box70
\@tempa=\box71
\@tempa=\box72
\@tempa=\box73
\@tempa=\box74
\@tempa=\box75
\@tempa=\box76
\@tempa=\box77
\@tempa=\box78
\@tempa=\box79
\@tempa=\box80
\@tempa=\box81
\@tempa=\box82
\@tempa=\box83
\@tempa=\box84
\@tempa=\box85
\@tempa=\box86
\@tempa=\box87
\@tempa=\box88
\@tempa=\box89
\@tempa=\box90
\@tempa=\box91
\@tempa=\box92
\@tempa=\box93
\c@minrows=\count266
\c@columnbadness=\count267
\c@finalcolumnbadness=\count268
\last@try=\dimen147
\multicolovershoot=\dimen148
\multicolundershoot=\dimen149
\mult@nat@firstbox=\box94
\colbreak@box=\box95
\mc@col@check@num=\count269
)
(C:\Users\karen.reyes\AppData\Local\Programs\MiKTeX\tex/latex/xcolor\xcolor.sty
Package: xcolor 2016/05/11 v2.12 LaTeX color extensions (UK)

(C:\Users\karen.reyes\AppData\Local\Programs\MiKTeX\tex/latex/graphics-cfg\colo
r.cfg
File: color.cfg 2016/01/02 v1.6 sample color configuration
)
Package xcolor Info: Driver file: pdftex.def on input line 225.

(C:\Users\karen.reyes\AppData\Local\Programs\MiKTeX\tex/latex/graphics-def\pdft
ex.def
File: pdftex.def 2020/10/05 v1.2a Graphics/color driver for pdftex
)
(C:\Users\karen.reyes\AppData\Local\Programs\MiKTeX\tex/latex/colortbl\colortbl
.sty
Package: colortbl 2020/01/04 v1.0e Color table columns (DPC)

(C:\Users\karen.reyes\AppData\Local\Programs\MiKTeX\tex/latex/tools\array.sty
Package: array 2021/04/20 v2.5e Tabular extension package (FMi)
\col@sep=\dimen150
\ar@mcellbox=\box96
\extrarowheight=\dimen151
\NC@list=\toks19
\extratabsurround=\skip53
\backup@length=\skip54
\ar@cellbox=\box97
)
\everycr=\toks20
\minrowclearance=\skip55
)
\rownum=\count270
Package xcolor Info: Model `cmy' substituted by `cmy0' on input line 1348.
Package xcolor Info: Model `hsb' substituted by `rgb' on input line 1352.
Package xcolor Info: Model `RGB' extended on input line 1364.
Package xcolor Info: Model `HTML' substituted by `rgb' on input line 1366.
Package xcolor Info: Model `Hsb' substituted by `hsb' on input line 1367.
Package xcolor Info: Model `tHsb' substituted by `hsb' on input line 1368.
Package xcolor Info: Model `HSB' substituted by `hsb' on input line 1369.
Package xcolor Info: Model `Gray' substituted by `gray' on input line 1370.
Package xcolor Info: Model `wave' substituted by `hsb' on input line 1371.

(C:\Users\karen.reyes\AppData\Local\Programs\MiKTeX\tex/latex/graphics\dvipsnam
.def
File: dvipsnam.def 2016/06/17 v3.0m Driver-dependent file (DPC,SPQR)
)
(C:\Users\karen.reyes\AppData\Local\Programs\MiKTeX\tex/latex/xcolor\svgnam.def
File: svgnam.def 2016/05/11 v2.12 Predefined colors according to SVG 1.1 (UK)
))
(C:\Users\karen.reyes\AppData\Local\Programs\MiKTeX\tex/latex/graphics\graphicx
.sty
Package: graphicx 2020/12/05 v1.2c Enhanced LaTeX Graphics (DPC,SPQR)

(C:\Users\karen.reyes\AppData\Local\Programs\MiKTeX\tex/latex/graphics\keyval.s
ty
Package: keyval 2014/10/28 v1.15 key=value parser (DPC)
\KV@toks@=\toks21
)
(C:\Users\karen.reyes\AppData\Local\Programs\MiKTeX\tex/latex/graphics\graphics
.sty
Package: graphics 2021/03/04 v1.4d Standard LaTeX Graphics (DPC,SPQR)

(C:\Users\karen.reyes\AppData\Local\Programs\MiKTeX\tex/latex/graphics\trig.sty
Package: trig 2016/01/03 v1.10 sin cos tan (DPC)
)
(C:\Users\karen.reyes\AppData\Local\Programs\MiKTeX\tex/latex/graphics-cfg\grap
hics.cfg
File: graphics.cfg 2016/06/04 v1.11 sample graphics configuration
)
Package graphics Info: Driver file: pdftex.def on input line 107.
)
\Gin@req@height=\dimen152
\Gin@req@width=\dimen153
)
(C:\Users\karen.reyes\AppData\Local\Programs\MiKTeX\tex/latex/float\float.sty
Package: float 2001/11/08 v1.3d Float enhancements (AL)
\c@float@type=\count271
\float@exts=\toks22
\float@box=\box98
\@float@everytoks=\toks23
\@floatcapt=\box99
)
(C:\Users\karen.reyes\AppData\Local\Programs\MiKTeX\tex/latex/epstopdf-pkg\epst
opdf.sty
Package: epstopdf 2020-01-24 v2.11 Conversion with epstopdf on the fly (HO)

(C:\Users\karen.reyes\AppData\Local\Programs\MiKTeX\tex/generic/infwarerr\infwa
rerr.sty
Package: infwarerr 2019/12/03 v1.5 Providing info/warning/error messages (HO)
)
(C:\Users\karen.reyes\AppData\Local\Programs\MiKTeX\tex/latex/grfext\grfext.sty
Package: grfext 2019/12/03 v1.3 Manage graphics extensions (HO)

(C:\Users\karen.reyes\AppData\Local\Programs\MiKTeX\tex/generic/kvdefinekeys\kv
definekeys.sty
Package: kvdefinekeys 2019-12-19 v1.6 Define keys (HO)
))
(C:\Users\karen.reyes\AppData\Local\Programs\MiKTeX\tex/latex/kvoptions\kvoptio
ns.sty
Package: kvoptions 2020-10-07 v3.14 Key value format for package options (HO)

(C:\Users\karen.reyes\AppData\Local\Programs\MiKTeX\tex/generic/ltxcmds\ltxcmds
.sty
Package: ltxcmds 2020-05-10 v1.25 LaTeX kernel commands for general use (HO)
)
(C:\Users\karen.reyes\AppData\Local\Programs\MiKTeX\tex/generic/kvsetkeys\kvset
keys.sty
Package: kvsetkeys 2019/12/15 v1.18 Key value parser (HO)
))
(C:\Users\karen.reyes\AppData\Local\Programs\MiKTeX\tex/generic/pdftexcmds\pdft
excmds.sty
Package: pdftexcmds 2020-06-27 v0.33 Utility functions of pdfTeX for LuaTeX (HO
)

(C:\Users\karen.reyes\AppData\Local\Programs\MiKTeX\tex/generic/iftex\iftex.sty
Package: iftex 2020/03/06 v1.0d TeX engine tests
)
Package pdftexcmds Info: \pdf@primitive is available.
Package pdftexcmds Info: \pdf@ifprimitive is available.
Package pdftexcmds Info: \pdfdraftmode found.
)
(C:\Users\karen.reyes\AppData\Local\Programs\MiKTeX\tex/latex/epstopdf-pkg\epst
opdf-base.sty
Package: epstopdf-base 2020-01-24 v2.11 Base part for package epstopdf
Package epstopdf-base Info: Redefining graphics rule for `.eps' on input line 4
85.
Package grfext Info: Graphics extension search list:
(grfext)             [.pdf,.png,.jpg,.mps,.jpeg,.jbig2,.jb2,.PDF,.PNG,.JPG,.JPE
G,.JBIG2,.JB2,.eps]
(grfext)             \AppendGraphicsExtensions on input line 504.

(C:\Users\karen.reyes\AppData\Local\Programs\MiKTeX\tex/latex/00miktex\epstopdf
-sys.cfg
File: epstopdf-sys.cfg 2021/03/18 v2.0 Configuration of epstopdf for MiKTeX
)))
(C:\Users\karen.reyes\AppData\Local\Programs\MiKTeX\tex/latex/ulem\ulem.sty
\UL@box=\box100
\UL@hyphenbox=\box101
\UL@skip=\skip56
\UL@hook=\toks24
\UL@height=\dimen154
\UL@pe=\count272
\UL@pixel=\dimen155
\ULC@box=\box102
Package: ulem 2019/11/18
\ULdepth=\dimen156
)
(C:\Users\karen.reyes\AppData\Local\Programs\MiKTeX\tex/latex/hyperref\hyperref
.sty
Package: hyperref 2021-06-05 v7.00l Hypertext links for LaTeX

(C:\Users\karen.reyes\AppData\Local\Programs\MiKTeX\tex/generic/pdfescape\pdfes
cape.sty
Package: pdfescape 2019/12/09 v1.15 Implements pdfTeX's escape features (HO)
)
(C:\Users\karen.reyes\AppData\Local\Programs\MiKTeX\tex/latex/hycolor\hycolor.s
ty
Package: hycolor 2020-01-27 v1.10 Color options for hyperref/bookmark (HO)
)
(C:\Users\karen.reyes\AppData\Local\Programs\MiKTeX\tex/latex/letltxmacro\letlt
xmacro.sty
Package: letltxmacro 2019/12/03 v1.6 Let assignment for LaTeX macros (HO)
)
(C:\Users\karen.reyes\AppData\Local\Programs\MiKTeX\tex/latex/auxhook\auxhook.s
ty
Package: auxhook 2019-12-17 v1.6 Hooks for auxiliary files (HO)
)
\@linkdim=\dimen157
\Hy@linkcounter=\count273
\Hy@pagecounter=\count274

(C:\Users\karen.reyes\AppData\Local\Programs\MiKTeX\tex/latex/hyperref\pd1enc.d
ef
File: pd1enc.def 2021-06-05 v7.00l Hyperref: PDFDocEncoding definition (HO)
Now handling font encoding PD1 ...
... no UTF-8 mapping file for font encoding PD1
)
(C:\Users\karen.reyes\AppData\Local\Programs\MiKTeX\tex/latex/hyperref\hyperref
-langpatches.def
File: hyperref-langpatches.def 2021-06-05 v7.00l Hyperref: patches for babel la
nguages
)
(C:\Users\karen.reyes\AppData\Local\Programs\MiKTeX\tex/generic/intcalc\intcalc
.sty
Package: intcalc 2019/12/15 v1.3 Expandable calculations with integers (HO)
)
(C:\Users\karen.reyes\AppData\Local\Programs\MiKTeX\tex/generic/etexcmds\etexcm
ds.sty
Package: etexcmds 2019/12/15 v1.7 Avoid name clashes with e-TeX commands (HO)
)
\Hy@SavedSpaceFactor=\count275

(C:\Users\karen.reyes\AppData\Local\Programs\MiKTeX\tex/latex/hyperref\puenc.de
f
File: puenc.def 2021-06-05 v7.00l Hyperref: PDF Unicode definition (HO)
Now handling font encoding PU ...
... no UTF-8 mapping file for font encoding PU
)
Package hyperref Info: Hyper figures OFF on input line 4192.
Package hyperref Info: Link nesting OFF on input line 4197.
Package hyperref Info: Hyper index ON on input line 4200.
Package hyperref Info: Plain pages OFF on input line 4207.
Package hyperref Info: Backreferencing OFF on input line 4212.
Package hyperref Info: Implicit mode ON; LaTeX internals redefined.
Package hyperref Info: Bookmarks ON on input line 4445.
\c@Hy@tempcnt=\count276
 (C:\Users\karen.reyes\AppData\Local\Programs\MiKTeX\tex/latex/url\url.sty
\Urlmuskip=\muskip16
Package: url 2013/09/16  ver 3.4  Verb mode for urls, etc.
)
LaTeX Info: Redefining \url on input line 4804.
\XeTeXLinkMargin=\dimen158

(C:\Users\karen.reyes\AppData\Local\Programs\MiKTeX\tex/generic/bitset\bitset.s
ty
Package: bitset 2019/12/09 v1.3 Handle bit-vector datatype (HO)

(C:\Users\karen.reyes\AppData\Local\Programs\MiKTeX\tex/generic/bigintcalc\bigi
ntcalc.sty
Package: bigintcalc 2019/12/15 v1.5 Expandable calculations on big integers (HO
)
))
\Fld@menulength=\count277
\Field@Width=\dimen159
\Fld@charsize=\dimen160
Package hyperref Info: Hyper figures OFF on input line 6076.
Package hyperref Info: Link nesting OFF on input line 6081.
Package hyperref Info: Hyper index ON on input line 6084.
Package hyperref Info: backreferencing OFF on input line 6091.
Package hyperref Info: Link coloring OFF on input line 6096.
Package hyperref Info: Link coloring with OCG OFF on input line 6101.
Package hyperref Info: PDF/A mode OFF on input line 6106.
LaTeX Info: Redefining \ref on input line 6146.
LaTeX Info: Redefining \pageref on input line 6150.

(C:\Users\karen.reyes\AppData\Local\Programs\MiKTeX\tex/latex/base\atbegshi-ltx
.sty
Package: atbegshi-ltx 2021/01/10 v1.0c Emulation of the original atbegshi
package with kernel methods
)
\Hy@abspage=\count278
\c@Item=\count279
\c@Hfootnote=\count280
)
Package hyperref Info: Driver (autodetected): hpdftex.

(C:\Users\karen.reyes\AppData\Local\Programs\MiKTeX\tex/latex/hyperref\hpdftex.
def
File: hpdftex.def 2021-06-05 v7.00l Hyperref driver for pdfTeX

(C:\Users\karen.reyes\AppData\Local\Programs\MiKTeX\tex/latex/base\atveryend-lt
x.sty
Package: atveryend-ltx 2020/08/19 v1.0a Emulation of the original atvery packag
e
with kernel methods
)
\Fld@listcount=\count281
\c@bookmark@seq@number=\count282

(C:\Users\karen.reyes\AppData\Local\Programs\MiKTeX\tex/latex/rerunfilecheck\re
runfilecheck.sty
Package: rerunfilecheck 2019/12/05 v1.9 Rerun checks for auxiliary files (HO)

(C:\Users\karen.reyes\AppData\Local\Programs\MiKTeX\tex/generic/uniquecounter\u
niquecounter.sty
Package: uniquecounter 2019/12/15 v1.4 Provide unlimited unique counter (HO)
)
Package uniquecounter Info: New unique counter `rerunfilecheck' on input line 2
86.
)
\Hy@SectionHShift=\skip57
)
(C:\Users\karen.reyes\AppData\Local\Programs\MiKTeX\tex/latex/amsmath\amsmath.s
ty
Package: amsmath 2021/04/20 v2.17j AMS math features
\@mathmargin=\skip58

For additional information on amsmath, use the `?' option.

(C:\Users\karen.reyes\AppData\Local\Programs\MiKTeX\tex/latex/amsmath\amstext.s
ty
Package: amstext 2000/06/29 v2.01 AMS text

(C:\Users\karen.reyes\AppData\Local\Programs\MiKTeX\tex/latex/amsmath\amsgen.st
y
File: amsgen.sty 1999/11/30 v2.0 generic functions
\@emptytoks=\toks25
\ex@=\dimen161
))
(C:\Users\karen.reyes\AppData\Local\Programs\MiKTeX\tex/latex/amsmath\amsbsy.st
y
Package: amsbsy 1999/11/29 v1.2d Bold Symbols
\pmbraise@=\dimen162
)
(C:\Users\karen.reyes\AppData\Local\Programs\MiKTeX\tex/latex/amsmath\amsopn.st
y
Package: amsopn 2016/03/08 v2.02 operator names
)
\inf@bad=\count283
LaTeX Info: Redefining \frac on input line 234.
\uproot@=\count284
\leftroot@=\count285
LaTeX Info: Redefining \overline on input line 399.
\classnum@=\count286
\DOTSCASE@=\count287
LaTeX Info: Redefining \ldots on input line 496.
LaTeX Info: Redefining \dots on input line 499.
LaTeX Info: Redefining \cdots on input line 620.
\Mathstrutbox@=\box103
\strutbox@=\box104
\big@size=\dimen163
LaTeX Font Info:    Redeclaring font encoding OML on input line 743.
LaTeX Font Info:    Redeclaring font encoding OMS on input line 744.
\macc@depth=\count288
\c@MaxMatrixCols=\count289
\dotsspace@=\muskip17
\c@parentequation=\count290
\dspbrk@lvl=\count291
\tag@help=\toks26
\row@=\count292
\column@=\count293
\maxfields@=\count294
\andhelp@=\toks27
\eqnshift@=\dimen164
\alignsep@=\dimen165
\tagshift@=\dimen166
\tagwidth@=\dimen167
\totwidth@=\dimen168
\lineht@=\dimen169
\@envbody=\toks28
\multlinegap=\skip59
\multlinetaggap=\skip60
\mathdisplay@stack=\toks29
LaTeX Info: Redefining \[ on input line 2923.
LaTeX Info: Redefining \] on input line 2924.
)
(C:\Users\karen.reyes\AppData\Local\Programs\MiKTeX\tex/latex/amsfonts\amssymb.
sty
Package: amssymb 2013/01/14 v3.01 AMS font symbols

(C:\Users\karen.reyes\AppData\Local\Programs\MiKTeX\tex/latex/amsfonts\amsfonts
.sty
Package: amsfonts 2013/01/14 v3.01 Basic AMSFonts support
\symAMSa=\mathgroup4
\symAMSb=\mathgroup5
LaTeX Font Info:    Redeclaring math symbol \hbar on input line 98.
LaTeX Font Info:    Overwriting math alphabet `\mathfrak' in version `bold'
(Font)                  U/euf/m/n --> U/euf/b/n on input line 106.
))
(C:\Users\karen.reyes\AppData\Local\Programs\MiKTeX\tex/latex/geometry\geometry
.sty
Package: geometry 2020/01/02 v5.9 Page Geometry

(C:\Users\karen.reyes\AppData\Local\Programs\MiKTeX\tex/generic/iftex\ifvtex.st
y
Package: ifvtex 2019/10/25 v1.7 ifvtex legacy package. Use iftex instead.
)
\Gm@cnth=\count295
\Gm@cntv=\count296
\c@Gm@tempcnt=\count297
\Gm@bindingoffset=\dimen170
\Gm@wd@mp=\dimen171
\Gm@odd@mp=\dimen172
\Gm@even@mp=\dimen173
\Gm@layoutwidth=\dimen174
\Gm@layoutheight=\dimen175
\Gm@layouthoffset=\dimen176
\Gm@layoutvoffset=\dimen177
\Gm@dimlist=\toks30

(C:\Users\karen.reyes\AppData\Local\Programs\MiKTeX\tex/latex/geometry\geometry
.cfg))
(C:\Users\karen.reyes\AppData\Local\Programs\MiKTeX\tex/latex/l3backend\l3backe
nd-pdftex.def
File: l3backend-pdftex.def 2021-05-07 L3 backend support: PDF output (pdfTeX)
\l__color_backend_stack_int=\count298
\l__pdf_internal_box=\box105
) (mainApuntes.aux
LaTeX Info: Redefining \. on input line 25.
LaTeX Info: Redefining \% on input line 25.
 (Clases/1.Diapositivas/ApuntesDiapositivas.aux) (Clases/2.Codigos/ApuntesCodig
os.aux))
\openout1 = `mainApuntes.aux'.

LaTeX Font Info:    Checking defaults for OML/cmm/m/it on input line 29.
LaTeX Font Info:    ... okay on input line 29.
LaTeX Font Info:    Checking defaults for OMS/cmsy/m/n on input line 29.
LaTeX Font Info:    ... okay on input line 29.
LaTeX Font Info:    Checking defaults for OT1/cmr/m/n on input line 29.
LaTeX Font Info:    ... okay on input line 29.
LaTeX Font Info:    Checking defaults for T1/cmr/m/n on input line 29.
LaTeX Font Info:    ... okay on input line 29.
LaTeX Font Info:    Checking defaults for TS1/cmr/m/n on input line 29.
LaTeX Font Info:    ... okay on input line 29.
LaTeX Font Info:    Checking defaults for OMX/cmex/m/n on input line 29.
LaTeX Font Info:    ... okay on input line 29.
LaTeX Font Info:    Checking defaults for U/cmr/m/n on input line 29.
LaTeX Font Info:    ... okay on input line 29.
LaTeX Font Info:    Checking defaults for PD1/pdf/m/n on input line 29.
LaTeX Font Info:    ... okay on input line 29.
LaTeX Font Info:    Checking defaults for PU/pdf/m/n on input line 29.
LaTeX Font Info:    ... okay on input line 29.
LaTeX Info: Redefining \. on input line 29.
LaTeX Info: Redefining \% on input line 29.

(C:\Users\karen.reyes\AppData\Local\Programs\MiKTeX\tex/context/base/mkii\supp-
pdf.mkii
[Loading MPS to PDF converter (version 2006.09.02).]
\scratchcounter=\count299
\scratchdimen=\dimen178
\scratchbox=\box106
\nofMPsegments=\count300
\nofMParguments=\count301
\everyMPshowfont=\toks31
\MPscratchCnt=\count302
\MPscratchDim=\dimen179
\MPnumerator=\count303
\makeMPintoPDFobject=\count304
\everyMPtoPDFconversion=\toks32
)
Package hyperref Info: Link coloring OFF on input line 29.

(C:\Users\karen.reyes\AppData\Local\Programs\MiKTeX\tex/latex/hyperref\nameref.
sty
Package: nameref 2021-04-02 v2.47 Cross-referencing by name of section

(C:\Users\karen.reyes\AppData\Local\Programs\MiKTeX\tex/latex/refcount\refcount
.sty
Package: refcount 2019/12/15 v3.6 Data extraction from label references (HO)
)
(C:\Users\karen.reyes\AppData\Local\Programs\MiKTeX\tex/generic/gettitlestring\
gettitlestring.sty
Package: gettitlestring 2019/12/15 v1.6 Cleanup title references (HO)
)
\c@section@level=\count305
)
LaTeX Info: Redefining \ref on input line 29.
LaTeX Info: Redefining \pageref on input line 29.
LaTeX Info: Redefining \nameref on input line 29.
 (mainApuntes.out) (mainApuntes.out)
\@outlinefile=\write3
\openout3 = `mainApuntes.out'.


*geometry* driver: auto-detecting
*geometry* detected driver: pdftex
*geometry* verbose mode - [ preamble ] result:
* driver: pdftex
* paper: custom
* layout: <same size as paper>
* layoutoffset:(h,v)=(0.0pt,0.0pt)
* modes: 
* h-part:(L,W,R)=(85.0pt, 442.0pt, 85.0pt)
* v-part:(T,H,B)=(70.0pt, 652.0pt, 70.0pt)
* \paperwidth=612.0pt
* \paperheight=792.0pt
* \textwidth=442.0pt
* \textheight=652.0pt
* \oddsidemargin=12.73001pt
* \evensidemargin=12.73001pt
* \topmargin=-39.26999pt
* \headheight=12.0pt
* \headsep=25.0pt
* \topskip=11.0pt
* \footskip=30.0pt
* \marginparwidth=59.0pt
* \marginparsep=10.0pt
* \columnsep=10.0pt
* \skip\footins=10.0pt plus 4.0pt minus 2.0pt
* \hoffset=0.0pt
* \voffset=0.0pt
* \mag=1000
* \@twocolumnfalse
* \@twosidefalse
* \@mparswitchfalse
* \@reversemarginfalse
* (1in=72.27pt=25.4mm, 1cm=28.453pt)

<imagenes//uaemex.jpg, id=231, 256.96pt x 197.73875pt>
File: imagenes//uaemex.jpg Graphic file (type jpg)
<use imagenes//uaemex.jpg>
Package pdftex.def Info: imagenes//uaemex.jpg  used on input line 35.
(pdftex.def)             Requested size: 179.87076pt x 138.41617pt.
! Undefined control sequence.
l.40 \HRule
            \\[0.2cm]
The control sequence at the end of the top line
of your error message was never \def'ed. If you have
misspelled it (e.g., `\hobx'), type `I' and the correct
spelling (e.g., `I\hbox'). Otherwise just continue,
and I'll forget about whatever was undefined.


! LaTeX Error: There's no line here to end.

See the LaTeX manual or LaTeX Companion for explanation.
Type  H <return>  for immediate help.
 ...                                              
                                                  
l.40 \HRule \\
              [0.2cm]
Your command was ignored.
Type  I <command> <return>  to replace it with another command,
or  <return>  to continue without it.

! Undefined control sequence.
l.41 {\Large \bfseries \ttitle
                              \par}\vspace{0.1cm}
The control sequence at the end of the top line
of your error message was never \def'ed. If you have
misspelled it (e.g., `\hobx'), type `I' and the correct
spelling (e.g., `I\hbox'). Otherwise just continue,
and I'll forget about whatever was undefined.

! Undefined control sequence.
l.42 \HRule
            \\[0.4cm]
The control sequence at the end of the top line
of your error message was never \def'ed. If you have
misspelled it (e.g., `\hobx'), type `I' and the correct
spelling (e.g., `I\hbox'). Otherwise just continue,
and I'll forget about whatever was undefined.


! LaTeX Error: There's no line here to end.

See the LaTeX manual or LaTeX Companion for explanation.
Type  H <return>  for immediate help.
 ...                                              
                                                  
l.42 \HRule \\
              [0.4cm]
Your command was ignored.
Type  I <command> <return>  to replace it with another command,
or  <return>  to continue without it.

! Undefined control sequence.
l.44 ...{{Ana Karen Reyes Monterrosas}{\authorname
                                                  } }\\
The control sequence at the end of the top line
of your error message was never \def'ed. If you have
misspelled it (e.g., `\hobx'), type `I' and the correct
spelling (e.g., `I\hbox'). Otherwise just continue,
and I'll forget about whatever was undefined.

! Undefined control sequence.
l.50 ...C. Laura Yadira Dominguez Jalili}{\supname
                                                  } }\\
The control sequence at the end of the top line
of your error message was never \def'ed. If you have
misspelled it (e.g., `\hobx'), type `I' and the correct
spelling (e.g., `I\hbox'). Otherwise just continue,
and I'll forget about whatever was undefined.

LaTeX Font Info:    Trying to load font information for U+msa on input line 53.

(C:\Users\karen.reyes\AppData\Local\Programs\MiKTeX\tex/latex/amsfonts\umsa.fd
File: umsa.fd 2013/01/14 v3.01 AMS symbols A
)
LaTeX Font Info:    Trying to load font information for U+msb on input line 53.

(C:\Users\karen.reyes\AppData\Local\Programs\MiKTeX\tex/latex/amsfonts\umsb.fd
File: umsb.fd 2013/01/14 v3.01 AMS symbols B
) [1

{C:/Users/karen.reyes/AppData/Local/MiKTeX/pdftex/config/pdftex.map} <./imagene
s//uaemex.jpg>] (mainApuntes.toc
LaTeX Info: Redefining \. on input line 1.
LaTeX Info: Redefining \% on input line 1.
pdfTeX warning (ext4): destination with the same identifier (name{page.1}) has 
been already used, duplicate ignored
<to be read again> 
                   \relax 
l.42 ...f {Peep-to-peer}}{26}{subsubsection.4.3.2}
                                                  % [1])
\tf@toc=\write4
\openout4 = `mainApuntes.toc'.


! Undefined control sequence.
l.71 \printbibliography
                       
The control sequence at the end of the top line
of your error message was never \def'ed. If you have
misspelled it (e.g., `\hobx'), type `I' and the correct
spelling (e.g., `I\hbox'). Otherwise just continue,
and I'll forget about whatever was undefined.

[2]
\openout2 = `Clases/1.Diapositivas/ApuntesDiapositivas.aux'.

 (Clases/1.Diapositivas/ApuntesDiapositivas.tex
<imagenes//1.jpg, id=309, 240.9pt x 151.3153pt>
File: imagenes//1.jpg Graphic file (type jpg)
<use imagenes//1.jpg>
Package pdftex.def Info: imagenes//1.jpg  used on input line 19.
(pdftex.def)             Requested size: 120.44969pt x 75.65746pt.
<imagenes//2.jpg, id=310, 205.5178pt x 117.43875pt>
File: imagenes//2.jpg Graphic file (type jpg)
<use imagenes//2.jpg>
Package pdftex.def Info: imagenes//2.jpg  used on input line 26.
(pdftex.def)             Requested size: 143.86148pt x 82.20654pt.
 [3

 <./imagenes//1.jpg> <./imagenes//2.jpg>]
<imagenes//3.jpg, id=315, 155.83218pt x 138.5175pt>
File: imagenes//3.jpg Graphic file (type jpg)
<use imagenes//3.jpg>
Package pdftex.def Info: imagenes//3.jpg  used on input line 58.
(pdftex.def)             Requested size: 155.8318pt x 138.51715pt.
 [4 <./imagenes//3.jpg>]
Underfull \hbox (badness 10000) in paragraph at lines 94--95

 []


Underfull \hbox (badness 10000) in paragraph at lines 96--97

 []


Underfull \hbox (badness 10000) in paragraph at lines 98--99

 []


Underfull \hbox (badness 10000) in paragraph at lines 100--101

 []


Underfull \hbox (badness 10000) in paragraph at lines 102--103

 []

[5]
<imagenes//4.jpg, id=325, 132.495pt x 76.03406pt>
File: imagenes//4.jpg Graphic file (type jpg)
<use imagenes//4.jpg>
Package pdftex.def Info: imagenes//4.jpg  used on input line 176.
(pdftex.def)             Requested size: 92.74585pt x 53.22346pt.
 [6 <./imagenes//4.jpg>]
<imagenes//5.jpg, id=331, 426.84468pt x 149.05687pt>
File: imagenes//5.jpg Graphic file (type jpg)
<use imagenes//5.jpg>
Package pdftex.def Info: imagenes//5.jpg  used on input line 223.
(pdftex.def)             Requested size: 426.84364pt x 149.0565pt.
 [7 <./imagenes//5.jpg>]
<imagenes//6.jpg, id=336, 417.05812pt x 219.06844pt>
File: imagenes//6.jpg Graphic file (type jpg)
<use imagenes//6.jpg>
Package pdftex.def Info: imagenes//6.jpg  used on input line 263.
(pdftex.def)             Requested size: 291.93869pt x 153.34685pt.
 [8 <./imagenes//6.jpg>]
<imagenes//7.jpg, id=341, 414.79968pt x 203.25937pt>
File: imagenes//7.jpg Graphic file (type jpg)
<use imagenes//7.jpg>
Package pdftex.def Info: imagenes//7.jpg  used on input line 303.
(pdftex.def)             Requested size: 290.3578pt x 142.28058pt.
<imagenes//8.jpg, id=342, 412.54124pt x 201.75375pt>
File: imagenes//8.jpg Graphic file (type jpg)
<use imagenes//8.jpg>
Package pdftex.def Info: imagenes//8.jpg  used on input line 334.
(pdftex.def)             Requested size: 288.7769pt x 141.22665pt.

[9 <./imagenes//7.jpg>]
<imagenes//9.jpg, id=347, 755.82375pt x 316.18124pt>
File: imagenes//9.jpg Graphic file (type jpg)
<use imagenes//9.jpg>
Package pdftex.def Info: imagenes//9.jpg  used on input line 347.
(pdftex.def)             Requested size: 377.91095pt x 158.09023pt.
 [10 <./imagenes//8.jpg> <./imagenes//9.jpg>]
<imagenes//10.jpg, id=354, 262.73157pt x 168.63pt>
File: imagenes//10.jpg Graphic file (type jpg)
<use imagenes//10.jpg>
Package pdftex.def Info: imagenes//10.jpg  used on input line 371.
(pdftex.def)             Requested size: 183.91083pt x 118.04018pt.
<imagenes//11.jpg, id=355, 261.97874pt x 136.25906pt>
File: imagenes//11.jpg Graphic file (type jpg)
<use imagenes//11.jpg>
Package pdftex.def Info: imagenes//11.jpg  used on input line 382.
(pdftex.def)             Requested size: 183.38387pt x 95.38068pt.
<imagenes//12.jpg, id=356, 306.39468pt x 98.61844pt>
File: imagenes//12.jpg Graphic file (type jpg)
<use imagenes//12.jpg>
Package pdftex.def Info: imagenes//12.jpg  used on input line 393.
(pdftex.def)             Requested size: 214.47481pt x 69.03241pt.


LaTeX Warning: `!h' float specifier changed to `!ht'.

[11 <./imagenes//10.jpg> <./imagenes//11.jpg>]
<imagenes//13.jpg, id=361, 495.35063pt x 275.52937pt>
File: imagenes//13.jpg Graphic file (type jpg)
<use imagenes//13.jpg>
Package pdftex.def Info: imagenes//13.jpg  used on input line 449.
(pdftex.def)             Requested size: 445.81145pt x 247.97412pt.

Overfull \hbox (3.81145pt too wide) in paragraph at lines 449--449
 [][] 
 []


LaTeX Warning: `!h' float specifier changed to `!ht'.

[12 <./imagenes//12.jpg>]
<imagenes//14.jpg, id=367, 557.08125pt x 350.30875pt>
File: imagenes//14.jpg Graphic file (type jpg)
<use imagenes//14.jpg>
Package pdftex.def Info: imagenes//14.jpg  used on input line 467.
(pdftex.def)             Requested size: 222.82855pt x 140.12102pt.
 [13 <./imagenes//13.jpg> <./imagenes//14.jpg>]
[14]
<imagenes//15.jpg, id=377, 242.9075pt x 208.78pt>
File: imagenes//15.jpg Graphic file (type jpg)
<use imagenes//15.jpg>
Package pdftex.def Info: imagenes//15.jpg  used on input line 527.
(pdftex.def)             Requested size: 72.8728pt x 62.63448pt.
<imagenes//16.jpg, id=378, 105.39375pt x 103.13531pt>
File: imagenes//16.jpg Graphic file (type jpg)
<use imagenes//16.jpg>
Package pdftex.def Info: imagenes//16.jpg  used on input line 533.
(pdftex.def)             Requested size: 73.7751pt x 72.1942pt.
<imagenes//17.jpg, id=379, 144.54pt x 92.59593pt>
File: imagenes//17.jpg Graphic file (type jpg)
<use imagenes//17.jpg>
Package pdftex.def Info: imagenes//17.jpg  used on input line 539.
(pdftex.def)             Requested size: 101.17729pt x 64.8167pt.
<imagenes//18.jpg, id=380, 602.25pt x 401.5pt>
File: imagenes//18.jpg Graphic file (type jpg)
<use imagenes//18.jpg>
Package pdftex.def Info: imagenes//18.jpg  used on input line 545.
(pdftex.def)             Requested size: 90.33359pt x 60.2224pt.
 [15 <./imagenes//15.jpg> <./imagenes//16.jpg> <./imagenes//17.jpg> <./imagenes
//18.jpg>]
<imagenes//19.jpg, id=385, 304.13625pt x 206.27063pt>
File: imagenes//19.jpg Graphic file (type jpg)
<use imagenes//19.jpg>
Package pdftex.def Info: imagenes//19.jpg  used on input line 555.
(pdftex.def)             Requested size: 212.8939pt x 144.38844pt.


! LaTeX Error: Something's wrong--perhaps a missing \item.

See the LaTeX manual or LaTeX Companion for explanation.
Type  H <return>  for immediate help.
 ...                                              
                                                  
l.569 \end{center}
                  
Try typing  <return>  to proceed.
If that doesn't work, type  X <return>  to quit.

[16 <./imagenes//19.jpg>]

! LaTeX Error: Something's wrong--perhaps a missing \item.

See the LaTeX manual or LaTeX Companion for explanation.
Type  H <return>  for immediate help.
 ...                                              
                                                  
l.583 \end{center}
                  
Try typing  <return>  to proceed.
If that doesn't work, type  X <return>  to quit.

[17]
<imagenes//20.jpg, id=394, 300.3722pt x 85.82062pt>
File: imagenes//20.jpg Graphic file (type jpg)
<use imagenes//20.jpg>
Package pdftex.def Info: imagenes//20.jpg  used on input line 655.
(pdftex.def)             Requested size: 300.37144pt x 85.82039pt.

Underfull \hbox (badness 10000) in paragraph at lines 658--659

 []

<imagenes//21.jpg, id=395, 321.45094pt x 114.4275pt>
File: imagenes//21.jpg Graphic file (type jpg)
<use imagenes//21.jpg>
Package pdftex.def Info: imagenes//21.jpg  used on input line 666.
(pdftex.def)             Requested size: 321.45015pt x 114.42722pt.
<imagenes//22.jpg, id=396, 318.43968pt x 101.62968pt>
File: imagenes//22.jpg Graphic file (type jpg)
<use imagenes//22.jpg>
Package pdftex.def Info: imagenes//22.jpg  used on input line 674.
(pdftex.def)             Requested size: 318.4389pt x 101.62943pt.

LaTeX Warning: `!h' float specifier changed to `!ht'.

[18 <./imagenes//20.jpg> <./imagenes//21.jpg>]
Underfull \hbox (badness 10000) in paragraph at lines 688--691

 []


Underfull \hbox (badness 10000) in paragraph at lines 693--695

 []


Overfull \hbox (3.89516pt too wide) in paragraph at lines 714--714
 []\OT1/cmr/bx/n/10.95 Bloqueados 
 []

[19 <./imagenes//22.jpg>]
Underfull \hbox (badness 10000) in paragraph at lines 844--845

 []

[20] [21]
Underfull \hbox (badness 10000) in paragraph at lines 1494--1495

 []

[22]
Underfull \hbox (badness 10000) in paragraph at lines 1552--1554

 []


Underfull \hbox (badness 10000) in paragraph at lines 1569--1571

 []


Underfull \hbox (badness 10000) in paragraph at lines 1576--1577

 []


Underfull \hbox (badness 10000) in paragraph at lines 1582--1583

 []


Underfull \hbox (badness 10000) in paragraph at lines 1588--1589

 []


Underfull \hbox (badness 10000) in paragraph at lines 1594--1595

 []


Underfull \hbox (badness 10000) in paragraph at lines 1600--1601

 []

[23]
Underfull \hbox (badness 10000) in paragraph at lines 1606--1607

 []

<imagenes//23.jpg, id=423, 587.19376pt x 294.34969pt>
File: imagenes//23.jpg Graphic file (type jpg)
<use imagenes//23.jpg>
Package pdftex.def Info: imagenes//23.jpg  used on input line 1610.
(pdftex.def)             Requested size: 411.03282pt x 206.04337pt.
[24 <./imagenes//23.jpg>]
<imagenes//24.jpg, id=429, 453.19313pt x 289.08pt>
File: imagenes//24.jpg Graphic file (type jpg)
<use imagenes//24.jpg>
Package pdftex.def Info: imagenes//24.jpg  used on input line 1620.
(pdftex.def)             Requested size: 317.23302pt x 202.35461pt.
 [25 <./imagenes//24.jpg>]
<imagenes//25.jpg, id=434, 503.38063pt x 185.19188pt>
File: imagenes//25.jpg Graphic file (type jpg)
<use imagenes//25.jpg>
Package pdftex.def Info: imagenes//25.jpg  used on input line 1637.
(pdftex.def)             Requested size: 402.70505pt x 148.15369pt.


! LaTeX Error: Something's wrong--perhaps a missing \item.

See the LaTeX manual or LaTeX Companion for explanation.
Type  H <return>  for immediate help.
 ...                                              
                                                  
l.1650 \end{center}
                   
Try typing  <return>  to proceed.
If that doesn't work, type  X <return>  to quit.

<imagenes//26.jpg, id=435, 243.91125pt x 143.03438pt>
File: imagenes//26.jpg Graphic file (type jpg)
<use imagenes//26.jpg>
Package pdftex.def Info: imagenes//26.jpg  used on input line 1670.
(pdftex.def)             Requested size: 170.7367pt x 100.12337pt.

LaTeX Warning: `!h' float specifier changed to `!ht'.


! LaTeX Error: Environment subfigure undefined.

See the LaTeX manual or LaTeX Companion for explanation.
Type  H <return>  for immediate help.
 ...                                              
                                                  
l.1676   \begin{subfigure}
                          
Your command was ignored.
Type  I <command> <return>  to replace it with another command,
or  <return>  to continue without it.

<imagenes//27.jpg, id=436, 143.78719pt x 163.3603pt>
File: imagenes//27.jpg Graphic file (type jpg)
<use imagenes//27.jpg>
Package pdftex.def Info: imagenes//27.jpg  used on input line 1677.
(pdftex.def)             Requested size: 86.27296pt x 98.01692pt.

! LaTeX Error: \begin{figure} on input line 1675 ended by \end{subfigure}.

See the LaTeX manual or LaTeX Companion for explanation.
Type  H <return>  for immediate help.
 ...                                              
                                                  
l.1678   \end{subfigure}
                        
Your command was ignored.
Type  I <command> <return>  to replace it with another command,
or  <return>  to continue without it.


! LaTeX Error: Environment subfigure undefined.

See the LaTeX manual or LaTeX Companion for explanation.
Type  H <return>  for immediate help.
 ...                                              
                                                  
l.1680   \begin{subfigure}
                          
Your command was ignored.
Type  I <command> <return>  to replace it with another command,
or  <return>  to continue without it.

<imagenes//28.jpg, id=437, 97.11281pt x 265.74281pt>
File: imagenes//28.jpg Graphic file (type jpg)
<use imagenes//28.jpg>
Package pdftex.def Info: imagenes//28.jpg  used on input line 1681.
(pdftex.def)             Requested size: 48.55627pt x 132.87108pt.

! LaTeX Error: \begin{figure} on input line 1675 ended by \end{subfigure}.

See the LaTeX manual or LaTeX Companion for explanation.
Type  H <return>  for immediate help.
 ...                                              
                                                  
l.1682   \end{subfigure}
                        
Your command was ignored.
Type  I <command> <return>  to replace it with another command,
or  <return>  to continue without it.


LaTeX Warning: `!h' float specifier changed to `!ht'.

[26 <./imagenes//25.jpg>]
<imagenes//29.jpg, id=443, 346.29375pt x 279.29344pt>
File: imagenes//29.jpg Graphic file (type jpg)
<use imagenes//29.jpg>
Package pdftex.def Info: imagenes//29.jpg  used on input line 1711.
(pdftex.def)             Requested size: 242.40396pt x 195.50407pt.


LaTeX Warning: `!h' float specifier changed to `!ht'.

[27 <./imagenes//26.jpg> <./imagenes//27.jpg> <./imagenes//28.jpg>]
<imagenes//30.jpg, id=448, 376.40625pt x 254.45062pt>
File: imagenes//30.jpg Graphic file (type jpg)
<use imagenes//30.jpg>
Package pdftex.def Info: imagenes//30.jpg  used on input line 1720.
(pdftex.def)             Requested size: 338.76248pt x 229.00343pt.
 [28 <./imagenes//29.jpg> <./imagenes//30.jpg>]
<imagenes//31.jpg, id=453, 388.45125pt x 207.02344pt>
File: imagenes//31.jpg Graphic file (type jpg)
<use imagenes//31.jpg>
Package pdftex.def Info: imagenes//31.jpg  used on input line 1743.
(pdftex.def)             Requested size: 271.914pt x 144.9154pt.
<imagenes//32.jpg, id=454, 340.27126pt x 170.13562pt>
File: imagenes//32.jpg Graphic file (type jpg)
<use imagenes//32.jpg>
Package pdftex.def Info: imagenes//32.jpg  used on input line 1769.
(pdftex.def)             Requested size: 238.18825pt x 119.0941pt.
 [29 <./imagenes//31.jpg>]
<imagenes//33.jpg, id=459, 271.0125pt x 216.81pt>
File: imagenes//33.jpg Graphic file (type jpg)
<use imagenes//33.jpg>
Package pdftex.def Info: imagenes//33.jpg  used on input line 1797.
(pdftex.def)             Requested size: 243.90898pt x 195.12718pt.


LaTeX Warning: `!h' float specifier changed to `!ht'.


Underfull \hbox (badness 10000) in paragraph at lines 1804--1805

 []

[30 <./imagenes//32.jpg>]
Underfull \hbox (badness 10000) in paragraph at lines 1829--1830

 []

[31 <./imagenes//33.jpg>]
<imagenes//34.jpg, id=469, 201.75375pt x 132.495pt>
File: imagenes//34.jpg Graphic file (type jpg)
<use imagenes//34.jpg>
Package pdftex.def Info: imagenes//34.jpg  used on input line 1837.
(pdftex.def)             Requested size: 201.75325pt x 132.49466pt.

Underfull \hbox (badness 10000) in paragraph at lines 1848--1849

 []

[32 <./imagenes//34.jpg>]
<imagenes//35.jpg, id=474, 310.91156pt x 124.21407pt>
File: imagenes//35.jpg Graphic file (type jpg)
<use imagenes//35.jpg>
Package pdftex.def Info: imagenes//35.jpg  used on input line 1886.
(pdftex.def)             Requested size: 279.8178pt x 111.79161pt.
<imagenes//36.jpg, id=475, 334.24875pt x 165.61874pt>
File: imagenes//36.jpg Graphic file (type jpg)
<use imagenes//36.jpg>
Package pdftex.def Info: imagenes//36.jpg  used on input line 1891.
(pdftex.def)             Requested size: 334.24792pt x 165.61833pt.

Underfull \hbox (badness 10000) in paragraph at lines 1902--1903

 []

[33 <./imagenes//35.jpg> <./imagenes//36.jpg>]) [34]
\openout2 = `Clases/2.Codigos/ApuntesCodigos.aux'.


(Clases/2.Codigos/ApuntesCodigos.tex [35



]
<imagenes//40.jpg, id=490, 168.63pt x 74.2775pt>
File: imagenes//40.jpg Graphic file (type jpg)
<use imagenes//40.jpg>
Package pdftex.def Info: imagenes//40.jpg  used on input line 69.
(pdftex.def)             Requested size: 252.94437pt x 111.41597pt.
 [36 <./imagenes//40.jpg>]
<imagenes//41.jpg, id=498, 169.63374pt x 103.88812pt>
File: imagenes//41.jpg Graphic file (type jpg)
<use imagenes//41.jpg>
Package pdftex.def Info: imagenes//41.jpg  used on input line 109.
(pdftex.def)             Requested size: 254.44997pt x 155.83179pt.
 [37 <./imagenes//41.jpg>] [38]
Overfull \hbox (52.38715pt too wide) in paragraph at lines 236--236
[]            \OT1/cmtt/m/n/10.95 Logger.getLogger(Calculadora.class.getName())
.log(Level.SEVERE, null, ex);[] 
 []

<imagenes//42.jpg, id=509, 511.9125pt x 299.1175pt>
File: imagenes//42.jpg Graphic file (type jpg)
<use imagenes//42.jpg>
Package pdftex.def Info: imagenes//42.jpg  used on input line 239.
(pdftex.def)             Requested size: 358.3363pt x 209.38081pt.

LaTeX Warning: `!h' float specifier changed to `!ht'.

[39] [40 <./imagenes//42.jpg>]
<imagenes//43.jpg, id=520, 139.52126pt x 77.79062pt>
File: imagenes//43.jpg Graphic file (type jpg)
<use imagenes//43.jpg>
Package pdftex.def Info: imagenes//43.jpg  used on input line 307.
(pdftex.def)             Requested size: 209.28136pt x 116.68562pt.
 [41 <./imagenes//43.jpg>] [42]
Overfull \hbox (75.3819pt too wide) in paragraph at lines 398--398
[]            \OT1/cmtt/m/n/10.95 Logger.getLogger(frasebolamagica.class.getNam
e()).log(Level.SEVERE, null, ex);[] 
 []

<imagenes//44.jpg, id=532, 533.49312pt x 299.61937pt>
File: imagenes//44.jpg Graphic file (type jpg)
<use imagenes//44.jpg>
Package pdftex.def Info: imagenes//44.jpg  used on input line 401.
(pdftex.def)             Requested size: 229.39757pt x 128.83382pt.
[43 <./imagenes//44.jpg>] [44] [45]
<imagenes//45.jpg, id=547, 157.08687pt x 106.89937pt>
File: imagenes//45.jpg Graphic file (type jpg)
<use imagenes//45.jpg>
Package pdftex.def Info: imagenes//45.jpg  used on input line 522.
(pdftex.def)             Requested size: 235.6297pt x 160.34863pt.
 [46 <./imagenes//45.jpg>] [47]
<imagenes//46.jpg, id=558, 152.06813pt x 123.46124pt>
File: imagenes//46.jpg Graphic file (type jpg)
<use imagenes//46.jpg>
Package pdftex.def Info: imagenes//46.jpg  used on input line 624.
(pdftex.def)             Requested size: 228.10162pt x 185.19138pt.


LaTeX Warning: `!h' float specifier changed to `!ht'.

[48]
Overfull \hbox (40.88977pt too wide) in paragraph at lines 708--708
[]            \OT1/cmtt/m/n/10.95 t = "";//para colocar los : en cada separacio
n y de inicio en poner cero[] 
 []

[49 <./imagenes//46.jpg>] [50]
<imagenes//47.jpg, id=574, 297.11pt x 201.75375pt>
File: imagenes//47.jpg Graphic file (type jpg)
<use imagenes//47.jpg>
Package pdftex.def Info: imagenes//47.jpg  used on input line 738.
(pdftex.def)             Requested size: 356.53021pt x 242.10327pt.
 [51 <./imagenes//47.jpg>] [52]
<imagenes//48.jpg, id=585, 176.66pt x 75.28125pt>
File: imagenes//48.jpg Graphic file (type jpg)
<use imagenes//48.jpg>
Package pdftex.def Info: imagenes//48.jpg  used on input line 809.
(pdftex.def)             Requested size: 264.98933pt x 112.92157pt.
 [53 <./imagenes//48.jpg>]
<imagenes//49.jpg, id=592, 161.60374pt x 54.70438pt>
File: imagenes//49.jpg Graphic file (type jpg)
<use imagenes//49.jpg>
Package pdftex.def Info: imagenes//49.jpg  used on input line 891.
(pdftex.def)             Requested size: 290.8865pt x 98.46776pt.


LaTeX Warning: `!h' float specifier changed to `!ht'.

[54]
Overfull \hbox (40.88977pt too wide) in paragraph at lines 928--928
[]                \OT1/cmtt/m/n/10.95 Logger.getLogger(Hilo1.class.getName()).l
og(Level.SEVERE, null, ex);[] 
 []

[55 <./imagenes//49.jpg>]
Overfull \hbox (40.88977pt too wide) in paragraph at lines 955--955
[]                \OT1/cmtt/m/n/10.95 Logger.getLogger(Hilo1.class.getName()).l
og(Level.SEVERE, null, ex);[] 
 []

[56]
<imagenes//50.jpg, id=608, 413.545pt x 264.99pt>
File: imagenes//50.jpg Graphic file (type jpg)
<use imagenes//50.jpg>
Package pdftex.def Info: imagenes//50.jpg  used on input line 997.
(pdftex.def)             Requested size: 289.4795pt x 185.49173pt.
 [57 <./imagenes//50.jpg>]
Overfull \hbox (58.13583pt too wide) in paragraph at lines 1047--1047
[]                \OT1/cmtt/m/n/10.95 System.out.println("La palabra "+palabra+
", se repite "+cont+" veces");[] 
 []

[58]
Overfull \hbox (46.63846pt too wide) in paragraph at lines 1063--1063
[]        \OT1/cmtt/m/n/10.95 Buscador b1 = new Buscador("data", "C:\\Users\\ka
ren\\Desktop\\ejemplo.txt");[] 
 []

<imagenes//51.jpg, id=619, 149.55875pt x 52.69687pt>
File: imagenes//51.jpg Graphic file (type jpg)
<use imagenes//51.jpg>
Package pdftex.def Info: imagenes//51.jpg  used on input line 1066.
(pdftex.def)             Requested size: 224.33757pt x 79.04509pt.
[59 <./imagenes//51.jpg>] [60]
<imagenes//52.jpg, id=631, 177.66376pt x 151.06438pt>
File: imagenes//52.jpg Graphic file (type jpg)
<use imagenes//52.jpg>
Package pdftex.def Info: imagenes//52.jpg  used on input line 1201.
(pdftex.def)             Requested size: 177.66331pt x 151.064pt.
 [61] [62 <./imagenes//52.jpg>]
Overfull \hbox (40.88977pt too wide) in paragraph at lines 1305--1305
[]            \OT1/cmtt/m/n/10.95 System.out.println("Error en la conexion de 
cliente" + ex.getMessage());[] 
 []

[63]
Overfull \hbox (29.3924pt too wide) in paragraph at lines 1305--1305
[]            \OT1/cmtt/m/n/10.95 Logger.getLogger(Cliente.class.getName()).log
(Level.SEVERE, null, ex);[] 
 []


Overfull \hbox (29.3924pt too wide) in paragraph at lines 1305--1305
[]            \OT1/cmtt/m/n/10.95 Logger.getLogger(Cliente.class.getName()).log
(Level.SEVERE, null, ex);[] 
 []

[64]
Overfull \hbox (35.14108pt too wide) in paragraph at lines 1363--1363
[]            \OT1/cmtt/m/n/10.95 Logger.getLogger(Servidor.class.getName()).lo
g(Level.SEVERE, null, ex);[] 
 []


Overfull \hbox (35.14108pt too wide) in paragraph at lines 1363--1363
[]            \OT1/cmtt/m/n/10.95 Logger.getLogger(Servidor.class.getName()).lo
g(Level.SEVERE, null, ex);[] 
 []

) [65] (mainApuntes.aux
LaTeX Info: Redefining \. on input line 25.
LaTeX Info: Redefining \% on input line 25.
 (Clases/1.Diapositivas/ApuntesDiapositivas.aux)
(Clases/2.Codigos/ApuntesCodigos.aux))
Package rerunfilecheck Info: File `mainApuntes.out' has not changed.
(rerunfilecheck)             Checksum: 19A8924020E30F989D6B350B3DD031ED;9802.
 ) 
Here is how much of TeX's memory you used:
 12394 strings out of 478864
 185077 string characters out of 2845816
 559659 words of memory out of 3000000
 29923 multiletter control sequences out of 15000+600000
 414073 words of font info for 68 fonts, out of 8000000 for 9000
 1141 hyphenation exceptions out of 8191
 60i,12n,66p,1026b,675s stack positions out of 5000i,500n,10000p,200000b,80000s
 <C:\Users\karen.reyes\AppData\Local\MiKTeX\fonts/pk/ljfour/jknappen/ec/dpi60
0\tcrm1095.pk><C:/Users/karen.reyes/AppData/Local/Programs/MiKTeX/fonts/type1/p
ublic/amsfonts/cm/cmbx10.pfb><C:/Users/karen.reyes/AppData/Local/Programs/MiKTe
X/fonts/type1/public/amsfonts/cm/cmbx12.pfb><C:/Users/karen.reyes/AppData/Local
/Programs/MiKTeX/fonts/type1/public/amsfonts/cm/cmbxti10.pfb><C:/Users/karen.re
yes/AppData/Local/Programs/MiKTeX/fonts/type1/public/amsfonts/cm/cmcsc10.pfb><C
:/Users/karen.reyes/AppData/Local/Programs/MiKTeX/fonts/type1/public/amsfonts/c
m/cmmi10.pfb><C:/Users/karen.reyes/AppData/Local/Programs/MiKTeX/fonts/type1/pu
blic/amsfonts/cm/cmr10.pfb><C:/Users/karen.reyes/AppData/Local/Programs/MiKTeX/
fonts/type1/public/amsfonts/cm/cmr12.pfb><C:/Users/karen.reyes/AppData/Local/Pr
ograms/MiKTeX/fonts/type1/public/amsfonts/cm/cmr17.pfb><C:/Users/karen.reyes/Ap
pData/Local/Programs/MiKTeX/fonts/type1/public/amsfonts/cm/cmtt10.pfb>
Output written on mainApuntes.pdf (66 pages, 4807241 bytes).
PDF statistics:
 728 PDF objects out of 1000 (max. 8388607)
 137 named destinations out of 1000 (max. 500000)
 707 words of extra memory for PDF output out of 10000 (max. 10000000)

