\BOOKMARK [2][-]{subsection.0.1}{\376\377\000I\000n\000t\000r\000o\000d\000u\000c\000c\000i\000\363\000n\000\040\000g\000e\000n\000e\000r\000a\000l\000\040\000d\000e\000\040\000l\000o\000s\000\040\000S\000i\000s\000t\000e\000m\000a\000s\000\040\000D\000i\000s\000t\000r\000i\000b\000u\000i\000d\000o\000s}{}% 1
\BOOKMARK [1][-]{section.1}{\376\377\000U\000n\000i\000d\000a\000d\000\040\000I\000.\000\040\000I\000n\000t\000r\000o\000d\000u\000c\000c\000i\000\363\000n\000\040\000a\000\040\000l\000a\000\040\000c\000o\000m\000p\000u\000t\000a\000c\000i\000\363\000n\000\040\000d\000i\000s\000t\000r\000i\000b\000u\000i\000d\000a\000.}{}% 2
\BOOKMARK [2][-]{subsection.1.1}{\376\377\000C\000a\000r\000a\000c\000t\000e\000r\000\355\000s\000t\000i\000c\000a\000s}{section.1}% 3
\BOOKMARK [2][-]{subsection.1.2}{\376\377\000T\000i\000p\000o\000s\000\040\000d\000e\000\040\000m\000o\000d\000e\000l\000o\000s\000\040\000d\000e\000\040\000s\000i\000s\000t\000e\000m\000a\000s}{section.1}% 4
\BOOKMARK [3][-]{subsubsection.1.2.1}{\376\377\000S\000I\000S\000D}{subsection.1.2}% 5
\BOOKMARK [3][-]{subsubsection.1.2.2}{\376\377\000S\000I\000M\000D}{subsection.1.2}% 6
\BOOKMARK [3][-]{subsubsection.1.2.3}{\376\377\000M\000I\000S\000D}{subsection.1.2}% 7
\BOOKMARK [3][-]{subsubsection.1.2.4}{\376\377\000M\000I\000M\000D}{subsection.1.2}% 8
\BOOKMARK [2][-]{subsection.1.3}{\376\377\000A\000c\000t\000i\000v\000i\000d\000a\000d\000\040\0001\000\040\000e\000n\000\040\000c\000l\000a\000s\000e}{section.1}% 9
\BOOKMARK [2][-]{subsection.1.4}{\376\377\000S\000i\000s\000t\000e\000m\000a\000s\000\040\000d\000e\000\040\000M\000e\000m\000o\000r\000i\000a\000\040\000C\000o\000m\000p\000a\000r\000t\000i\000d\000a}{section.1}% 10
\BOOKMARK [2][-]{subsection.1.5}{\376\377\000S\000i\000s\000t\000e\000m\000a\000s\000\040\000d\000e\000\040\000M\000e\000m\000o\000r\000i\000a\000\040\000D\000i\000s\000t\000r\000i\000b\000u\000i\000d\000a\000.}{section.1}% 11
\BOOKMARK [3][-]{subsubsection.1.5.1}{\376\377\000S\000i\000s\000t\000e\000m\000a\000s\000\040\000c\000o\000n\000\040\000m\000e\000m\000o\000r\000i\000a\000\040\000c\000o\000m\000p\000a\000r\000t\000i\000d\000a}{subsection.1.5}% 12
\BOOKMARK [3][-]{subsubsection.1.5.2}{\376\377\000S\000i\000s\000t\000e\000m\000a\000s\000\040\000c\000o\000n\000\040\000m\000e\000m\000o\000r\000i\000a\000\040\000d\000i\000s\000t\000r\000i\000b\000u\000i\000d\000a}{subsection.1.5}% 13
\BOOKMARK [2][-]{subsection.1.6}{\376\377\000T\000a\000x\000o\000n\000o\000m\000\355\000a\000\040\000d\000e\000\040\000l\000o\000s\000\040\000s\000i\000s\000t\000e\000m\000a\000s\000\040\000d\000i\000s\000t\000r\000i\000b\000u\000i\000d\000o\000s}{section.1}% 14
\BOOKMARK [1][-]{section.2}{\376\377\000R\000e\000d\000e\000s\000.}{}% 15
\BOOKMARK [2][-]{subsection.2.1}{\376\377\000A\000c\000t\000i\000v\000i\000d\000a\000d\000\040\0002\000\040\000e\000n\000\040\000c\000l\000a\000s\000e\000.}{section.2}% 16
\BOOKMARK [2][-]{subsection.2.2}{\376\377\000P\000r\000i\000n\000c\000i\000p\000a\000l\000e\000s\000\040\000c\000o\000m\000p\000o\000n\000e\000n\000t\000e\000s\000\040\000d\000e\000\040\000u\000n\000a\000\040\000r\000e\000d}{section.2}% 17
\BOOKMARK [2][-]{subsection.2.3}{\376\377\000M\000o\000d\000o\000s\000\040\000d\000e\000\040\000o\000p\000e\000r\000a\000c\000i\000\363\000n\000\040\000y\000\040\000c\000o\000n\000m\000u\000t\000a\000c\000i\000\363\000n}{section.2}% 18
\BOOKMARK [2][-]{subsection.2.4}{\376\377\000C\000o\000n\000m\000u\000t\000a\000c\000i\000\363\000n}{section.2}% 19
\BOOKMARK [2][-]{subsection.2.5}{\376\377\000T\000o\000p\000o\000l\000o\000g\000\355\000a\000\040\000d\000e\000\040\000r\000e\000d\000e\000s}{section.2}% 20
\BOOKMARK [2][-]{subsection.2.6}{\376\377\000E\000l\000\040\000p\000r\000o\000c\000e\000s\000a\000m\000i\000e\000n\000t\000o\000\040\000p\000a\000r\000a\000l\000e\000l\000o}{section.2}% 21
\BOOKMARK [2][-]{subsection.2.7}{\376\377\000C\000o\000n\000f\000i\000a\000b\000i\000d\000i\000l\000a\000d}{section.2}% 22
\BOOKMARK [2][-]{subsection.2.8}{\376\377\000V\000e\000l\000o\000c\000i\000d\000a\000d}{section.2}% 23
\BOOKMARK [2][-]{subsection.2.9}{\376\377\000E\000j\000e\000m\000p\000l\000o\000\040\000r\000e\000a\000l\000,\000\040\000a\000l\000u\000s\000i\000\363\000n\000\040\000a\000\040\000p\000a\000r\000a\000l\000e\000l\000i\000s\000m\000o}{section.2}% 24
\BOOKMARK [2][-]{subsection.2.10}{\376\377\000C\000o\000n\000f\000i\000g\000u\000r\000a\000c\000i\000o\000n\000e\000s\000\040\000T\000\355\000p\000i\000c\000a\000s\000\040\000d\000e\000\040\000m\000u\000l\000t\000i\000p\000r\000o\000c\000e\000s\000a\000m\000i\000e\000n\000t\000o}{section.2}% 25
\BOOKMARK [2][-]{subsection.2.11}{\376\377\000S\000i\000n\000c\000r\000o\000n\000i\000z\000a\000c\000i\000\363\000n}{section.2}% 26
\BOOKMARK [2][-]{subsection.2.12}{\376\377\000A\000c\000t\000i\000v\000i\000d\000a\000d\000\040\0003\000\040\000e\000n\000\040\000c\000l\000a\000s\000e\000.}{section.2}% 27
\BOOKMARK [1][-]{section.3}{\376\377\000M\000o\000d\000e\000l\000o\000\040\000O\000S\000I}{}% 28
\BOOKMARK [2][-]{subsection.3.1}{\376\377\000C\000a\000p\000a\000\040\0001\000\040\000F\000\355\000s\000i\000c\000a}{section.3}% 29
\BOOKMARK [2][-]{subsection.3.2}{\376\377\000C\000a\000p\000a\000\040\0002\000\040\000E\000n\000l\000a\000c\000e\000\040\000d\000e\000\040\000d\000a\000t\000o\000s}{section.3}% 30
\BOOKMARK [2][-]{subsection.3.3}{\376\377\000C\000a\000p\000a\000\040\0003\000\040\000R\000e\000d}{section.3}% 31
\BOOKMARK [2][-]{subsection.3.4}{\376\377\000C\000a\000p\000a\000\040\0004\000\040\000T\000r\000a\000n\000s\000p\000o\000r\000t\000e}{section.3}% 32
\BOOKMARK [2][-]{subsection.3.5}{\376\377\000C\000a\000p\000a\000\040\0005\000.\000\040\000S\000e\000s\000i\000\363\000n}{section.3}% 33
\BOOKMARK [2][-]{subsection.3.6}{\376\377\000C\000a\000p\000a\000\040\0006\000.\000\040\000P\000r\000e\000s\000e\000n\000t\000a\000c\000i\000\363\000n}{section.3}% 34
\BOOKMARK [2][-]{subsection.3.7}{\376\377\000C\000a\000p\000a\000\040\0007\000.\000\040\000A\000p\000l\000i\000c\000a\000c\000i\000\363\000n}{section.3}% 35
\BOOKMARK [1][-]{section.4}{\376\377\000M\000o\000d\000e\000l\000o\000\040\000T\000C\000P\000\040\000/\000\040\000I\000P}{}% 36
\BOOKMARK [2][-]{subsection.4.1}{\376\377\000A\000c\000t\000i\000v\000i\000d\000a\000d\000\040\0004\000\040\000e\000n\000\040\000c\000l\000a\000s\000e\000.}{section.4}% 37
\BOOKMARK [2][-]{subsection.4.2}{\376\377\000P\000r\000o\000t\000o\000c\000o\000l\000o\000s\000\040\000y\000\040\000p\000a\000q\000u\000e\000t\000e\000s}{section.4}% 38
\BOOKMARK [2][-]{subsection.4.3}{\376\377\000P\000a\000r\000a\000d\000i\000g\000m\000a\000s\000\040\000d\000e\000\040\000c\000\363\000m\000p\000u\000t\000o\000\040\000y\000\040\000c\000\363\000m\000o\000\040\000s\000e\000\040\000i\000n\000t\000e\000g\000r\000a\000n\000\040\000e\000n\000\040\000l\000o\000s\000\040\000m\000o\000d\000e\000l\000o\000s\000\040\000a\000r\000q\000u\000i\000t\000e\000c\000t\000\363\000n\000i\000c\000o\000s\000\040\000d\000e\000\040\000l\000o\000s\000\040\000s\000i\000s\000t\000e\000m\000a\000s\000\040\000d\000i\000s\000t\000r\000i\000b\000u\000i\000d\000o\000s\000.}{section.4}% 39
\BOOKMARK [3][-]{subsubsection.4.3.1}{\376\377\000M\000o\000d\000e\000l\000o\000\040\000C\000l\000i\000e\000n\000t\000e\000\040\000-\000\040\000S\000e\000r\000v\000i\000d\000o\000r}{subsection.4.3}% 40
\BOOKMARK [3][-]{subsubsection.4.3.2}{\376\377\000P\000e\000e\000p\000-\000t\000o\000-\000p\000e\000e\000r}{subsection.4.3}% 41
\BOOKMARK [3][-]{subsubsection.4.3.3}{\376\377\000G\000r\000i\000d}{subsection.4.3}% 42
\BOOKMARK [3][-]{subsubsection.4.3.4}{\376\377\000P\000r\000o\000x\000y\000\040}{subsection.4.3}% 43
\BOOKMARK [3][-]{subsubsection.4.3.5}{\376\377\000C\000l\000\372\000s\000t\000e\000r}{subsection.4.3}% 44
\BOOKMARK [3][-]{subsubsection.4.3.6}{\376\377\000A\000p\000p\000l\000e\000t\000s}{subsection.4.3}% 45
\BOOKMARK [2][-]{subsection.4.4}{\376\377\000A\000r\000q\000u\000i\000t\000e\000c\000t\000u\000r\000a\000\040\000d\000e\000\040\000c\000a\000p\000a\000s}{section.4}% 46
\BOOKMARK [2][-]{subsection.4.5}{\376\377\000S\000i\000s\000t\000e\000m\000a\000\040\000d\000i\000s\000t\000r\000i\000b\000u\000i\000d\000o\000\040\000s\000e\000\040\000c\000o\000n\000s\000t\000i\000t\000u\000y\000e\000\040\000p\000o\000r\000:}{section.4}% 47
\BOOKMARK [2][-]{subsection.4.6}{\376\377\000M\000i\000d\000d\000l\000e\000w\000a\000r\000e}{section.4}% 48
\BOOKMARK [2][-]{subsection.4.7}{\376\377\000C\000o\000r\000b\000a}{section.4}% 49
\BOOKMARK [1][-]{section.5}{\376\377\000C\000l\000a\000s\000e\000s\000\040\000p\000r\000\341\000c\000t\000i\000c\000a\000s}{}% 50
\BOOKMARK [2][-]{subsection.5.1}{\376\377\000A\000c\000t\000i\000v\000i\000d\000a\000d\000\040\0005\000\040\000e\000n\000\040\000c\000l\000a\000s\000e}{section.5}% 51
\BOOKMARK [2][-]{subsection.5.2}{\376\377\000A\000c\000t\000i\000v\000i\000d\000a\000d\000\040\0006\000\040\000e\000n\000\040\000c\000l\000a\000s\000e}{section.5}% 52
\BOOKMARK [2][-]{subsection.5.3}{\376\377\000A\000c\000t\000i\000v\000i\000d\000a\000d\000\040\0007\000\040\000e\000n\000\040\000c\000l\000a\000s\000e}{section.5}% 53
\BOOKMARK [2][-]{subsection.5.4}{\376\377\000A\000c\000t\000i\000v\000i\000d\000a\000d\000\040\0008\000\040\000e\000n\000\040\000c\000l\000a\000s\000e}{section.5}% 54
\BOOKMARK [2][-]{subsection.5.5}{\376\377\000A\000c\000t\000i\000v\000i\000d\000a\000d\000\040\0009\000\040\000\050\000T\000a\000r\000e\000a\000\051}{section.5}% 55
\BOOKMARK [2][-]{subsection.5.6}{\376\377\000A\000c\000t\000i\000v\000i\000d\000a\000d\000\040\0001\0000\000\040\000e\000n\000\040\000c\000l\000a\000s\000e}{section.5}% 56
\BOOKMARK [2][-]{subsection.5.7}{\376\377\000A\000c\000t\000i\000v\000i\000d\000a\000d\000\040\0001\0001\000\040\000e\000n\000\040\000c\000l\000a\000s\000e}{section.5}% 57
